<?xml version="1.0" encoding="UTF-8"?>
<!-- Generated by org.testng.reporters.JUnitReportReporter -->
<testsuite hostname="DESKTOP-4JORBA0" failures="0" tests="1" name="visionETLGP.ETLTest.ETL_Category" time="41.383" errors="0" timestamp="2024-06-04T13:13:34 IST" skipped="0">
  <testcase classname="visionETLGP.ETLTest.ETL_Category" name="ETL_CT_024" time="41.383"/>
</testsuite> <!-- visionETLGP.ETLTest.ETL_Category -->
