<?xml version="1.0" encoding="UTF-8"?>
<!-- Generated by org.testng.reporters.JUnitReportReporter -->
<testsuite hostname="DESKTOP-4JORBA0" failures="0" tests="1" name="visionRA.Test.VarianceFlagging" time="39.049" errors="0" timestamp="2024-02-23T13:47:30 IST" skipped="0">
  <testcase classname="visionRA.Test.VarianceFlagging" name="FG_CF_011" time="39.049"/>
</testsuite> <!-- visionRA.Test.VarianceFlagging -->
