<?xml version="1.0" encoding="UTF-8"?>
<!-- Generated by org.testng.reporters.JUnitReportReporter -->
<testsuite hostname="DESKTOP-4JORBA0" failures="0" tests="25" name="visionRA.Test.RA_TranslineConfig" time="5.116" errors="1" timestamp="2024-07-02T17:02:47 IST" skipped="24">
  <testcase classname="visionRA.Test.RA_TranslineConfig" name="setUp" time="5.107">
    <error message="no such window: target window already closed
from unknown error: web view not found
  (Session info: chrome=126.0.6478.56)
Build info: version: &#039;4.14.1&#039;, revision: &#039;03f8ede370&#039;
System info: os.name: &#039;Windows 10&#039;, os.arch: &#039;amd64&#039;, os.version: &#039;10.0&#039;, java.version: &#039;17.0.8.1&#039;
Driver info: org.openqa.selenium.chrome.ChromeDriver
Command: [fa335efc10fdc43f18081d8a62488d2c, maximizeCurrentWindow {}]
Capabilities {acceptInsecureCerts: false, browserName: chrome, browserVersion: 126.0.6478.56, chrome: {chromedriverVersion: 126.0.6478.126 (d36ace6122e..., userDataDir: C:\Users\Welcome\AppData\Lo...}, fedcm:accounts: true, goog:chromeOptions: {debuggerAddress: localhost:58898}, networkConnectionEnabled: false, pageLoadStrategy: normal, platformName: windows, proxy: Proxy(), se:cdp: ws://localhost:58898/devtoo..., se:cdpVersion: 126.0.6478.56, setWindowRect: true, strictFileInteractability: false, timeouts: {implicit: 0, pageLoad: 300000, script: 30000}, unhandledPromptBehavior: dismiss and notify, webauthn:extension:credBlob: true, webauthn:extension:largeBlob: true, webauthn:extension:minPinLength: true, webauthn:extension:prf: true, webauthn:virtualAuthenticators: true}
Session ID: fa335efc10fdc43f18081d8a62488d2c" type="org.openqa.selenium.NoSuchWindowException">
      <![CDATA[org.openqa.selenium.NoSuchWindowException: no such window: target window already closed
from unknown error: web view not found
  (Session info: chrome=126.0.6478.56)
Build info: version: '4.14.1', revision: '03f8ede370'
System info: os.name: 'Windows 10', os.arch: 'amd64', os.version: '10.0', java.version: '17.0.8.1'
Driver info: org.openqa.selenium.chrome.ChromeDriver
Command: [fa335efc10fdc43f18081d8a62488d2c, maximizeCurrentWindow {}]
Capabilities {acceptInsecureCerts: false, browserName: chrome, browserVersion: 126.0.6478.56, chrome: {chromedriverVersion: 126.0.6478.126 (d36ace6122e..., userDataDir: C:\Users\Welcome\AppData\Lo...}, fedcm:accounts: true, goog:chromeOptions: {debuggerAddress: localhost:58898}, networkConnectionEnabled: false, pageLoadStrategy: normal, platformName: windows, proxy: Proxy(), se:cdp: ws://localhost:58898/devtoo..., se:cdpVersion: 126.0.6478.56, setWindowRect: true, strictFileInteractability: false, timeouts: {implicit: 0, pageLoad: 300000, script: 30000}, unhandledPromptBehavior: dismiss and notify, webauthn:extension:credBlob: true, webauthn:extension:largeBlob: true, webauthn:extension:minPinLength: true, webauthn:extension:prf: true, webauthn:virtualAuthenticators: true}
Session ID: fa335efc10fdc43f18081d8a62488d2c
at java.base/jdk.internal.reflect.NativeConstructorAccessorImpl.newInstance0(Native Method)
at java.base/jdk.internal.reflect.NativeConstructorAccessorImpl.newInstance(NativeConstructorAccessorImpl.java:77)
at java.base/jdk.internal.reflect.DelegatingConstructorAccessorImpl.newInstance(DelegatingConstructorAccessorImpl.java:45)
at java.base/java.lang.reflect.Constructor.newInstanceWithCaller(Constructor.java:499)
at java.base/java.lang.reflect.Constructor.newInstance(Constructor.java:480)
at org.openqa.selenium.remote.codec.w3c.W3CHttpResponseCodec.createException(W3CHttpResponseCodec.java:200)
at org.openqa.selenium.remote.codec.w3c.W3CHttpResponseCodec.decode(W3CHttpResponseCodec.java:133)
at org.openqa.selenium.remote.codec.w3c.W3CHttpResponseCodec.decode(W3CHttpResponseCodec.java:52)
at org.openqa.selenium.remote.HttpCommandExecutor.execute(HttpCommandExecutor.java:191)
at org.openqa.selenium.remote.service.DriverCommandExecutor.invokeExecute(DriverCommandExecutor.java:200)
at org.openqa.selenium.remote.service.DriverCommandExecutor.execute(DriverCommandExecutor.java:175)
at org.openqa.selenium.remote.RemoteWebDriver.execute(RemoteWebDriver.java:602)
at org.openqa.selenium.remote.RemoteWebDriver.execute(RemoteWebDriver.java:675)
at org.openqa.selenium.remote.RemoteWebDriver.execute(RemoteWebDriver.java:679)
at org.openqa.selenium.remote.RemoteWebDriver$RemoteWebDriverOptions$RemoteWindow.maximize(RemoteWebDriver.java:1073)
at visionRA.Test.RA_TranslineConfig.setUp(RA_TranslineConfig.java:44)
at java.base/jdk.internal.reflect.NativeMethodAccessorImpl.invoke0(Native Method)
at java.base/jdk.internal.reflect.NativeMethodAccessorImpl.invoke(NativeMethodAccessorImpl.java:77)
at java.base/jdk.internal.reflect.DelegatingMethodAccessorImpl.invoke(DelegatingMethodAccessorImpl.java:43)
at java.base/java.lang.reflect.Method.invoke(Method.java:568)
at org.testng.internal.invokers.MethodInvocationHelper.invokeMethod(MethodInvocationHelper.java:139)
at org.testng.internal.invokers.MethodInvocationHelper.invokeMethodConsideringTimeout(MethodInvocationHelper.java:69)
at org.testng.internal.invokers.ConfigInvoker.invokeConfigurationMethod(ConfigInvoker.java:390)
at org.testng.internal.invokers.ConfigInvoker.invokeConfigurations(ConfigInvoker.java:325)
at org.testng.internal.invokers.TestInvoker.runConfigMethods(TestInvoker.java:810)
at org.testng.internal.invokers.TestInvoker.invokeMethod(TestInvoker.java:577)
at org.testng.internal.invokers.TestInvoker.invokeTestMethod(TestInvoker.java:227)
at org.testng.internal.invokers.MethodRunner.runInSequence(MethodRunner.java:50)
at org.testng.internal.invokers.TestInvoker$MethodInvocationAgent.invoke(TestInvoker.java:957)
at org.testng.internal.invokers.TestInvoker.invokeTestMethods(TestInvoker.java:200)
at org.testng.internal.invokers.TestMethodWorker.invokeTestMethods(TestMethodWorker.java:148)
at org.testng.internal.invokers.TestMethodWorker.run(TestMethodWorker.java:128)
at java.base/java.util.ArrayList.forEach(ArrayList.java:1511)
at org.testng.TestRunner.privateRun(TestRunner.java:848)
at org.testng.TestRunner.run(TestRunner.java:621)
at org.testng.SuiteRunner.runTest(SuiteRunner.java:443)
at org.testng.SuiteRunner.runSequentially(SuiteRunner.java:437)
at org.testng.SuiteRunner.privateRun(SuiteRunner.java:397)
at org.testng.SuiteRunner.run(SuiteRunner.java:336)
at org.testng.SuiteRunnerWorker.runSuite(SuiteRunnerWorker.java:52)
at org.testng.SuiteRunnerWorker.run(SuiteRunnerWorker.java:95)
at org.testng.TestNG.runSuitesSequentially(TestNG.java:1280)
at org.testng.TestNG.runSuitesLocally(TestNG.java:1200)
at org.testng.TestNG.runSuites(TestNG.java:1114)
at org.testng.TestNG.run(TestNG.java:1082)
at org.testng.remote.AbstractRemoteTestNG.run(AbstractRemoteTestNG.java:115)
at org.testng.remote.RemoteTestNG.initAndRun(RemoteTestNG.java:251)
at org.testng.remote.RemoteTestNG.main(RemoteTestNG.java:77)
]]>
    </error>
  </testcase> <!-- setUp -->
  <testcase classname="visionRA.Test.RA_TranslineConfig" name="VAT_TAS_DC_001" time="0.001">
    <skipped/>
  </testcase> <!-- VAT_TAS_DC_001 -->
  <testcase classname="visionRA.Test.RA_TranslineConfig" name="VAT_TAS_DC_002" time="0.000">
    <skipped/>
  </testcase> <!-- VAT_TAS_DC_002 -->
  <testcase classname="visionRA.Test.RA_TranslineConfig" name="VAT_TAS_DC_003" time="0.000">
    <skipped/>
  </testcase> <!-- VAT_TAS_DC_003 -->
  <testcase classname="visionRA.Test.RA_TranslineConfig" name="VAT_TAS_DC_004" time="0.000">
    <skipped/>
  </testcase> <!-- VAT_TAS_DC_004 -->
  <testcase classname="visionRA.Test.RA_TranslineConfig" name="VAT_TAS_DC_005" time="0.000">
    <skipped/>
  </testcase> <!-- VAT_TAS_DC_005 -->
  <testcase classname="visionRA.Test.RA_TranslineConfig" name="VAT_TAS_DC_006" time="0.000">
    <skipped/>
  </testcase> <!-- VAT_TAS_DC_006 -->
  <testcase classname="visionRA.Test.RA_TranslineConfig" name="VAT_TAS_DC_008" time="0.002">
    <skipped/>
  </testcase> <!-- VAT_TAS_DC_008 -->
  <testcase classname="visionRA.Test.RA_TranslineConfig" name="VAT_TAS_DC_009" time="0.000">
    <skipped/>
  </testcase> <!-- VAT_TAS_DC_009 -->
  <testcase classname="visionRA.Test.RA_TranslineConfig" name="VAT_TAS_DC_010" time="0.000">
    <skipped/>
  </testcase> <!-- VAT_TAS_DC_010 -->
  <testcase classname="visionRA.Test.RA_TranslineConfig" name="VAT_TAS_DC_011" time="0.000">
    <skipped/>
  </testcase> <!-- VAT_TAS_DC_011 -->
  <testcase classname="visionRA.Test.RA_TranslineConfig" name="VAT_TAS_DC_012" time="0.000">
    <skipped/>
  </testcase> <!-- VAT_TAS_DC_012 -->
  <testcase classname="visionRA.Test.RA_TranslineConfig" name="VAT_TAS_DC_013" time="0.000">
    <skipped/>
  </testcase> <!-- VAT_TAS_DC_013 -->
  <testcase classname="visionRA.Test.RA_TranslineConfig" name="VAT_TAS_DC_015" time="0.000">
    <skipped/>
  </testcase> <!-- VAT_TAS_DC_015 -->
  <testcase classname="visionRA.Test.RA_TranslineConfig" name="VAT_TAS_DC_016" time="0.000">
    <skipped/>
  </testcase> <!-- VAT_TAS_DC_016 -->
  <testcase classname="visionRA.Test.RA_TranslineConfig" name="VAT_TAS_DC_017" time="0.000">
    <skipped/>
  </testcase> <!-- VAT_TAS_DC_017 -->
  <testcase classname="visionRA.Test.RA_TranslineConfig" name="VAT_TAS_DC_019" time="0.000">
    <skipped/>
  </testcase> <!-- VAT_TAS_DC_019 -->
  <testcase classname="visionRA.Test.RA_TranslineConfig" name="VAT_TAS_DC_023" time="0.001">
    <skipped/>
  </testcase> <!-- VAT_TAS_DC_023 -->
  <testcase classname="visionRA.Test.RA_TranslineConfig" name="VAT_TAS_DC_026" time="0.000">
    <skipped/>
  </testcase> <!-- VAT_TAS_DC_026 -->
  <testcase classname="visionRA.Test.RA_TranslineConfig" name="VAT_TAS_DC_007" time="0.000">
    <skipped/>
  </testcase> <!-- VAT_TAS_DC_007 -->
  <testcase classname="visionRA.Test.RA_TranslineConfig" name="VAT_TAS_DC_024" time="0.001">
    <skipped/>
  </testcase> <!-- VAT_TAS_DC_024 -->
  <testcase classname="visionRA.Test.RA_TranslineConfig" name="VAT_TAS_DC_025" time="0.000">
    <skipped/>
  </testcase> <!-- VAT_TAS_DC_025 -->
  <testcase classname="visionRA.Test.RA_TranslineConfig" name="VAT_TAS_DC_028" time="0.001">
    <skipped/>
  </testcase> <!-- VAT_TAS_DC_028 -->
  <testcase classname="visionRA.Test.RA_TranslineConfig" name="VAT_TAS_DC_029" time="0.000">
    <skipped/>
  </testcase> <!-- VAT_TAS_DC_029 -->
  <testcase classname="visionRA.Test.RA_TranslineConfig" name="VAT_TAS_DC_031" time="0.003">
    <skipped/>
  </testcase> <!-- VAT_TAS_DC_031 -->
</testsuite> <!-- visionRA.Test.RA_TranslineConfig -->
