<?xml version="1.0" encoding="UTF-8"?>
<!-- Generated by org.testng.reporters.JUnitReportReporter -->
<testsuite hostname="DESKTOP-4JORBA0" failures="0" tests="24" name="visionRA.Test.RA_TranslineConfig" time="1614.416" errors="0" timestamp="2024-08-06T19:42:41 IST" skipped="0">
  <testcase classname="visionRA.Test.RA_TranslineConfig" name="VAT_TAS_DC_001" time="35.906"/>
  <system-out/>
  <testcase classname="visionRA.Test.RA_TranslineConfig" name="VAT_TAS_DC_002" time="77.672"/>
  <system-out/>
  <testcase classname="visionRA.Test.RA_TranslineConfig" name="VAT_TAS_DC_003" time="45.688"/>
  <system-out/>
  <testcase classname="visionRA.Test.RA_TranslineConfig" name="VAT_TAS_DC_004" time="47.200"/>
  <system-out/>
  <testcase classname="visionRA.Test.RA_TranslineConfig" name="VAT_TAS_DC_005" time="40.506"/>
  <system-out/>
  <testcase classname="visionRA.Test.RA_TranslineConfig" name="VAT_TAS_DC_006" time="46.712"/>
  <system-out/>
  <testcase classname="visionRA.Test.RA_TranslineConfig" name="VAT_TAS_DC_008" time="50.037"/>
  <system-out/>
  <testcase classname="visionRA.Test.RA_TranslineConfig" name="VAT_TAS_DC_009" time="48.842"/>
  <system-out/>
  <testcase classname="visionRA.Test.RA_TranslineConfig" name="VAT_TAS_DC_010" time="61.191"/>
  <system-out/>
  <testcase classname="visionRA.Test.RA_TranslineConfig" name="VAT_TAS_DC_011" time="67.876"/>
  <system-out/>
  <testcase classname="visionRA.Test.RA_TranslineConfig" name="VAT_TAS_DC_012" time="56.041"/>
  <system-out/>
  <testcase classname="visionRA.Test.RA_TranslineConfig" name="VAT_TAS_DC_013" time="42.731"/>
  <system-out/>
  <testcase classname="visionRA.Test.RA_TranslineConfig" name="VAT_TAS_DC_015" time="90.708"/>
  <system-out/>
  <testcase classname="visionRA.Test.RA_TranslineConfig" name="VAT_TAS_DC_016" time="93.723"/>
  <system-out/>
  <testcase classname="visionRA.Test.RA_TranslineConfig" name="VAT_TAS_DC_017" time="101.646"/>
  <system-out/>
  <testcase classname="visionRA.Test.RA_TranslineConfig" name="VAT_TAS_DC_019" time="67.363"/>
  <system-out/>
  <testcase classname="visionRA.Test.RA_TranslineConfig" name="VAT_TAS_DC_023" time="52.578"/>
  <system-out/>
  <testcase classname="visionRA.Test.RA_TranslineConfig" name="VAT_TAS_DC_026" time="116.022"/>
  <system-out/>
  <testcase classname="visionRA.Test.RA_TranslineConfig" name="VAT_TAS_DC_007" time="50.930"/>
  <system-out/>
  <testcase classname="visionRA.Test.RA_TranslineConfig" name="VAT_TAS_DC_024" time="104.021"/>
  <system-out/>
  <testcase classname="visionRA.Test.RA_TranslineConfig" name="VAT_TAS_DC_025" time="86.507"/>
  <system-out/>
  <testcase classname="visionRA.Test.RA_TranslineConfig" name="VAT_TAS_DC_028" time="57.299"/>
  <system-out/>
  <testcase classname="visionRA.Test.RA_TranslineConfig" name="VAT_TAS_DC_029" time="121.240"/>
  <system-out/>
  <testcase classname="visionRA.Test.RA_TranslineConfig" name="VAT_TAS_DC_031" time="51.977"/>
  <system-out/>
</testsuite> <!-- visionRA.Test.RA_TranslineConfig -->
