<?xml version="1.0" encoding="UTF-8"?>
<!-- Generated by org.testng.reporters.JUnitReportReporter -->
<testsuite hostname="DESKTOP-4JORBA0" failures="0" tests="1" name="visionETL.Test.ETLConnector" time="9.693" errors="0" timestamp="2024-08-12T18:35:59 IST" skipped="0">
  <testcase classname="visionETL.Test.ETLConnector" name="ETL_CC_001" time="9.693"/>
  <system-out/>
</testsuite> <!-- visionETL.Test.ETLConnector -->
