<?xml version="1.0" encoding="UTF-8"?>
<!-- Generated by org.testng.reporters.JUnitReportReporter -->
<testsuite hostname="DESKTOP-4JORBA0" failures="0" tests="8" name="visionRA.Test.RA_MasterConfiguration" time="270.282" errors="0" timestamp="2024-10-18T15:28:44 IST" skipped="0">
  <testcase classname="visionRA.Test.RA_MasterConfiguration" name="RA_MC_001" time="30.064"/>
  <system-out/>
  <testcase classname="visionRA.Test.RA_MasterConfiguration" name="RA_MC_002" time="24.019"/>
  <system-out/>
  <testcase classname="visionRA.Test.RA_MasterConfiguration" name="RA_MC_003" time="33.193"/>
  <system-out/>
  <testcase classname="visionRA.Test.RA_MasterConfiguration" name="RA_MC_004" time="29.027"/>
  <system-out/>
  <testcase classname="visionRA.Test.RA_MasterConfiguration" name="RA_MC_013" time="51.034"/>
  <system-out/>
  <testcase classname="visionRA.Test.RA_MasterConfiguration" name="RA_MC_012" time="45.789"/>
  <system-out/>
  <testcase classname="visionRA.Test.RA_MasterConfiguration" name="RA_MC_005" time="28.028"/>
  <system-out/>
  <testcase classname="visionRA.Test.RA_MasterConfiguration" name="RA_MC_007" time="29.128"/>
  <system-out/>
</testsuite> <!-- visionRA.Test.RA_MasterConfiguration -->
