<?xml version="1.0" encoding="UTF-8"?>
<!-- Generated by org.testng.reporters.JUnitReportReporter -->
<testsuite hostname="DESKTOP-4JORBA0" failures="0" tests="1" name="visionETL.Test.ETL_ProfileSetup" time="108.647" errors="0" timestamp="2024-09-18T10:18:38 IST" skipped="0">
  <testcase classname="visionETL.Test.ETL_ProfileSetup" name="ETL_PS_051" time="108.647"/>
  <system-out/>
</testsuite> <!-- visionETL.Test.ETL_ProfileSetup -->
