<?xml version="1.0" encoding="UTF-8"?>
<!-- Generated by org.testng.reporters.JUnitReportReporter -->
<testsuite hostname="DESKTOP-4JORBA0" failures="0" tests="1" name="visionRA.Test.FullTransLineConfigCreation" time="290.366" errors="0" timestamp="2024-02-02T19:29:43 IST" skipped="0">
  <testcase classname="visionRA.Test.FullTransLineConfigCreation" name="TAS_DC_017" time="290.366"/>
</testsuite> <!-- visionRA.Test.FullTransLineConfigCreation -->
