<?xml version="1.0" encoding="UTF-8"?>
<!-- Generated by org.testng.reporters.JUnitReportReporter -->
<testsuite hostname="DESKTOP-4JORBA0" failures="0" tests="2" name="visionRA.Test.TranslineConfig" time="114.181" errors="0" timestamp="2024-02-07T12:08:27 IST" skipped="0">
  <testcase classname="visionRA.Test.TranslineConfig" name="VAT_TAS_DC_015" time="50.872"/>
  <testcase classname="visionRA.Test.TranslineConfig" name="VAT_TAS_DC_017" time="63.309"/>
</testsuite> <!-- visionRA.Test.TranslineConfig -->
