<?xml version="1.0" encoding="UTF-8"?>
<!-- Generated by org.testng.reporters.JUnitReportReporter -->
<testsuite hostname="DESKTOP-4JORBA0" failures="0" tests="1" name="visionRA.Test.RA_FullTransLineConfigCreation" time="104.877" errors="0" timestamp="2024-04-08T16:51:25 IST" skipped="0">
  <testcase classname="visionRA.Test.RA_FullTransLineConfigCreation" name="VAT_TTBF01" time="104.877"/>
</testsuite> <!-- visionRA.Test.RA_FullTransLineConfigCreation -->
