<?xml version="1.0" encoding="UTF-8"?>
<!-- Generated by org.testng.reporters.JUnitReportReporter -->
<testsuite hostname="DESKTOP-4JORBA0" failures="0" tests="1" name="visionRA.Test.RA_ConcessionConfig" time="31.501" errors="0" timestamp="2024-02-28T13:06:27 IST" skipped="0">
  <testcase classname="visionRA.Test.RA_ConcessionConfig" name="CON_DC_008" time="31.501"/>
</testsuite> <!-- visionRA.Test.RA_ConcessionConfig -->
