<?xml version="1.0" encoding="UTF-8"?>
<!-- Generated by org.testng.reporters.JUnitReportReporter -->
<testsuite hostname="DESKTOP-4JORBA0" failures="0" tests="1" name="visionDQ.Test.DQMonitor" time="31.483" errors="0" timestamp="2024-04-25T12:03:44 IST" skipped="0">
  <testcase classname="visionDQ.Test.DQMonitor" name="DQ_MT_002" time="31.483"/>
</testsuite> <!-- visionDQ.Test.DQMonitor -->
