<?xml version="1.0" encoding="UTF-8"?>
<!-- Generated by org.testng.reporters.JUnitReportReporter -->
<testsuite hostname="DESKTOP-4JORBA0" failures="0" tests="1" name="visionETLGP.ETLTest.ETL_General" time="37.467" errors="0" timestamp="2024-07-04T19:30:15 IST" skipped="0">
  <testcase classname="visionETLGP.ETLTest.ETL_General" name="ETL_DC_022" time="37.467"/>
</testsuite> <!-- visionETLGP.ETLTest.ETL_General -->
