<?xml version="1.0" encoding="UTF-8"?>
<!-- Generated by org.testng.reporters.JUnitReportReporter -->
<testsuite hostname="DESKTOP-4JORBA0" failures="0" tests="1" name="visionRA.Test.RA_VarianceFlagging" time="47.394" errors="0" timestamp="2024-06-21T17:07:59 IST" skipped="0">
  <testcase classname="visionRA.Test.RA_VarianceFlagging" name="FG_CF_030" time="47.394"/>
</testsuite> <!-- visionRA.Test.RA_VarianceFlagging -->
