<?xml version="1.0" encoding="UTF-8"?>
<!-- Generated by org.testng.reporters.JUnitReportReporter -->
<testsuite hostname="DESKTOP-4JORBA0" failures="0" tests="1" name="Vision_RA.Test.RA_Teller_counter" time="32.030" errors="0" timestamp="2024-11-11T19:14:38 IST" skipped="0">
  <testcase classname="Vision_RA.Test.RA_Teller_counter" name="TEL_DC_001" time="32.030"/>
  <system-out/>
</testsuite> <!-- Vision_RA.Test.RA_Teller_counter -->
