<?xml version="1.0" encoding="UTF-8"?>
<!-- Generated by org.testng.reporters.JUnitReportReporter -->
<testsuite hostname="DESKTOP-4JORBA0" failures="0" tests="1" name="visionRA.Test.FeesConfig" time="38.049" errors="0" timestamp="2024-02-26T18:27:05 IST" skipped="0">
  <testcase classname="visionRA.Test.FeesConfig" name="VAT_FEE_DC_016" time="38.049"/>
</testsuite> <!-- visionRA.Test.FeesConfig -->
