<?xml version="1.0" encoding="UTF-8"?>
<!-- Generated by org.testng.reporters.JUnitReportReporter -->
<testsuite hostname="DESKTOP-4JORBA0" failures="0" tests="1" name="visionETLGP.ETLTest.ETLConnector" time="27.618" errors="0" timestamp="2024-04-03T14:32:13 IST" skipped="0">
  <testcase classname="visionETLGP.ETLTest.ETLConnector" name="ETL_CC_023" time="27.618"/>
</testsuite> <!-- visionETLGP.ETLTest.ETLConnector -->
