<?xml version="1.0" encoding="UTF-8"?>
<!-- Generated by org.testng.reporters.JUnitReportReporter -->
<testsuite hostname="DESKTOP-4JORBA0" failures="0" tests="19" name="visionRA.Test.RA_FeesConfig" time="1130.738" errors="0" timestamp="2024-07-25T12:47:56 IST" skipped="2">
  <testcase classname="visionRA.Test.RA_FeesConfig" name="VAT_FEE_DC_001" time="38.485"/>
  <testcase classname="visionRA.Test.RA_FeesConfig" name="VAT_FEE_DC_002_01" time="52.395"/>
  <testcase classname="visionRA.Test.RA_FeesConfig" name="VAT_FEE_DC_002" time="50.689"/>
  <testcase classname="visionRA.Test.RA_FeesConfig" name="VAT_FEE_DC_003" time="49.278"/>
  <testcase classname="visionRA.Test.RA_FeesConfig" name="VAT_FEE_DC_032" time="40.563"/>
  <testcase classname="visionRA.Test.RA_FeesConfig" name="VAT_FEE_DC_004" time="104.350"/>
  <testcase classname="visionRA.Test.RA_FeesConfig" name="VAT_FEE_DC_005" time="105.659"/>
  <testcase classname="visionRA.Test.RA_FeesConfig" name="VAT_FEE_DC_006" time="119.054"/>
  <testcase classname="visionRA.Test.RA_FeesConfig" name="VAT_FEE_DC_007" time="127.820"/>
  <testcase classname="visionRA.Test.RA_FeesConfig" name="VAT_FEE_DC_013" time="76.226"/>
  <testcase classname="visionRA.Test.RA_FeesConfig" name="VAT_FEE_DC_022" time="42.654"/>
  <testcase classname="visionRA.Test.RA_FeesConfig" name="VAT_FEE_DC_028" time="49.204"/>
  <testcase classname="visionRA.Test.RA_FeesConfig" name="VAT_FEE_DC_029" time="51.523"/>
  <testcase classname="visionRA.Test.RA_FeesConfig" name="VAT_FEE_DC_034" time="54.230"/>
  <testcase classname="visionRA.Test.RA_FeesConfig" name="VAT_FEE_DC_045" time="43.264"/>
  <testcase classname="visionRA.Test.RA_FeesConfig" name="VAT_FEE_DC_037" time="66.974"/>
  <testcase classname="visionRA.Test.RA_FeesConfig" name="VAT_FEE_DC_039" time="58.370"/>
  <testcase classname="visionRA.Test.RA_FeesConfig" name="VAT_FEE_DC_015">
    <skipped/>
  </testcase> <!-- VAT_FEE_DC_015 -->
  <testcase classname="visionRA.Test.RA_FeesConfig" name="VAT_FEE_DC_016">
    <skipped/>
  </testcase> <!-- VAT_FEE_DC_016 -->
</testsuite> <!-- visionRA.Test.RA_FeesConfig -->
