<?xml version="1.0" encoding="UTF-8"?>
<!-- Generated by org.testng.reporters.JUnitReportReporter -->
<testsuite hostname="DESKTOP-4JORBA0" failures="0" tests="23" name="Vision_ETL_v1.ETL_Category" time="804.809" errors="0" timestamp="2024-09-04T20:08:56 IST" skipped="2">
  <testcase classname="Vision_ETL_v1.ETL_Category" name="ETL_CT_002" time="25.542"/>
  <system-out/>
  <testcase classname="Vision_ETL_v1.ETL_Category" name="ETL_CT_003" time="31.405"/>
  <system-out/>
  <testcase classname="Vision_ETL_v1.ETL_Category" name="ETL_CT_004" time="37.790"/>
  <system-out/>
  <testcase classname="Vision_ETL_v1.ETL_Category" name="ETL_CT_005" time="54.413"/>
  <system-out/>
  <testcase classname="Vision_ETL_v1.ETL_Category" name="ETL_CT_006" time="25.367"/>
  <system-out/>
  <testcase classname="Vision_ETL_v1.ETL_Category" name="ETL_CT_008" time="32.514"/>
  <system-out/>
  <testcase classname="Vision_ETL_v1.ETL_Category" name="ETL_CT_009" time="27.709"/>
  <system-out/>
  <testcase classname="Vision_ETL_v1.ETL_Category" name="ETL_CT_010" time="73.042"/>
  <system-out/>
  <testcase classname="Vision_ETL_v1.ETL_Category" name="ETL_CT_011" time="25.759"/>
  <system-out/>
  <testcase classname="Vision_ETL_v1.ETL_Category" name="ETL_CT_012" time="20.590"/>
  <system-out/>
  <testcase classname="Vision_ETL_v1.ETL_Category" name="ETL_CT_013" time="34.934"/>
  <system-out/>
  <testcase classname="Vision_ETL_v1.ETL_Category" name="ETL_CT_014" time="50.021"/>
  <system-out/>
  <testcase classname="Vision_ETL_v1.ETL_Category" name="ETL_CT_015" time="49.181"/>
  <system-out/>
  <testcase classname="Vision_ETL_v1.ETL_Category" name="ETL_CT_016" time="17.779"/>
  <system-out/>
  <testcase classname="Vision_ETL_v1.ETL_Category" name="ETL_CT_017" time="44.092"/>
  <system-out/>
  <testcase classname="Vision_ETL_v1.ETL_Category" name="ETL_CT_018" time="59.248"/>
  <system-out/>
  <testcase classname="Vision_ETL_v1.ETL_Category" name="ETL_CT_019" time="25.821"/>
  <system-out/>
  <testcase classname="Vision_ETL_v1.ETL_Category" name="ETL_CT_020" time="27.723"/>
  <system-out/>
  <testcase classname="Vision_ETL_v1.ETL_Category" name="ETL_CT_021" time="59.430"/>
  <system-out/>
  <testcase classname="Vision_ETL_v1.ETL_Category" name="ETL_CT_022" time="41.058"/>
  <system-out/>
  <testcase classname="Vision_ETL_v1.ETL_Category" name="ETL_CT_024" time="41.391"/>
  <system-out/>
  <testcase classname="Vision_ETL_v1.ETL_Category" name="ETL_CT_007">
    <skipped/>
  </testcase> <!-- ETL_CT_007 -->
  <system-out/>
  <testcase classname="Vision_ETL_v1.ETL_Category" name="ETL_CT_001">
    <skipped/>
  </testcase> <!-- ETL_CT_001 -->
  <system-out/>
</testsuite> <!-- Vision_ETL_v1.ETL_Category -->
