<?xml version="1.0" encoding="UTF-8"?>
<!-- Generated by org.testng.reporters.JUnitReportReporter -->
<testsuite hostname="DESKTOP-4JORBA0" failures="0" tests="43" name="Vision_BI.FTP_Groups" time="2292.643" errors="0" timestamp="2025-04-08T14:56:24 IST" skipped="0">
  <testcase classname="Vision_BI.FTP_Groups" name="FTP_GR_001" time="13.947"/>
  <system-out/>
  <testcase classname="Vision_BI.FTP_Groups" name="FTP_GR_006" time="35.152"/>
  <system-out/>
  <testcase classname="Vision_BI.FTP_Groups" name="FTP_GR_007" time="40.827"/>
  <system-out/>
  <testcase classname="Vision_BI.FTP_Groups" name="FTP_GR_010" time="48.572"/>
  <system-out/>
  <testcase classname="Vision_BI.FTP_Groups" name="FTP_GR_011" time="51.475"/>
  <system-out/>
  <testcase classname="Vision_BI.FTP_Groups" name="FTP_GR_012" time="32.742"/>
  <system-out/>
  <testcase classname="Vision_BI.FTP_Groups" name="FTP_GR_013" time="83.043"/>
  <system-out/>
  <testcase classname="Vision_BI.FTP_Groups" name="FTP_GR_016" time="43.300"/>
  <system-out/>
  <testcase classname="Vision_BI.FTP_Groups" name="FTP_GR_021" time="31.752"/>
  <system-out/>
  <testcase classname="Vision_BI.FTP_Groups" name="FTP_GR_022" time="34.220"/>
  <system-out/>
  <testcase classname="Vision_BI.FTP_Groups" name="FTP_GR_024" time="35.458"/>
  <system-out/>
  <testcase classname="Vision_BI.FTP_Groups" name="FTP_GR_025" time="43.039"/>
  <system-out/>
  <testcase classname="Vision_BI.FTP_Groups" name="FTP_GR_026" time="29.867"/>
  <system-out/>
  <testcase classname="Vision_BI.FTP_Groups" name="FTP_GR_027" time="30.637"/>
  <system-out/>
  <testcase classname="Vision_BI.FTP_Groups" name="FTP_GR_028" time="32.652"/>
  <system-out/>
  <testcase classname="Vision_BI.FTP_Groups" name="FTP_GR_029" time="45.139"/>
  <system-out/>
  <testcase classname="Vision_BI.FTP_Groups" name="FTP_GR_030" time="47.656"/>
  <system-out/>
  <testcase classname="Vision_BI.FTP_Groups" name="FTP_GR_031" time="86.287"/>
  <system-out/>
  <testcase classname="Vision_BI.FTP_Groups" name="FTP_GR_032" time="58.291"/>
  <system-out/>
  <testcase classname="Vision_BI.FTP_Groups" name="FTP_GR_033" time="68.771"/>
  <system-out/>
  <testcase classname="Vision_BI.FTP_Groups" name="FTP_GR_034" time="10.093"/>
  <system-out/>
  <testcase classname="Vision_BI.FTP_Groups" name="FTP_GR_037" time="57.990"/>
  <system-out/>
  <testcase classname="Vision_BI.FTP_Groups" name="FTP_GR_041" time="41.234"/>
  <system-out/>
  <testcase classname="Vision_BI.FTP_Groups" name="FTP_GR_042" time="41.787"/>
  <system-out/>
  <testcase classname="Vision_BI.FTP_Groups" name="FTP_GR_045" time="89.377"/>
  <system-out/>
  <testcase classname="Vision_BI.FTP_Groups" name="FTP_GR_046" time="50.714"/>
  <system-out/>
  <testcase classname="Vision_BI.FTP_Groups" name="FTP_GR_047" time="38.388"/>
  <system-out/>
  <testcase classname="Vision_BI.FTP_Groups" name="FTP_GR_048" time="59.596"/>
  <system-out/>
  <testcase classname="Vision_BI.FTP_Groups" name="FTP_GR_051" time="71.197"/>
  <system-out/>
  <testcase classname="Vision_BI.FTP_Groups" name="FTP_GR_053" time="58.488"/>
  <system-out/>
  <testcase classname="Vision_BI.FTP_Groups" name="FTP_GR_054" time="56.835"/>
  <system-out/>
  <testcase classname="Vision_BI.FTP_Groups" name="FTP_GR_057" time="94.858"/>
  <system-out/>
  <testcase classname="Vision_BI.FTP_Groups" name="FTP_GR_060" time="49.261"/>
  <system-out/>
  <testcase classname="Vision_BI.FTP_Groups" name="FTP_GR_061" time="45.695"/>
  <system-out/>
  <testcase classname="Vision_BI.FTP_Groups" name="FTP_GR_062" time="92.227"/>
  <system-out/>
  <testcase classname="Vision_BI.FTP_Groups" name="FTP_GR_065" time="68.045"/>
  <system-out/>
  <testcase classname="Vision_BI.FTP_Groups" name="FTP_GR_066" time="59.990"/>
  <system-out/>
  <testcase classname="Vision_BI.FTP_Groups" name="FTP_GR_067" time="61.953"/>
  <system-out/>
  <testcase classname="Vision_BI.FTP_Groups" name="FTP_GR_070" time="45.557"/>
  <system-out/>
  <testcase classname="Vision_BI.FTP_Groups" name="FTP_GR_085" time="49.698"/>
  <system-out/>
  <testcase classname="Vision_BI.FTP_Groups" name="FTP_GR_087" time="48.534"/>
  <system-out/>
  <testcase classname="Vision_BI.FTP_Groups" name="FTP_GR_088" time="96.372"/>
  <system-out/>
  <testcase classname="Vision_BI.FTP_Groups" name="FTP_GR_089" time="111.927"/>
  <system-out/>
</testsuite> <!-- Vision_BI.FTP_Groups -->
