<?xml version="1.0" encoding="UTF-8"?>
<!-- Generated by org.testng.reporters.JUnitReportReporter -->
<testsuite hostname="DESKTOP-4JORBA0" failures="0" tests="24" name="visionETL.Test.ETL_Category" time="999.899" errors="0" timestamp="2024-08-06T11:46:33 IST" skipped="2">
  <testcase classname="visionETL.Test.ETL_Category" name="ETL_CT_002" time="24.999"/>
  <system-out/>
  <testcase classname="visionETL.Test.ETL_Category" name="ETL_CT_003" time="41.722"/>
  <system-out/>
  <testcase classname="visionETL.Test.ETL_Category" name="ETL_CT_004" time="43.126"/>
  <system-out/>
  <testcase classname="visionETL.Test.ETL_Category" name="ETL_CT_005" time="54.715"/>
  <system-out/>
  <testcase classname="visionETL.Test.ETL_Category" name="ETL_CT_006" time="31.954"/>
  <system-out/>
  <testcase classname="visionETL.Test.ETL_Category" name="ETL_CT_008" time="39.032"/>
  <system-out/>
  <testcase classname="visionETL.Test.ETL_Category" name="ETL_CT_009" time="34.790"/>
  <system-out/>
  <testcase classname="visionETL.Test.ETL_Category" name="ETL_CT_010" time="81.637"/>
  <system-out/>
  <testcase classname="visionETL.Test.ETL_Category" name="ETL_CT_011" time="34.182"/>
  <system-out/>
  <testcase classname="visionETL.Test.ETL_Category" name="ETL_CT_012" time="33.161"/>
  <system-out/>
  <testcase classname="visionETL.Test.ETL_Category" name="ETL_CT_013" time="41.262"/>
  <system-out/>
  <testcase classname="visionETL.Test.ETL_Category" name="ETL_CT_014" time="61.736"/>
  <system-out/>
  <testcase classname="visionETL.Test.ETL_Category" name="ETL_CT_015" time="60.080"/>
  <system-out/>
  <testcase classname="visionETL.Test.ETL_Category" name="ETL_CT_016" time="26.288"/>
  <system-out/>
  <testcase classname="visionETL.Test.ETL_Category" name="ETL_CT_017" time="32.829"/>
  <system-out/>
  <testcase classname="visionETL.Test.ETL_Category" name="ETL_CT_018" time="63.388"/>
  <system-out/>
  <testcase classname="visionETL.Test.ETL_Category" name="ETL_CT_019" time="40.636"/>
  <system-out/>
  <testcase classname="visionETL.Test.ETL_Category" name="ETL_CT_020" time="41.387"/>
  <system-out/>
  <testcase classname="visionETL.Test.ETL_Category" name="ETL_CT_021" time="71.920"/>
  <system-out/>
  <testcase classname="visionETL.Test.ETL_Category" name="ETL_CT_022" time="41.900"/>
  <system-out/>
  <testcase classname="visionETL.Test.ETL_Category" name="ETL_CT_023" time="49.416"/>
  <system-out/>
  <testcase classname="visionETL.Test.ETL_Category" name="ETL_CT_024" time="49.739"/>
  <system-out/>
  <testcase classname="visionETL.Test.ETL_Category" name="ETL_CT_007">
    <skipped/>
  </testcase> <!-- ETL_CT_007 -->
  <system-out/>
  <testcase classname="visionETL.Test.ETL_Category" name="ETL_CT_001">
    <skipped/>
  </testcase> <!-- ETL_CT_001 -->
  <system-out/>
</testsuite> <!-- visionETL.Test.ETL_Category -->
