<?xml version="1.0" encoding="UTF-8"?>
<!-- Generated by org.testng.reporters.JUnitReportReporter -->
<testsuite hostname="DESKTOP-4JORBA0" failures="0" tests="25" name="Vision_ETL_v1.ETL_Connector" time="872.774" errors="0" timestamp="2024-09-04T20:08:56 IST" skipped="7">
  <testcase classname="Vision_ETL_v1.ETL_Connector" name="ETL_CC_001" time="25.525"/>
  <system-out/>
  <testcase classname="Vision_ETL_v1.ETL_Connector" name="ETL_CC_005" time="43.444"/>
  <system-out/>
  <testcase classname="Vision_ETL_v1.ETL_Connector" name="ETL_CC_009" time="71.984"/>
  <system-out/>
  <testcase classname="Vision_ETL_v1.ETL_Connector" name="ETL_CC_011" time="39.406"/>
  <system-out/>
  <testcase classname="Vision_ETL_v1.ETL_Connector" name="ETL_CC_012" time="42.109"/>
  <system-out/>
  <testcase classname="Vision_ETL_v1.ETL_Connector" name="ETL_CC_013" time="35.206"/>
  <system-out/>
  <testcase classname="Vision_ETL_v1.ETL_Connector" name="ETL_CC_014" time="61.581"/>
  <system-out/>
  <testcase classname="Vision_ETL_v1.ETL_Connector" name="ETL_CC_015" time="62.577"/>
  <system-out/>
  <testcase classname="Vision_ETL_v1.ETL_Connector" name="ETL_CC_016" time="67.933"/>
  <system-out/>
  <testcase classname="Vision_ETL_v1.ETL_Connector" name="ETL_CC_017" time="59.009"/>
  <system-out/>
  <testcase classname="Vision_ETL_v1.ETL_Connector" name="ETL_CC_018" time="59.025"/>
  <system-out/>
  <testcase classname="Vision_ETL_v1.ETL_Connector" name="ETL_CC_019" time="58.530"/>
  <system-out/>
  <testcase classname="Vision_ETL_v1.ETL_Connector" name="ETL_CC_020" time="52.477"/>
  <system-out/>
  <testcase classname="Vision_ETL_v1.ETL_Connector" name="ETL_CC_021" time="33.035"/>
  <system-out/>
  <testcase classname="Vision_ETL_v1.ETL_Connector" name="ETL_CC_022" time="46.338"/>
  <system-out/>
  <testcase classname="Vision_ETL_v1.ETL_Connector" name="ETL_CC_026" time="45.325"/>
  <system-out/>
  <testcase classname="Vision_ETL_v1.ETL_Connector" name="ETL_CC_027" time="40.416"/>
  <system-out/>
  <testcase classname="Vision_ETL_v1.ETL_Connector" name="ETL_CC_028" time="28.854"/>
  <system-out/>
  <testcase classname="Vision_ETL_v1.ETL_Connector" name="ETL_CC_007">
    <skipped/>
  </testcase> <!-- ETL_CC_007 -->
  <system-out/>
  <testcase classname="Vision_ETL_v1.ETL_Connector" name="ETL_CC_008">
    <skipped/>
  </testcase> <!-- ETL_CC_008 -->
  <system-out/>
  <testcase classname="Vision_ETL_v1.ETL_Connector" name="ETL_CC_002">
    <skipped/>
  </testcase> <!-- ETL_CC_002 -->
  <system-out/>
  <testcase classname="Vision_ETL_v1.ETL_Connector" name="ETL_CC_010">
    <skipped/>
  </testcase> <!-- ETL_CC_010 -->
  <system-out/>
  <testcase classname="Vision_ETL_v1.ETL_Connector" name="ETL_CC_006">
    <skipped/>
  </testcase> <!-- ETL_CC_006 -->
  <system-out/>
  <testcase classname="Vision_ETL_v1.ETL_Connector" name="ETL_CC_003">
    <skipped/>
  </testcase> <!-- ETL_CC_003 -->
  <system-out/>
  <testcase classname="Vision_ETL_v1.ETL_Connector" name="ETL_CC_004">
    <skipped/>
  </testcase> <!-- ETL_CC_004 -->
  <system-out/>
</testsuite> <!-- Vision_ETL_v1.ETL_Connector -->
