<?xml version="1.0" encoding="UTF-8"?>
<!-- Generated by org.testng.reporters.JUnitReportReporter -->
<testsuite hostname="DESKTOP-4JORBA0" failures="0" tests="1" name="visionRA.Test.RA_FeesConfig" time="39.903" errors="0" timestamp="2024-04-18T15:08:17 IST" skipped="0">
  <testcase classname="visionRA.Test.RA_FeesConfig" name="VAT_FEE_DC_029" time="39.903"/>
</testsuite> <!-- visionRA.Test.RA_FeesConfig -->
