<?xml version="1.0" encoding="UTF-8"?>
<!-- Generated by org.testng.reporters.JUnitReportReporter -->
<testsuite hostname="DESKTOP-4JORBA0" failures="0" tests="1" name="visionRA.Test.RA_Teller_counter" time="35.593" errors="0" timestamp="2024-05-15T15:07:39 IST" skipped="0">
  <testcase classname="visionRA.Test.RA_Teller_counter" name="TEL_DC_011" time="35.593"/>
</testsuite> <!-- visionRA.Test.RA_Teller_counter -->
