<?xml version="1.0" encoding="UTF-8"?>
<!-- Generated by org.testng.reporters.JUnitReportReporter -->
<testsuite hostname="DESKTOP-4JORBA0" failures="0" tests="13" name="visionRA.Test.RA_BusinessLineConfig" time="1357.215" errors="0" timestamp="2024-08-06T19:42:41 IST" skipped="0">
  <testcase classname="visionRA.Test.RA_BusinessLineConfig" name="VAT_BUS_DC_001" time="57.919"/>
  <system-out/>
  <testcase classname="visionRA.Test.RA_BusinessLineConfig" name="VAT_BUS_DC_002" time="59.749"/>
  <system-out/>
  <testcase classname="visionRA.Test.RA_BusinessLineConfig" name="VAT_BUS_DC_003" time="79.600"/>
  <system-out/>
  <testcase classname="visionRA.Test.RA_BusinessLineConfig" name="VAT_BUS_DC_004" time="108.274"/>
  <system-out/>
  <testcase classname="visionRA.Test.RA_BusinessLineConfig" name="VAT_BUS_DC_005" time="115.078"/>
  <system-out/>
  <testcase classname="visionRA.Test.RA_BusinessLineConfig" name="VAT_BUS_DC_006" time="151.276"/>
  <system-out/>
  <testcase classname="visionRA.Test.RA_BusinessLineConfig" name="VAT_BUS_DC_009" time="178.431"/>
  <system-out/>
  <testcase classname="visionRA.Test.RA_BusinessLineConfig" name="VAT_BUS_DC_008" time="215.335"/>
  <system-out/>
  <testcase classname="visionRA.Test.RA_BusinessLineConfig" name="VAT_BUS_DC_010" time="68.825"/>
  <system-out/>
  <testcase classname="visionRA.Test.RA_BusinessLineConfig" name="VAT_BUS_DC_013" time="71.626"/>
  <system-out/>
  <testcase classname="visionRA.Test.RA_BusinessLineConfig" name="VAT_BUS_DC_014" time="68.452"/>
  <system-out/>
  <testcase classname="visionRA.Test.RA_BusinessLineConfig" name="VAT_BUS_DC_012" time="55.667"/>
  <system-out/>
  <testcase classname="visionRA.Test.RA_BusinessLineConfig" name="VAT_BUS_DC_020" time="126.983"/>
  <system-out/>
</testsuite> <!-- visionRA.Test.RA_BusinessLineConfig -->
