<?xml version="1.0" encoding="UTF-8"?>
<!-- Generated by org.testng.reporters.JUnitReportReporter -->
<testsuite hostname="DESKTOP-4JORBA0" failures="0" tests="25" name="visionRA.Test.RA_TranslineConfig" time="1555.657" errors="0" timestamp="2024-11-01T15:11:41 IST" skipped="0">
  <testcase classname="visionRA.Test.RA_TranslineConfig" name="VAT_TAS_DC_001" time="26.131"/>
  <system-out/>
  <testcase classname="visionRA.Test.RA_TranslineConfig" name="VAT_TAS_DC_002" time="69.579"/>
  <system-out/>
  <testcase classname="visionRA.Test.RA_TranslineConfig" name="VAT_TAS_DC_003" time="36.406"/>
  <system-out/>
  <testcase classname="visionRA.Test.RA_TranslineConfig" name="VAT_TAS_DC_004" time="35.820"/>
  <system-out/>
  <testcase classname="visionRA.Test.RA_TranslineConfig" name="VAT_TAS_DC_005" time="34.521"/>
  <system-out/>
  <testcase classname="visionRA.Test.RA_TranslineConfig" name="VAT_TAS_DC_006" time="43.279"/>
  <system-out/>
  <testcase classname="visionRA.Test.RA_TranslineConfig" name="VAT_TAS_DC_008" time="41.289"/>
  <system-out/>
  <testcase classname="visionRA.Test.RA_TranslineConfig" name="VAT_TAS_DC_009" time="40.098"/>
  <system-out/>
  <testcase classname="visionRA.Test.RA_TranslineConfig" name="VAT_TAS_DC_010" time="49.583"/>
  <system-out/>
  <testcase classname="visionRA.Test.RA_TranslineConfig" name="VAT_TAS_DC_011" time="59.706"/>
  <system-out/>
  <testcase classname="visionRA.Test.RA_TranslineConfig" name="VAT_TAS_DC_012" time="46.090"/>
  <system-out/>
  <testcase classname="visionRA.Test.RA_TranslineConfig" name="VAT_TAS_DC_013" time="44.687"/>
  <system-out/>
  <testcase classname="visionRA.Test.RA_TranslineConfig" name="VAT_TAS_DC_015" time="78.968"/>
  <system-out/>
  <testcase classname="visionRA.Test.RA_TranslineConfig" name="VAT_TAS_DC_016" time="86.254"/>
  <system-out/>
  <testcase classname="visionRA.Test.RA_TranslineConfig" name="VAT_TAS_DC_017" time="98.217"/>
  <system-out/>
  <testcase classname="visionRA.Test.RA_TranslineConfig" name="VAT_TAS_DC_019" time="68.842"/>
  <system-out/>
  <testcase classname="visionRA.Test.RA_TranslineConfig" name="VAT_TAS_DC_023" time="53.719"/>
  <system-out/>
  <testcase classname="visionRA.Test.RA_TranslineConfig" name="VAT_TAS_DC_026" time="98.182"/>
  <system-out/>
  <testcase classname="visionRA.Test.RA_TranslineConfig" name="VAT_TAS_DC_007" time="44.635"/>
  <system-out/>
  <testcase classname="visionRA.Test.RA_TranslineConfig" name="VAT_TAS_DC_024" time="91.647"/>
  <system-out/>
  <testcase classname="visionRA.Test.RA_TranslineConfig" name="VAT_TAS_DC_025" time="75.363"/>
  <system-out/>
  <testcase classname="visionRA.Test.RA_TranslineConfig" name="VAT_TAS_DC_028" time="50.984"/>
  <system-out/>
  <testcase classname="visionRA.Test.RA_TranslineConfig" name="VAT_TAS_DC_029" time="114.220"/>
  <system-out/>
  <testcase classname="visionRA.Test.RA_TranslineConfig" name="VAT_TAS_DC_031" time="47.710"/>
  <system-out/>
  <testcase classname="visionRA.Test.RA_TranslineConfig" name="VAT_TAS_DC_021" time="119.727"/>
  <system-out/>
</testsuite> <!-- visionRA.Test.RA_TranslineConfig -->
