<?xml version="1.0" encoding="UTF-8"?>
<!-- Generated by org.testng.reporters.JUnitReportReporter -->
<testsuite hostname="DESKTOP-4JORBA0" failures="0" tests="3" name="Vision_RA.Test.RA_FeesPriority" time="144.019" errors="0" timestamp="2024-12-03T16:48:25 IST" skipped="0">
  <testcase classname="Vision_RA.Test.RA_FeesPriority" name="FES_PRI_005" time="27.791"/>
  <system-out/>
  <testcase classname="Vision_RA.Test.RA_FeesPriority" name="FES_PRI_006" time="32.063"/>
  <system-out/>
  <testcase classname="Vision_RA.Test.RA_FeesPriority" name="FES_PRI_004" time="84.165"/>
  <system-out/>
</testsuite> <!-- Vision_RA.Test.RA_FeesPriority -->
