<?xml version="1.0" encoding="UTF-8"?>
<!-- Generated by org.testng.reporters.JUnitReportReporter -->
<testsuite hostname="DESKTOP-4JORBA0" failures="0" tests="1" name="visionETLGP.ETLTest.ETLFeedConfiguration" time="56.751" errors="0" timestamp="2024-06-07T11:21:46 IST" skipped="0">
  <testcase classname="visionETLGP.ETLTest.ETLFeedConfiguration" name="ETL_FC_043" time="56.751"/>
</testsuite> <!-- visionETLGP.ETLTest.ETLFeedConfiguration -->
