<?xml version="1.0" encoding="UTF-8"?>
<!-- Generated by org.testng.reporters.JUnitReportReporter -->
<testsuite hostname="DESKTOP-4JORBA0" failures="0" tests="1" name="visionETLGP.ETLTest.ETLLandingPage" time="22.949" errors="0" timestamp="2024-07-04T17:30:24 IST" skipped="0">
  <testcase classname="visionETLGP.ETLTest.ETLLandingPage" name="ETL_LP_096" time="22.949"/>
</testsuite> <!-- visionETLGP.ETLTest.ETLLandingPage -->
