<?xml version="1.0" encoding="UTF-8"?>
<!-- Generated by org.testng.reporters.JUnitReportReporter -->
<testsuite hostname="DESKTOP-4JORBA0" failures="0" tests="42" name="visionETL.Test.ETLConnector" time="1397.348" errors="1" timestamp="2024-09-19T12:46:50 IST" skipped="7">
  <testcase classname="visionETL.Test.ETLConnector" name="ETL_CC_001" time="20.941"/>
  <system-out/>
  <testcase classname="visionETL.Test.ETLConnector" name="ETL_CC_005" time="41.512"/>
  <system-out/>
  <testcase classname="visionETL.Test.ETLConnector" name="ETL_CC_009" time="71.264"/>
  <system-out/>
  <testcase classname="visionETL.Test.ETLConnector" name="ETL_CC_011" time="33.247"/>
  <system-out/>
  <testcase classname="visionETL.Test.ETLConnector" name="ETL_CC_012" time="36.902"/>
  <system-out/>
  <testcase classname="visionETL.Test.ETLConnector" name="ETL_CC_013" time="35.481"/>
  <system-out/>
  <testcase classname="visionETL.Test.ETLConnector" name="ETL_CC_014" time="57.750"/>
  <system-out/>
  <testcase classname="visionETL.Test.ETLConnector" name="ETL_CC_015" time="58.811"/>
  <system-out/>
  <testcase classname="visionETL.Test.ETLConnector" name="ETL_CC_016" time="63.840"/>
  <system-out/>
  <testcase classname="visionETL.Test.ETLConnector" name="ETL_CC_017" time="57.565"/>
  <system-out/>
  <testcase classname="visionETL.Test.ETLConnector" name="ETL_CC_018" time="60.273"/>
  <system-out/>
  <testcase classname="visionETL.Test.ETLConnector" name="ETL_CC_019" time="59.193"/>
  <system-out/>
  <testcase classname="visionETL.Test.ETLConnector" name="ETL_CC_020" time="47.617"/>
  <system-out/>
  <testcase classname="visionETL.Test.ETLConnector" name="ETL_CC_021" time="27.094"/>
  <system-out/>
  <testcase classname="visionETL.Test.ETLConnector" name="ETL_CC_022" time="49.306"/>
  <system-out/>
  <testcase classname="visionETL.Test.ETLConnector" name="ETL_CC_026" time="40.763"/>
  <system-out/>
  <testcase classname="visionETL.Test.ETLConnector" name="ETL_CC_027" time="36.474"/>
  <system-out/>
  <testcase classname="visionETL.Test.ETLConnector" name="ETL_CC_028" time="26.436"/>
  <system-out/>
  <testcase classname="visionETL.Test.ETLConnector" name="ETL_CC_029" time="23.130"/>
  <system-out/>
  <testcase classname="visionETL.Test.ETLConnector" name="ETL_CC_030" time="29.165"/>
  <system-out/>
  <testcase classname="visionETL.Test.ETLConnector" name="ETL_CC_034" time="34.960"/>
  <system-out/>
  <testcase classname="visionETL.Test.ETLConnector" name="ETL_CC_031" time="46.457"/>
  <system-out/>
  <testcase classname="visionETL.Test.ETLConnector" name="ETL_CC_032" time="29.705"/>
  <system-out/>
  <testcase classname="visionETL.Test.ETLConnector" name="ETL_CC_023" time="21.943"/>
  <system-out/>
  <testcase classname="visionETL.Test.ETLConnector" name="ETL_CC_024" time="32.288"/>
  <system-out/>
  <testcase classname="visionETL.Test.ETLConnector" name="ETL_CC_025" time="29.093"/>
  <system-out/>
  <testcase classname="visionETL.Test.ETLConnector" name="ETL_CC_033" time="19.125"/>
  <system-out/>
  <testcase classname="visionETL.Test.ETLConnector" name="ETL_CC_035" time="40.038"/>
  <system-out/>
  <testcase classname="visionETL.Test.ETLConnector" name="ETL_CC_036" time="30.842"/>
  <system-out/>
  <testcase classname="visionETL.Test.ETLConnector" name="ETL_CC_037" time="33.775"/>
  <system-out/>
  <testcase classname="visionETL.Test.ETLConnector" name="ETL_CC_038" time="85.429"/>
  <system-out/>
  <testcase classname="visionETL.Test.ETLConnector" name="ETL_CC_042" time="36.220"/>
  <system-out/>
  <testcase classname="visionETL.Test.ETLConnector" name="ETL_CC_043" time="26.794">
    <error message="Cannot invoke &quot;com.aventstack.extentreports.ExtentTest.log(com.aventstack.extentreports.Status, String)&quot; because &quot;this.currentTest&quot; is null" type="java.lang.NullPointerException">
      <![CDATA[java.lang.NullPointerException: Cannot invoke "com.aventstack.extentreports.ExtentTest.log(com.aventstack.extentreports.Status, String)" because "this.currentTest" is null
at visionETL.Test.ETLConnector.ETL_CC_043(ETLConnector.java:2330)
at java.base/jdk.internal.reflect.DirectMethodHandleAccessor.invoke(DirectMethodHandleAccessor.java:103)
at java.base/java.lang.reflect.Method.invoke(Method.java:580)
at org.testng.internal.MethodInvocationHelper.invokeMethod(MethodInvocationHelper.java:133)
at org.testng.internal.TestInvoker.invokeMethod(TestInvoker.java:598)
at org.testng.internal.TestInvoker.invokeTestMethod(TestInvoker.java:173)
at org.testng.internal.MethodRunner.runInSequence(MethodRunner.java:46)
at org.testng.internal.TestInvoker$MethodInvocationAgent.invoke(TestInvoker.java:824)
at org.testng.internal.TestInvoker.invokeTestMethods(TestInvoker.java:146)
at org.testng.internal.TestMethodWorker.invokeTestMethods(TestMethodWorker.java:146)
at org.testng.internal.TestMethodWorker.run(TestMethodWorker.java:128)
at java.base/java.util.concurrent.ThreadPoolExecutor.runWorker(ThreadPoolExecutor.java:1144)
at java.base/java.util.concurrent.ThreadPoolExecutor$Worker.run(ThreadPoolExecutor.java:642)
at java.base/java.lang.Thread.run(Thread.java:1583)
]]>
    </error>
  </testcase> <!-- ETL_CC_043 -->
  <system-out/>
  <testcase classname="visionETL.Test.ETLConnector" name="ETL_CC_049" time="31.420"/>
  <system-out/>
  <testcase classname="visionETL.Test.ETLConnector" name="ETL_CC_047" time="22.495"/>
  <system-out/>
  <testcase classname="visionETL.Test.ETLConnector" name="ETL_CC_010">
    <skipped/>
  </testcase> <!-- ETL_CC_010 -->
  <system-out/>
  <testcase classname="visionETL.Test.ETLConnector" name="ETL_CC_004">
    <skipped/>
  </testcase> <!-- ETL_CC_004 -->
  <system-out/>
  <testcase classname="visionETL.Test.ETLConnector" name="ETL_CC_003">
    <skipped/>
  </testcase> <!-- ETL_CC_003 -->
  <system-out/>
  <testcase classname="visionETL.Test.ETLConnector" name="ETL_CC_002">
    <skipped/>
  </testcase> <!-- ETL_CC_002 -->
  <system-out/>
  <testcase classname="visionETL.Test.ETLConnector" name="ETL_CC_008">
    <skipped/>
  </testcase> <!-- ETL_CC_008 -->
  <system-out/>
  <testcase classname="visionETL.Test.ETLConnector" name="ETL_CC_007">
    <skipped/>
  </testcase> <!-- ETL_CC_007 -->
  <system-out/>
  <testcase classname="visionETL.Test.ETLConnector" name="ETL_CC_006">
    <skipped/>
  </testcase> <!-- ETL_CC_006 -->
  <system-out/>
</testsuite> <!-- visionETL.Test.ETLConnector -->
