<?xml version="1.0" encoding="UTF-8"?>
<!-- Generated by org.testng.reporters.JUnitReportReporter -->
<testsuite hostname="DESKTOP-4JORBA0" failures="0" tests="1" name="visionRA.Test.RA_MasterConfiguration" time="21.822" errors="0" timestamp="2024-03-04T10:51:01 IST" skipped="0">
  <testcase classname="visionRA.Test.RA_MasterConfiguration" name="RA_MC_006" time="21.822"/>
</testsuite> <!-- visionRA.Test.RA_MasterConfiguration -->
