<?xml version="1.0" encoding="UTF-8"?>
<!-- Generated by org.testng.reporters.JUnitReportReporter -->
<testsuite hostname="DESKTOP-4JORBA0" failures="0" tests="1" name="visionRA.Test.RA_MasterConfiguration" time="29.738" errors="0" timestamp="2024-09-23T13:17:55 IST" skipped="0">
  <testcase classname="visionRA.Test.RA_MasterConfiguration" name="RA_MC_007" time="29.738"/>
  <system-out/>
</testsuite> <!-- visionRA.Test.RA_MasterConfiguration -->
