<?xml version="1.0" encoding="UTF-8"?>
<!-- Generated by org.testng.reporters.JUnitReportReporter -->
<testsuite hostname="DESKTOP-4JORBA0" failures="0" tests="1" name="visionRA.Test.RA_FeesConfig" time="85.484" errors="0" timestamp="2024-11-01T15:26:40 IST" skipped="0">
  <testcase classname="visionRA.Test.RA_FeesConfig" name="VAT_FEE_DC_022" time="85.484"/>
  <system-out/>
</testsuite> <!-- visionRA.Test.RA_FeesConfig -->
