<?xml version="1.0" encoding="UTF-8"?>
<!-- Generated by org.testng.reporters.JUnitReportReporter -->
<testsuite hostname="DESKTOP-4JORBA0" failures="0" tests="17" name="Vision_RA.Test.RA_ReconConfiguration" time="937.398" errors="0" timestamp="2024-11-26T19:19:50 IST" skipped="0">
  <testcase classname="Vision_RA.Test.RA_ReconConfiguration" name="RA_RC_001" time="23.257"/>
  <system-out/>
  <testcase classname="Vision_RA.Test.RA_ReconConfiguration" name="RA_RC_002" time="35.228"/>
  <system-out/>
  <testcase classname="Vision_RA.Test.RA_ReconConfiguration" name="RA_RC_003" time="36.311"/>
  <system-out/>
  <testcase classname="Vision_RA.Test.RA_ReconConfiguration" name="RA_RC_006" time="40.686"/>
  <system-out/>
  <testcase classname="Vision_RA.Test.RA_ReconConfiguration" name="RA_RC_007" time="34.120"/>
  <system-out/>
  <testcase classname="Vision_RA.Test.RA_ReconConfiguration" name="RA_RC_008" time="37.091"/>
  <system-out/>
  <testcase classname="Vision_RA.Test.RA_ReconConfiguration" name="RA_RC_009" time="36.608"/>
  <system-out/>
  <testcase classname="Vision_RA.Test.RA_ReconConfiguration" name="RA_RC_010" time="45.644"/>
  <system-out/>
  <testcase classname="Vision_RA.Test.RA_ReconConfiguration" name="RA_RC_011" time="40.946"/>
  <system-out/>
  <testcase classname="Vision_RA.Test.RA_ReconConfiguration" name="RA_RC_012" time="41.456"/>
  <system-out/>
  <testcase classname="Vision_RA.Test.RA_ReconConfiguration" name="RA_RC_013" time="30.491"/>
  <system-out/>
  <testcase classname="Vision_RA.Test.RA_ReconConfiguration" name="RA_RC_014" time="34.046"/>
  <system-out/>
  <testcase classname="Vision_RA.Test.RA_ReconConfiguration" name="RA_RC_015" time="337.987"/>
  <system-out/>
  <testcase classname="Vision_RA.Test.RA_ReconConfiguration" name="RA_RC_018" time="41.528"/>
  <system-out/>
  <testcase classname="Vision_RA.Test.RA_ReconConfiguration" name="RA_RC_019" time="40.036"/>
  <system-out/>
  <testcase classname="Vision_RA.Test.RA_ReconConfiguration" name="RA_RC_022" time="45.917"/>
  <system-out/>
  <testcase classname="Vision_RA.Test.RA_ReconConfiguration" name="RA_RC_023" time="36.046"/>
  <system-out/>
</testsuite> <!-- Vision_RA.Test.RA_ReconConfiguration -->
