<?xml version="1.0" encoding="UTF-8"?>
<!-- Generated by org.testng.reporters.JUnitReportReporter -->
<testsuite hostname="DESKTOP-4JORBA0" failures="0" tests="17" name="Vision_RA.Test.RA_ReconConfiguration" time="829.416" errors="0" timestamp="2024-12-09T18:43:30 IST" skipped="0">
  <testcase classname="Vision_RA.Test.RA_ReconConfiguration" name="RA_RC_001" time="21.614"/>
  <system-out/>
  <testcase classname="Vision_RA.Test.RA_ReconConfiguration" name="RA_RC_002" time="29.446"/>
  <system-out/>
  <testcase classname="Vision_RA.Test.RA_ReconConfiguration" name="RA_RC_003" time="27.401"/>
  <system-out/>
  <testcase classname="Vision_RA.Test.RA_ReconConfiguration" name="RA_RC_006" time="26.503"/>
  <system-out/>
  <testcase classname="Vision_RA.Test.RA_ReconConfiguration" name="RA_RC_007" time="29.957"/>
  <system-out/>
  <testcase classname="Vision_RA.Test.RA_ReconConfiguration" name="RA_RC_008" time="30.330"/>
  <system-out/>
  <testcase classname="Vision_RA.Test.RA_ReconConfiguration" name="RA_RC_009" time="31.170"/>
  <system-out/>
  <testcase classname="Vision_RA.Test.RA_ReconConfiguration" name="RA_RC_010" time="43.859"/>
  <system-out/>
  <testcase classname="Vision_RA.Test.RA_ReconConfiguration" name="RA_RC_011" time="33.503"/>
  <system-out/>
  <testcase classname="Vision_RA.Test.RA_ReconConfiguration" name="RA_RC_012" time="44.200"/>
  <system-out/>
  <testcase classname="Vision_RA.Test.RA_ReconConfiguration" name="RA_RC_013" time="25.983"/>
  <system-out/>
  <testcase classname="Vision_RA.Test.RA_ReconConfiguration" name="RA_RC_014" time="29.447"/>
  <system-out/>
  <testcase classname="Vision_RA.Test.RA_ReconConfiguration" name="RA_RC_015" time="326.357"/>
  <system-out/>
  <testcase classname="Vision_RA.Test.RA_ReconConfiguration" name="RA_RC_018" time="28.808"/>
  <system-out/>
  <testcase classname="Vision_RA.Test.RA_ReconConfiguration" name="RA_RC_019" time="32.214"/>
  <system-out/>
  <testcase classname="Vision_RA.Test.RA_ReconConfiguration" name="RA_RC_022" time="39.015"/>
  <system-out/>
  <testcase classname="Vision_RA.Test.RA_ReconConfiguration" name="RA_RC_023" time="29.609"/>
  <system-out/>
</testsuite> <!-- Vision_RA.Test.RA_ReconConfiguration -->
