<?xml version="1.0" encoding="UTF-8"?>
<!-- Generated by org.testng.reporters.JUnitReportReporter -->
<testsuite hostname="DESKTOP-4JORBA0" failures="0" tests="1" name="visionRA.Test.RA_Teller_counter" time="33.849" errors="0" timestamp="2024-07-29T19:04:29 IST" skipped="0">
  <testcase classname="visionRA.Test.RA_Teller_counter" name="TEL_DC_010" time="33.849"/>
</testsuite> <!-- visionRA.Test.RA_Teller_counter -->
