<?xml version="1.0" encoding="UTF-8"?>
<!-- Generated by org.testng.reporters.JUnitReportReporter -->
<testsuite hostname="DESKTOP-4JORBA0" failures="0" tests="1" name="visionRA.Test.RA_FeesConfig" time="42.742" errors="0" timestamp="2024-06-11T13:38:29 IST" skipped="0">
  <testcase classname="visionRA.Test.RA_FeesConfig" name="VAT_FEE_DC_022" time="42.742"/>
</testsuite> <!-- visionRA.Test.RA_FeesConfig -->
