<?xml version="1.0" encoding="UTF-8"?>
<!-- Generated by org.testng.reporters.JUnitReportReporter -->
<testsuite hostname="DESKTOP-4JORBA0" failures="0" tests="1" name="Extend_report.Report" time="5.632" errors="0" timestamp="2024-04-30T12:01:08 IST" skipped="0">
  <testcase classname="Extend_report.Report" name="main" time="5.632"/>
</testsuite> <!-- Extend_report.Report -->
