<?xml version="1.0" encoding="UTF-8"?>
<!-- Generated by org.testng.reporters.JUnitReportReporter -->
<testsuite hostname="DESKTOP-4JORBA0" failures="0" tests="3" name="visionETLGP.ETLTest.ETL_General" time="47.843" errors="0" timestamp="2024-03-01T10:51:12 IST" skipped="0">
  <testcase classname="visionETLGP.ETLTest.ETL_General" name="RA_Login" time="11.542"/>
  <testcase classname="visionETLGP.ETLTest.ETL_General" name="RA_Login" time="10.533"/>
  <testcase classname="visionETLGP.ETLTest.ETL_General" name="RA_Login" time="25.768"/>
</testsuite> <!-- visionETLGP.ETLTest.ETL_General -->
