<?xml version="1.0" encoding="UTF-8"?>
<!-- Generated by org.testng.reporters.JUnitReportReporter -->
<testsuite hostname="DESKTOP-4JORBA0" failures="0" tests="1" name="visionSTUDIO.Studio_General" time="38.824" errors="0" timestamp="2024-05-29T11:39:24 IST" skipped="0">
  <testcase classname="visionSTUDIO.Studio_General" name="REP_DC_008" time="38.824"/>
</testsuite> <!-- visionSTUDIO.Studio_General -->
