<?xml version="1.0" encoding="UTF-8"?>
<!-- Generated by org.testng.reporters.JUnitReportReporter -->
<testsuite hostname="DESKTOP-4JORBA0" failures="0" tests="1" name="visionDQ.Test.DQExtractor" time="69.850" errors="0" timestamp="2024-04-05T11:09:20 IST" skipped="0">
  <testcase classname="visionDQ.Test.DQExtractor" name="DQ_DE_011" time="69.850"/>
</testsuite> <!-- visionDQ.Test.DQExtractor -->
