<?xml version="1.0" encoding="UTF-8"?>
<!-- Generated by org.testng.reporters.JUnitReportReporter -->
<testsuite hostname="DESKTOP-4JORBA0" failures="0" tests="19" name="Vision_RA.Test.RA_BusinessLineConfig" time="1649.979" errors="1" timestamp="2024-11-01T19:47:46 IST" skipped="0">
  <testcase classname="Vision_RA.Test.RA_BusinessLineConfig" name="VAT_BUS_DC_001" time="57.282"/>
  <system-out/>
  <testcase classname="Vision_RA.Test.RA_BusinessLineConfig" name="VAT_BUS_DC_002" time="51.076"/>
  <system-out/>
  <testcase classname="Vision_RA.Test.RA_BusinessLineConfig" name="VAT_BUS_DC_003" time="79.242"/>
  <system-out/>
  <testcase classname="Vision_RA.Test.RA_BusinessLineConfig" name="VAT_BUS_DC_004" time="89.625"/>
  <system-out/>
  <testcase classname="Vision_RA.Test.RA_BusinessLineConfig" name="VAT_BUS_DC_005" time="101.879"/>
  <system-out/>
  <testcase classname="Vision_RA.Test.RA_BusinessLineConfig" name="VAT_BUS_DC_006" time="156.919"/>
  <system-out/>
  <testcase classname="Vision_RA.Test.RA_BusinessLineConfig" name="VAT_BUS_DC_009" time="170.361"/>
  <system-out/>
  <testcase classname="Vision_RA.Test.RA_BusinessLineConfig" name="VAT_BUS_DC_008" time="204.276"/>
  <system-out/>
  <testcase classname="Vision_RA.Test.RA_BusinessLineConfig" name="VAT_BUS_DC_010" time="53.729"/>
  <system-out/>
  <testcase classname="Vision_RA.Test.RA_BusinessLineConfig" name="VAT_BUS_DC_013" time="55.056"/>
  <system-out/>
  <testcase classname="Vision_RA.Test.RA_BusinessLineConfig" name="VAT_BUS_DC_014" time="67.538"/>
  <system-out/>
  <testcase classname="Vision_RA.Test.RA_BusinessLineConfig" name="VAT_BUS_DC_012" time="92.211">
    <error message="no such element: Unable to locate element: {&quot;method&quot;:&quot;xpath&quot;,&quot;selector&quot;:&quot;//li[@class=&#039;nav-item firstLevelMenuIcon firstLevel&#039;]//a[@class = &#039;nav-link aaa firstLevelMenuIcon menu-main&#039;]//p[@class = &#039;firstLevelMenuIcon&#039;]&quot;}
  (Session info: chrome=129.0.6668.101)
For documentation on this error, please visit: https://www.selenium.dev/documentation/webdriver/troubleshooting/errors#no-such-element-exception
Build info: version: &#039;4.14.1&#039;, revision: &#039;03f8ede370&#039;
System info: os.name: &#039;Windows 10&#039;, os.arch: &#039;amd64&#039;, os.version: &#039;10.0&#039;, java.version: &#039;21.0.2&#039;
Driver info: org.openqa.selenium.chrome.ChromeDriver
Command: [0be0ba5948f36bbc9f307f18a3959872, findElement {using=xpath, value=//li[@class=&#039;nav-item firstLevelMenuIcon firstLevel&#039;]//a[@class = &#039;nav-link aaa firstLevelMenuIcon menu-main&#039;]//p[@class = &#039;firstLevelMenuIcon&#039;]}]
Capabilities {acceptInsecureCerts: false, browserName: chrome, browserVersion: 129.0.6668.101, chrome: {chromedriverVersion: 129.0.6668.100 (cf58cba358d..., userDataDir: C:\Users\Welcome\AppData\Lo...}, fedcm:accounts: true, goog:chromeOptions: {debuggerAddress: localhost:52708}, networkConnectionEnabled: false, pageLoadStrategy: normal, platformName: windows, proxy: Proxy(), se:cdp: ws://localhost:52708/devtoo..., se:cdpVersion: 129.0.6668.101, setWindowRect: true, strictFileInteractability: false, timeouts: {implicit: 0, pageLoad: 300000, script: 30000}, unhandledPromptBehavior: dismiss and notify, webauthn:extension:credBlob: true, webauthn:extension:largeBlob: true, webauthn:extension:minPinLength: true, webauthn:extension:prf: true, webauthn:virtualAuthenticators: true}
Session ID: 0be0ba5948f36bbc9f307f18a3959872" type="org.openqa.selenium.NoSuchElementException">
      <![CDATA[org.openqa.selenium.NoSuchElementException: no such element: Unable to locate element: {"method":"xpath","selector":"//li[@class='nav-item firstLevelMenuIcon firstLevel']//a[@class = 'nav-link aaa firstLevelMenuIcon menu-main']//p[@class = 'firstLevelMenuIcon']"}
  (Session info: chrome=129.0.6668.101)
For documentation on this error, please visit: https://www.selenium.dev/documentation/webdriver/troubleshooting/errors#no-such-element-exception
Build info: version: '4.14.1', revision: '03f8ede370'
System info: os.name: 'Windows 10', os.arch: 'amd64', os.version: '10.0', java.version: '21.0.2'
Driver info: org.openqa.selenium.chrome.ChromeDriver
Command: [0be0ba5948f36bbc9f307f18a3959872, findElement {using=xpath, value=//li[@class='nav-item firstLevelMenuIcon firstLevel']//a[@class = 'nav-link aaa firstLevelMenuIcon menu-main']//p[@class = 'firstLevelMenuIcon']}]
Capabilities {acceptInsecureCerts: false, browserName: chrome, browserVersion: 129.0.6668.101, chrome: {chromedriverVersion: 129.0.6668.100 (cf58cba358d..., userDataDir: C:\Users\Welcome\AppData\Lo...}, fedcm:accounts: true, goog:chromeOptions: {debuggerAddress: localhost:52708}, networkConnectionEnabled: false, pageLoadStrategy: normal, platformName: windows, proxy: Proxy(), se:cdp: ws://localhost:52708/devtoo..., se:cdpVersion: 129.0.6668.101, setWindowRect: true, strictFileInteractability: false, timeouts: {implicit: 0, pageLoad: 300000, script: 30000}, unhandledPromptBehavior: dismiss and notify, webauthn:extension:credBlob: true, webauthn:extension:largeBlob: true, webauthn:extension:minPinLength: true, webauthn:extension:prf: true, webauthn:virtualAuthenticators: true}
Session ID: 0be0ba5948f36bbc9f307f18a3959872
at java.base/jdk.internal.reflect.DirectConstructorHandleAccessor.newInstance(DirectConstructorHandleAccessor.java:62)
at java.base/java.lang.reflect.Constructor.newInstanceWithCaller(Constructor.java:502)
at java.base/java.lang.reflect.Constructor.newInstance(Constructor.java:486)
at org.openqa.selenium.remote.codec.w3c.W3CHttpResponseCodec.createException(W3CHttpResponseCodec.java:200)
at org.openqa.selenium.remote.codec.w3c.W3CHttpResponseCodec.decode(W3CHttpResponseCodec.java:133)
at org.openqa.selenium.remote.codec.w3c.W3CHttpResponseCodec.decode(W3CHttpResponseCodec.java:52)
at org.openqa.selenium.remote.HttpCommandExecutor.execute(HttpCommandExecutor.java:191)
at org.openqa.selenium.remote.service.DriverCommandExecutor.invokeExecute(DriverCommandExecutor.java:200)
at org.openqa.selenium.remote.service.DriverCommandExecutor.execute(DriverCommandExecutor.java:175)
at org.openqa.selenium.remote.RemoteWebDriver.execute(RemoteWebDriver.java:602)
at org.openqa.selenium.remote.ElementLocation$ElementFinder$2.findElement(ElementLocation.java:165)
at org.openqa.selenium.remote.ElementLocation.findElement(ElementLocation.java:59)
at org.openqa.selenium.remote.RemoteWebDriver.findElement(RemoteWebDriver.java:359)
at org.openqa.selenium.remote.RemoteWebDriver.findElement(RemoteWebDriver.java:353)
at org.openqa.selenium.support.pagefactory.DefaultElementLocator.findElement(DefaultElementLocator.java:68)
at org.openqa.selenium.support.pagefactory.internal.LocatingElementHandler.invoke(LocatingElementHandler.java:38)
at jdk.proxy2/jdk.proxy2.$Proxy16.getWrappedElement(Unknown Source)
at org.openqa.selenium.remote.internal.WebElementToJsonConverter.apply(WebElementToJsonConverter.java:51)
at java.base/java.util.stream.ReferencePipeline$3$1.accept(ReferencePipeline.java:197)
at java.base/java.util.Spliterators$ArraySpliterator.forEachRemaining(Spliterators.java:1024)
at java.base/java.util.stream.AbstractPipeline.copyInto(AbstractPipeline.java:509)
at java.base/java.util.stream.AbstractPipeline.wrapAndCopyInto(AbstractPipeline.java:499)
at java.base/java.util.stream.ReduceOps$ReduceOp.evaluateSequential(ReduceOps.java:921)
at java.base/java.util.stream.AbstractPipeline.evaluate(AbstractPipeline.java:234)
at java.base/java.util.stream.ReferencePipeline.collect(ReferencePipeline.java:682)
at org.openqa.selenium.remote.RemoteWebDriver.executeScript(RemoteWebDriver.java:465)
at Package_PageObject.POM_RA.Transline(POM_RA.java:127)
at Vision_RA.Test.RA_BusinessLineConfig.VAT_BUS_DC_012(RA_BusinessLineConfig.java:1078)
at java.base/jdk.internal.reflect.DirectMethodHandleAccessor.invoke(DirectMethodHandleAccessor.java:103)
at java.base/java.lang.reflect.Method.invoke(Method.java:580)
at org.testng.internal.MethodInvocationHelper.invokeMethod(MethodInvocationHelper.java:133)
at org.testng.internal.TestInvoker.invokeMethod(TestInvoker.java:598)
at org.testng.internal.TestInvoker.invokeTestMethod(TestInvoker.java:173)
at org.testng.internal.MethodRunner.runInSequence(MethodRunner.java:46)
at org.testng.internal.TestInvoker$MethodInvocationAgent.invoke(TestInvoker.java:824)
at org.testng.internal.TestInvoker.invokeTestMethods(TestInvoker.java:146)
at org.testng.internal.TestMethodWorker.invokeTestMethods(TestMethodWorker.java:146)
at org.testng.internal.TestMethodWorker.run(TestMethodWorker.java:128)
at java.base/java.util.concurrent.ThreadPoolExecutor.runWorker(ThreadPoolExecutor.java:1144)
at java.base/java.util.concurrent.ThreadPoolExecutor$Worker.run(ThreadPoolExecutor.java:642)
at java.base/java.lang.Thread.run(Thread.java:1583)
]]>
    </error>
  </testcase> <!-- VAT_BUS_DC_012 -->
  <system-out/>
  <testcase classname="Vision_RA.Test.RA_BusinessLineConfig" name="VAT_BUS_DC_015" time="42.065"/>
  <system-out/>
  <testcase classname="Vision_RA.Test.RA_BusinessLineConfig" name="VAT_BUS_DC_016" time="64.878"/>
  <system-out/>
  <testcase classname="Vision_RA.Test.RA_BusinessLineConfig" name="VAT_BUS_DC_017" time="115.592"/>
  <system-out/>
  <testcase classname="Vision_RA.Test.RA_BusinessLineConfig" name="VAT_BUS_DC_020" time="76.790"/>
  <system-out/>
  <testcase classname="Vision_RA.Test.RA_BusinessLineConfig" name="VAT_BUS_DC_021" time="46.377"/>
  <system-out/>
  <testcase classname="Vision_RA.Test.RA_BusinessLineConfig" name="VAT_BUS_DC_019" time="64.788"/>
  <system-out/>
  <testcase classname="Vision_RA.Test.RA_BusinessLineConfig" name="VAT_BUS_DC_007" time="60.295"/>
  <system-out/>
</testsuite> <!-- Vision_RA.Test.RA_BusinessLineConfig -->
