<?xml version="1.0" encoding="UTF-8"?>
<!-- Generated by org.testng.reporters.JUnitReportReporter -->
<testsuite hostname="DESKTOP-4JORBA0" failures="0" tests="1" name="visionRA.Test.RA_BusinessLineConfig" time="36.874" errors="0" timestamp="2024-04-18T13:32:54 IST" skipped="0">
  <testcase classname="visionRA.Test.RA_BusinessLineConfig" name="VAT_BUS_DC_019" time="36.874"/>
</testsuite> <!-- visionRA.Test.RA_BusinessLineConfig -->
