<?xml version="1.0" encoding="UTF-8"?>
<!-- Generated by org.testng.reporters.JUnitReportReporter -->
<testsuite hostname="DESKTOP-4JORBA0" failures="0" tests="1" name="visionRA.Test.ConcessionConfig" time="39.336" errors="0" timestamp="2024-02-27T10:56:16 IST" skipped="0">
  <testcase classname="visionRA.Test.ConcessionConfig" name="CON_DC_002" time="39.336"/>
</testsuite> <!-- visionRA.Test.ConcessionConfig -->
