<?xml version="1.0" encoding="UTF-8"?>
<!-- Generated by org.testng.reporters.JUnitReportReporter -->
<testsuite hostname="DESKTOP-4JORBA0" failures="0" tests="1" name="visionETLGP.ETLTest.ETL_General" time="22.067" errors="0" timestamp="2024-04-22T13:55:08 IST" skipped="0">
  <testcase classname="visionETLGP.ETLTest.ETL_General" name="ETL_DC_014" time="22.067"/>
</testsuite> <!-- visionETLGP.ETLTest.ETL_General -->
