<?xml version="1.0" encoding="UTF-8"?>
<!-- Generated by org.testng.reporters.JUnitReportReporter -->
<testsuite hostname="DESKTOP-4JORBA0" failures="0" tests="19" name="visionRA.Test.RA_BusinessLineConfig" time="1559.085" errors="0" timestamp="2024-11-01T15:11:41 IST" skipped="0">
  <testcase classname="visionRA.Test.RA_BusinessLineConfig" name="VAT_BUS_DC_001" time="51.512"/>
  <system-out/>
  <testcase classname="visionRA.Test.RA_BusinessLineConfig" name="VAT_BUS_DC_002" time="53.166"/>
  <system-out/>
  <testcase classname="visionRA.Test.RA_BusinessLineConfig" name="VAT_BUS_DC_003" time="69.692"/>
  <system-out/>
  <testcase classname="visionRA.Test.RA_BusinessLineConfig" name="VAT_BUS_DC_004" time="87.077"/>
  <system-out/>
  <testcase classname="visionRA.Test.RA_BusinessLineConfig" name="VAT_BUS_DC_005" time="101.224"/>
  <system-out/>
  <testcase classname="visionRA.Test.RA_BusinessLineConfig" name="VAT_BUS_DC_006" time="133.319"/>
  <system-out/>
  <testcase classname="visionRA.Test.RA_BusinessLineConfig" name="VAT_BUS_DC_009" time="154.357"/>
  <system-out/>
  <testcase classname="visionRA.Test.RA_BusinessLineConfig" name="VAT_BUS_DC_008" time="204.728"/>
  <system-out/>
  <testcase classname="visionRA.Test.RA_BusinessLineConfig" name="VAT_BUS_DC_010" time="58.875"/>
  <system-out/>
  <testcase classname="visionRA.Test.RA_BusinessLineConfig" name="VAT_BUS_DC_013" time="58.197"/>
  <system-out/>
  <testcase classname="visionRA.Test.RA_BusinessLineConfig" name="VAT_BUS_DC_014" time="56.460"/>
  <system-out/>
  <testcase classname="visionRA.Test.RA_BusinessLineConfig" name="VAT_BUS_DC_012" time="106.639"/>
  <system-out/>
  <testcase classname="visionRA.Test.RA_BusinessLineConfig" name="VAT_BUS_DC_015" time="44.848"/>
  <system-out/>
  <testcase classname="visionRA.Test.RA_BusinessLineConfig" name="VAT_BUS_DC_016" time="57.212"/>
  <system-out/>
  <testcase classname="visionRA.Test.RA_BusinessLineConfig" name="VAT_BUS_DC_017" time="101.666"/>
  <system-out/>
  <testcase classname="visionRA.Test.RA_BusinessLineConfig" name="VAT_BUS_DC_020" time="71.416"/>
  <system-out/>
  <testcase classname="visionRA.Test.RA_BusinessLineConfig" name="VAT_BUS_DC_021" time="47.321"/>
  <system-out/>
  <testcase classname="visionRA.Test.RA_BusinessLineConfig" name="VAT_BUS_DC_019" time="46.397"/>
  <system-out/>
  <testcase classname="visionRA.Test.RA_BusinessLineConfig" name="VAT_BUS_DC_007" time="54.979"/>
  <system-out/>
</testsuite> <!-- visionRA.Test.RA_BusinessLineConfig -->
