<?xml version="1.0" encoding="UTF-8"?>
<!-- Generated by org.testng.reporters.JUnitReportReporter -->
<testsuite hostname="DESKTOP-4JORBA0" failures="0" tests="2" name="Vision_RA.Test.RA_FeesPriority" time="64.158" errors="0" timestamp="2025-05-05T14:53:30 IST" skipped="0">
  <testcase classname="Vision_RA.Test.RA_FeesPriority" name="FES_PRI_005" time="32.190"/>
  <system-out/>
  <testcase classname="Vision_RA.Test.RA_FeesPriority" name="FES_PRI_006" time="31.968"/>
  <system-out/>
</testsuite> <!-- Vision_RA.Test.RA_FeesPriority -->
