<?xml version="1.0" encoding="UTF-8"?>
<!-- Generated by org.testng.reporters.JUnitReportReporter -->
<testsuite hostname="DESKTOP-4JORBA0" failures="0" tests="1" name="visionETLGP.ETLTest.ETLLandingPage" time="34.145" errors="0" timestamp="2024-04-09T11:16:57 IST" skipped="0">
  <testcase classname="visionETLGP.ETLTest.ETLLandingPage" name="ETL_LP_031" time="34.145"/>
</testsuite> <!-- visionETLGP.ETLTest.ETLLandingPage -->
