<?xml version="1.0" encoding="UTF-8"?>
<!-- Generated by org.testng.reporters.JUnitReportReporter -->
<testsuite hostname="DESKTOP-4JORBA0" failures="0" tests="1" name="visionETLGP.ETLTest.ETL_General" time="31.390" errors="0" timestamp="2024-05-07T10:47:37 IST" skipped="0">
  <testcase classname="visionETLGP.ETLTest.ETL_General" name="ETL_DC_020" time="31.390"/>
</testsuite> <!-- visionETLGP.ETLTest.ETL_General -->
