<?xml version="1.0" encoding="UTF-8"?>
<!-- Generated by org.testng.reporters.JUnitReportReporter -->
<testsuite hostname="DESKTOP-4JORBA0" failures="0" tests="1" name="visionRA.Test.RA_VAT" time="32.136" errors="0" timestamp="2024-05-17T16:11:16 IST" skipped="0">
  <testcase classname="visionRA.Test.RA_VAT" name="RA_VAT_008" time="32.136"/>
</testsuite> <!-- visionRA.Test.RA_VAT -->
