<?xml version="1.0" encoding="UTF-8"?>
<!-- Generated by org.testng.reporters.JUnitReportReporter -->
<testsuite hostname="DESKTOP-4JORBA0" failures="0" tests="2" name="Vision_FTP.FTP_Groups" time="79.996" errors="0" timestamp="2025-01-03T16:35:06 IST" skipped="0">
  <testcase classname="Vision_FTP.FTP_Groups" name="FTP_GR_006" time="36.408"/>
  <system-out/>
  <testcase classname="Vision_FTP.FTP_Groups" name="FTP_GR_007" time="43.588"/>
  <system-out/>
</testsuite> <!-- Vision_FTP.FTP_Groups -->
