<?xml version="1.0" encoding="UTF-8"?>
<!-- Generated by org.testng.reporters.JUnitReportReporter -->
<testsuite hostname="DESKTOP-4JORBA0" failures="0" tests="1" name="visionRA.Test.RA_FeesConfig" time="65.242" errors="0" timestamp="2024-09-11T18:38:49 IST" skipped="0">
  <testcase classname="visionRA.Test.RA_FeesConfig" name="VAT_FEE_DC_042" time="65.242"/>
  <system-out/>
</testsuite> <!-- visionRA.Test.RA_FeesConfig -->
