<?xml version="1.0" encoding="UTF-8"?>
<!-- Generated by org.testng.reporters.JUnitReportReporter -->
<testsuite hostname="DESKTOP-4JORBA0" failures="0" tests="19" name="visionRA.Test.RA_FeesConfig" time="2258.913" errors="0" timestamp="2024-08-06T19:42:41 IST" skipped="2">
  <testcase classname="visionRA.Test.RA_FeesConfig" name="VAT_FEE_DC_001" time="77.890"/>
  <system-out/>
  <testcase classname="visionRA.Test.RA_FeesConfig" name="VAT_FEE_DC_002_01" time="106.611"/>
  <system-out/>
  <testcase classname="visionRA.Test.RA_FeesConfig" name="VAT_FEE_DC_002" time="109.768"/>
  <system-out/>
  <testcase classname="visionRA.Test.RA_FeesConfig" name="VAT_FEE_DC_003" time="107.030"/>
  <system-out/>
  <testcase classname="visionRA.Test.RA_FeesConfig" name="VAT_FEE_DC_004" time="227.465"/>
  <system-out/>
  <testcase classname="visionRA.Test.RA_FeesConfig" name="VAT_FEE_DC_032" time="77.339"/>
  <system-out/>
  <testcase classname="visionRA.Test.RA_FeesConfig" name="VAT_FEE_DC_005" time="224.741"/>
  <system-out/>
  <testcase classname="visionRA.Test.RA_FeesConfig" name="VAT_FEE_DC_006" time="255.097"/>
  <system-out/>
  <testcase classname="visionRA.Test.RA_FeesConfig" name="VAT_FEE_DC_007" time="273.057"/>
  <system-out/>
  <testcase classname="visionRA.Test.RA_FeesConfig" name="VAT_FEE_DC_013" time="123.019"/>
  <system-out/>
  <testcase classname="visionRA.Test.RA_FeesConfig" name="VAT_FEE_DC_022" time="67.818"/>
  <system-out/>
  <testcase classname="visionRA.Test.RA_FeesConfig" name="VAT_FEE_DC_028" time="96.537"/>
  <system-out/>
  <testcase classname="visionRA.Test.RA_FeesConfig" name="VAT_FEE_DC_029" time="98.719"/>
  <system-out/>
  <testcase classname="visionRA.Test.RA_FeesConfig" name="VAT_FEE_DC_034" time="97.301"/>
  <system-out/>
  <testcase classname="visionRA.Test.RA_FeesConfig" name="VAT_FEE_DC_045" time="81.885"/>
  <system-out/>
  <testcase classname="visionRA.Test.RA_FeesConfig" name="VAT_FEE_DC_037" time="128.827"/>
  <system-out/>
  <testcase classname="visionRA.Test.RA_FeesConfig" name="VAT_FEE_DC_039" time="105.809"/>
  <system-out/>
  <testcase classname="visionRA.Test.RA_FeesConfig" name="VAT_FEE_DC_015">
    <skipped/>
  </testcase> <!-- VAT_FEE_DC_015 -->
  <system-out/>
  <testcase classname="visionRA.Test.RA_FeesConfig" name="VAT_FEE_DC_016">
    <skipped/>
  </testcase> <!-- VAT_FEE_DC_016 -->
  <system-out/>
</testsuite> <!-- visionRA.Test.RA_FeesConfig -->
