<?xml version="1.0" encoding="UTF-8"?>
<!-- Generated by org.testng.reporters.JUnitReportReporter -->
<testsuite hostname="DESKTOP-4JORBA0" failures="0" tests="1" name="visionRA.Test.RA_VarianceFlaggingMultiUser" time="26.706" errors="0" timestamp="2024-10-01T12:14:01 IST" skipped="0">
  <testcase classname="visionRA.Test.RA_VarianceFlaggingMultiUser" name="FG_CF_049" time="26.706"/>
  <system-out/>
</testsuite> <!-- visionRA.Test.RA_VarianceFlaggingMultiUser -->
