<?xml version="1.0" encoding="UTF-8"?>
<!-- Generated by org.testng.reporters.JUnitReportReporter -->
<testsuite hostname="DESKTOP-4JORBA0" failures="0" tests="16" name="visionRA.Test.TranslineConfig" time="545.939" errors="0" timestamp="2024-02-02T11:32:16 IST" skipped="0">
  <testcase classname="visionRA.Test.TranslineConfig" name="TAS_DC_001" time="22.824"/>
  <testcase classname="visionRA.Test.TranslineConfig" name="TAS_DC_002" time="43.501"/>
  <testcase classname="visionRA.Test.TranslineConfig" name="TAS_DC_003" time="26.412"/>
  <testcase classname="visionRA.Test.TranslineConfig" name="TAS_DC_004" time="23.314"/>
  <testcase classname="visionRA.Test.TranslineConfig" name="TAS_DC_005" time="22.615"/>
  <testcase classname="visionRA.Test.TranslineConfig" name="TAS_DC_006" time="28.221"/>
  <testcase classname="visionRA.Test.TranslineConfig" name="TAS_DC_008" time="25.811"/>
  <testcase classname="visionRA.Test.TranslineConfig" name="TAS_DC_009" time="25.727"/>
  <testcase classname="visionRA.Test.TranslineConfig" name="TAS_DC_010" time="31.502"/>
  <testcase classname="visionRA.Test.TranslineConfig" name="TAS_DC_011" time="37.777"/>
  <testcase classname="visionRA.Test.TranslineConfig" name="TAS_DC_012" time="28.276"/>
  <testcase classname="visionRA.Test.TranslineConfig" name="TAS_DC_013" time="29.604"/>
  <testcase classname="visionRA.Test.TranslineConfig" name="TAS_DC_015" time="48.070"/>
  <testcase classname="visionRA.Test.TranslineConfig" name="TAS_DC_016" time="55.163"/>
  <testcase classname="visionRA.Test.TranslineConfig" name="TAS_DC_017" time="63.080"/>
  <testcase classname="visionRA.Test.TranslineConfig" name="TAS_DC_019" time="34.042"/>
</testsuite> <!-- visionRA.Test.TranslineConfig -->
