<?xml version="1.0" encoding="UTF-8"?>
<!-- Generated by org.testng.reporters.JUnitReportReporter -->
<testsuite hostname="DESKTOP-4JORBA0" failures="0" tests="16" name="Vision_RA.Test.RA_AlphaNumTab" time="849.549" errors="0" timestamp="2024-11-26T19:19:50 IST" skipped="0">
  <testcase classname="Vision_RA.Test.RA_AlphaNumTab" name="ALP_TAB_002" time="32.920"/>
  <system-out/>
  <testcase classname="Vision_RA.Test.RA_AlphaNumTab" name="ALP_TAB_004_ALP_TAB_003" time="41.267"/>
  <system-out/>
  <testcase classname="Vision_RA.Test.RA_AlphaNumTab" name="ALP_TAB_006" time="28.029"/>
  <system-out/>
  <testcase classname="Vision_RA.Test.RA_AlphaNumTab" name="ALP_TAB_007" time="26.923"/>
  <system-out/>
  <testcase classname="Vision_RA.Test.RA_AlphaNumTab" name="ALP_TAB_008" time="36.866"/>
  <system-out/>
  <testcase classname="Vision_RA.Test.RA_AlphaNumTab" name="ALP_TAB_009" time="32.567"/>
  <system-out/>
  <testcase classname="Vision_RA.Test.RA_AlphaNumTab" name="ALP_TAB_010" time="32.036"/>
  <system-out/>
  <testcase classname="Vision_RA.Test.RA_AlphaNumTab" name="ALP_TAB_014" time="39.290"/>
  <system-out/>
  <testcase classname="Vision_RA.Test.RA_AlphaNumTab" name="ALP_NUM_015" time="42.606"/>
  <system-out/>
  <testcase classname="Vision_RA.Test.RA_AlphaNumTab" name="ALP_NUM_016" time="34.182"/>
  <system-out/>
  <testcase classname="Vision_RA.Test.RA_AlphaNumTab" name="ALP_NUM_020" time="36.943"/>
  <system-out/>
  <testcase classname="Vision_RA.Test.RA_AlphaNumTab" name="ALP_NUM_023" time="40.540"/>
  <system-out/>
  <testcase classname="Vision_RA.Test.RA_AlphaNumTab" name="ALP_NUM_024" time="70.438"/>
  <system-out/>
  <testcase classname="Vision_RA.Test.RA_AlphaNumTab" name="ALP_NUM_025" time="34.815"/>
  <system-out/>
  <testcase classname="Vision_RA.Test.RA_AlphaNumTab" name="ALP_NUM_026" time="166.674"/>
  <system-out/>
  <testcase classname="Vision_RA.Test.RA_AlphaNumTab" name="ALP_NUM_027" time="153.453"/>
  <system-out/>
</testsuite> <!-- Vision_RA.Test.RA_AlphaNumTab -->
