<?xml version="1.0" encoding="UTF-8"?>
<!-- Generated by org.testng.reporters.JUnitReportReporter -->
<testsuite hostname="DESKTOP-4JORBA0" failures="0" tests="2" name="visionETLGP.ETLTest.ETL_Category" time="83.030" errors="0" timestamp="2024-04-02T15:00:41 IST" skipped="0">
  <testcase classname="visionETLGP.ETLTest.ETL_Category" name="ETL_CT_021" time="57.655"/>
  <testcase classname="visionETLGP.ETLTest.ETL_Category" name="ETL_CT_022" time="25.375"/>
</testsuite> <!-- visionETLGP.ETLTest.ETL_Category -->
