<?xml version="1.0" encoding="UTF-8"?>
<!-- Generated by org.testng.reporters.JUnitReportReporter -->
<testsuite hostname="DESKTOP-4JORBA0" failures="0" tests="3" name="visionRA.Test.BusinessLineConfig" time="313.267" errors="0" timestamp="2024-02-07T12:28:46 IST" skipped="0">
  <testcase classname="visionRA.Test.BusinessLineConfig" name="VAT_BUS_DC_006" time="73.788"/>
  <testcase classname="visionRA.Test.BusinessLineConfig" name="VAT_BUS_DC_009" time="94.462"/>
  <testcase classname="visionRA.Test.BusinessLineConfig" name="VAT_BUS_DC_008" time="145.017"/>
</testsuite> <!-- visionRA.Test.BusinessLineConfig -->
