<?xml version="1.0" encoding="UTF-8"?>
<!-- Generated by org.testng.reporters.JUnitReportReporter -->
<testsuite hostname="DESKTOP-4JORBA0" failures="0" tests="17" name="Vision_RA.Test.RA_ReconConfiguration" time="871.275" errors="0" timestamp="2025-05-05T14:53:30 IST" skipped="0">
  <testcase classname="Vision_RA.Test.RA_ReconConfiguration" name="RA_RC_001" time="22.292"/>
  <system-out/>
  <testcase classname="Vision_RA.Test.RA_ReconConfiguration" name="RA_RC_002" time="33.979"/>
  <system-out/>
  <testcase classname="Vision_RA.Test.RA_ReconConfiguration" name="RA_RC_003" time="31.260"/>
  <system-out/>
  <testcase classname="Vision_RA.Test.RA_ReconConfiguration" name="RA_RC_006" time="28.224"/>
  <system-out/>
  <testcase classname="Vision_RA.Test.RA_ReconConfiguration" name="RA_RC_007" time="31.178"/>
  <system-out/>
  <testcase classname="Vision_RA.Test.RA_ReconConfiguration" name="RA_RC_008" time="35.533"/>
  <system-out/>
  <testcase classname="Vision_RA.Test.RA_ReconConfiguration" name="RA_RC_009" time="31.184"/>
  <system-out/>
  <testcase classname="Vision_RA.Test.RA_ReconConfiguration" name="RA_RC_010" time="42.434"/>
  <system-out/>
  <testcase classname="Vision_RA.Test.RA_ReconConfiguration" name="RA_RC_011" time="38.432"/>
  <system-out/>
  <testcase classname="Vision_RA.Test.RA_ReconConfiguration" name="RA_RC_012" time="41.147"/>
  <system-out/>
  <testcase classname="Vision_RA.Test.RA_ReconConfiguration" name="RA_RC_013" time="34.126"/>
  <system-out/>
  <testcase classname="Vision_RA.Test.RA_ReconConfiguration" name="RA_RC_014" time="30.986"/>
  <system-out/>
  <testcase classname="Vision_RA.Test.RA_ReconConfiguration" name="RA_RC_015" time="330.092"/>
  <system-out/>
  <testcase classname="Vision_RA.Test.RA_ReconConfiguration" name="RA_RC_018" time="33.652"/>
  <system-out/>
  <testcase classname="Vision_RA.Test.RA_ReconConfiguration" name="RA_RC_019" time="36.523"/>
  <system-out/>
  <testcase classname="Vision_RA.Test.RA_ReconConfiguration" name="RA_RC_022" time="40.390"/>
  <system-out/>
  <testcase classname="Vision_RA.Test.RA_ReconConfiguration" name="RA_RC_023" time="29.843"/>
  <system-out/>
</testsuite> <!-- Vision_RA.Test.RA_ReconConfiguration -->
