<?xml version="1.0" encoding="UTF-8"?>
<!-- Generated by org.testng.reporters.JUnitReportReporter -->
<testsuite hostname="DESKTOP-4JORBA0" failures="0" tests="1" name="visionETL.Test.ETLFeedConfiguration" time="55.022" errors="0" timestamp="2024-09-30T12:24:38 IST" skipped="0">
  <testcase classname="visionETL.Test.ETLFeedConfiguration" name="ETL_FC_027" time="55.022"/>
  <system-out/>
</testsuite> <!-- visionETL.Test.ETLFeedConfiguration -->
