<?xml version="1.0" encoding="UTF-8"?>
<!-- Generated by org.testng.reporters.JUnitReportReporter -->
<testsuite hostname="DESKTOP-4JORBA0" failures="0" tests="4" name="visionETL.Test.ETL_Category" time="96.830" errors="0" timestamp="2024-08-07T15:04:06 IST" skipped="1">
  <testcase classname="visionETL.Test.ETL_Category" name="ETL_CT_002" time="30.728"/>
  <system-out/>
  <testcase classname="visionETL.Test.ETL_Category" name="ETL_CT_003" time="32.943"/>
  <system-out/>
  <testcase classname="visionETL.Test.ETL_Category" name="ETL_CT_004" time="33.159"/>
  <system-out/>
  <testcase classname="visionETL.Test.ETL_Category" name="ETL_CT_001">
    <skipped/>
  </testcase> <!-- ETL_CT_001 -->
  <system-out/>
</testsuite> <!-- visionETL.Test.ETL_Category -->
