<?xml version="1.0" encoding="UTF-8"?>
<!-- Generated by org.testng.reporters.JUnitReportReporter -->
<testsuite hostname="DESKTOP-4JORBA0" failures="0" tests="24" name="visionETL.Test.ETL_Category" time="894.751" errors="1" timestamp="2024-09-19T12:46:50 IST" skipped="2">
  <testcase classname="visionETL.Test.ETL_Category" name="ETL_CT_002" time="20.463"/>
  <system-out/>
  <testcase classname="visionETL.Test.ETL_Category" name="ETL_CT_003" time="30.363"/>
  <system-out/>
  <testcase classname="visionETL.Test.ETL_Category" name="ETL_CT_004" time="40.103"/>
  <system-out/>
  <testcase classname="visionETL.Test.ETL_Category" name="ETL_CT_005" time="52.583"/>
  <system-out/>
  <testcase classname="visionETL.Test.ETL_Category" name="ETL_CT_006" time="30.874"/>
  <system-out/>
  <testcase classname="visionETL.Test.ETL_Category" name="ETL_CT_008" time="33.183"/>
  <system-out/>
  <testcase classname="visionETL.Test.ETL_Category" name="ETL_CT_009" time="33.427"/>
  <system-out/>
  <testcase classname="visionETL.Test.ETL_Category" name="ETL_CT_010" time="70.617"/>
  <system-out/>
  <testcase classname="visionETL.Test.ETL_Category" name="ETL_CT_011" time="29.596"/>
  <system-out/>
  <testcase classname="visionETL.Test.ETL_Category" name="ETL_CT_012" time="19.815"/>
  <system-out/>
  <testcase classname="visionETL.Test.ETL_Category" name="ETL_CT_013" time="43.215"/>
  <system-out/>
  <testcase classname="visionETL.Test.ETL_Category" name="ETL_CT_014" time="53.872"/>
  <system-out/>
  <testcase classname="visionETL.Test.ETL_Category" name="ETL_CT_015" time="55.907"/>
  <system-out/>
  <testcase classname="visionETL.Test.ETL_Category" name="ETL_CT_016" time="18.423"/>
  <system-out/>
  <testcase classname="visionETL.Test.ETL_Category" name="ETL_CT_017" time="43.419"/>
  <system-out/>
  <testcase classname="visionETL.Test.ETL_Category" name="ETL_CT_018" time="59.938"/>
  <system-out/>
  <testcase classname="visionETL.Test.ETL_Category" name="ETL_CT_019" time="30.247"/>
  <system-out/>
  <testcase classname="visionETL.Test.ETL_Category" name="ETL_CT_020" time="33.891"/>
  <system-out/>
  <testcase classname="visionETL.Test.ETL_Category" name="ETL_CT_021" time="63.171"/>
  <system-out/>
  <testcase classname="visionETL.Test.ETL_Category" name="ETL_CT_022" time="41.160"/>
  <system-out/>
  <testcase classname="visionETL.Test.ETL_Category" name="ETL_CT_023" time="46.142">
    <error message="no such element: Unable to locate element: {&quot;method&quot;:&quot;xpath&quot;,&quot;selector&quot;:&quot;//body/app-root[1]/app-main-container[1]/div[1]/div[2]/div[1]/app-category[1]/div[1]/div[1]/div[1]/div[1]/div[2]/div[2]/div[1]/div[1]/div[1]/div[1]/div[1]/div[1]/form[1]/div[1]/div[1]/div[4]/app-alert-mechanism[1]/div[1]/div[1]/div[2]/div[1]/label[1]/span[1]/span[1]&quot;}
  (Session info: chrome=128.0.6613.138)
For documentation on this error, please visit: https://www.selenium.dev/documentation/webdriver/troubleshooting/errors#no-such-element-exception
Build info: version: &#039;4.14.1&#039;, revision: &#039;03f8ede370&#039;
System info: os.name: &#039;Windows 10&#039;, os.arch: &#039;amd64&#039;, os.version: &#039;10.0&#039;, java.version: &#039;21.0.2&#039;
Driver info: org.openqa.selenium.chrome.ChromeDriver
Command: [8173b3b6af68c3dc18c284870c048cc1, findElement {using=xpath, value=//body/app-root[1]/app-main-container[1]/div[1]/div[2]/div[1]/app-category[1]/div[1]/div[1]/div[1]/div[1]/div[2]/div[2]/div[1]/div[1]/div[1]/div[1]/div[1]/div[1]/form[1]/div[1]/div[1]/div[4]/app-alert-mechanism[1]/div[1]/div[1]/div[2]/div[1]/label[1]/span[1]/span[1]}]
Capabilities {acceptInsecureCerts: false, browserName: chrome, browserVersion: 128.0.6613.138, chrome: {chromedriverVersion: 128.0.6613.137 (fe621c5aa2d..., userDataDir: C:\Users\Welcome\AppData\Lo...}, fedcm:accounts: true, goog:chromeOptions: {debuggerAddress: localhost:54728}, networkConnectionEnabled: false, pageLoadStrategy: normal, platformName: windows, proxy: Proxy(), se:cdp: ws://localhost:54728/devtoo..., se:cdpVersion: 128.0.6613.138, setWindowRect: true, strictFileInteractability: false, timeouts: {implicit: 0, pageLoad: 300000, script: 30000}, unhandledPromptBehavior: dismiss and notify, webauthn:extension:credBlob: true, webauthn:extension:largeBlob: true, webauthn:extension:minPinLength: true, webauthn:extension:prf: true, webauthn:virtualAuthenticators: true}
Session ID: 8173b3b6af68c3dc18c284870c048cc1" type="org.openqa.selenium.NoSuchElementException">
      <![CDATA[org.openqa.selenium.NoSuchElementException: no such element: Unable to locate element: {"method":"xpath","selector":"//body/app-root[1]/app-main-container[1]/div[1]/div[2]/div[1]/app-category[1]/div[1]/div[1]/div[1]/div[1]/div[2]/div[2]/div[1]/div[1]/div[1]/div[1]/div[1]/div[1]/form[1]/div[1]/div[1]/div[4]/app-alert-mechanism[1]/div[1]/div[1]/div[2]/div[1]/label[1]/span[1]/span[1]"}
  (Session info: chrome=128.0.6613.138)
For documentation on this error, please visit: https://www.selenium.dev/documentation/webdriver/troubleshooting/errors#no-such-element-exception
Build info: version: '4.14.1', revision: '03f8ede370'
System info: os.name: 'Windows 10', os.arch: 'amd64', os.version: '10.0', java.version: '21.0.2'
Driver info: org.openqa.selenium.chrome.ChromeDriver
Command: [8173b3b6af68c3dc18c284870c048cc1, findElement {using=xpath, value=//body/app-root[1]/app-main-container[1]/div[1]/div[2]/div[1]/app-category[1]/div[1]/div[1]/div[1]/div[1]/div[2]/div[2]/div[1]/div[1]/div[1]/div[1]/div[1]/div[1]/form[1]/div[1]/div[1]/div[4]/app-alert-mechanism[1]/div[1]/div[1]/div[2]/div[1]/label[1]/span[1]/span[1]}]
Capabilities {acceptInsecureCerts: false, browserName: chrome, browserVersion: 128.0.6613.138, chrome: {chromedriverVersion: 128.0.6613.137 (fe621c5aa2d..., userDataDir: C:\Users\Welcome\AppData\Lo...}, fedcm:accounts: true, goog:chromeOptions: {debuggerAddress: localhost:54728}, networkConnectionEnabled: false, pageLoadStrategy: normal, platformName: windows, proxy: Proxy(), se:cdp: ws://localhost:54728/devtoo..., se:cdpVersion: 128.0.6613.138, setWindowRect: true, strictFileInteractability: false, timeouts: {implicit: 0, pageLoad: 300000, script: 30000}, unhandledPromptBehavior: dismiss and notify, webauthn:extension:credBlob: true, webauthn:extension:largeBlob: true, webauthn:extension:minPinLength: true, webauthn:extension:prf: true, webauthn:virtualAuthenticators: true}
Session ID: 8173b3b6af68c3dc18c284870c048cc1
at java.base/jdk.internal.reflect.DirectConstructorHandleAccessor.newInstance(DirectConstructorHandleAccessor.java:62)
at java.base/java.lang.reflect.Constructor.newInstanceWithCaller(Constructor.java:502)
at java.base/java.lang.reflect.Constructor.newInstance(Constructor.java:486)
at org.openqa.selenium.remote.codec.w3c.W3CHttpResponseCodec.createException(W3CHttpResponseCodec.java:200)
at org.openqa.selenium.remote.codec.w3c.W3CHttpResponseCodec.decode(W3CHttpResponseCodec.java:133)
at org.openqa.selenium.remote.codec.w3c.W3CHttpResponseCodec.decode(W3CHttpResponseCodec.java:52)
at org.openqa.selenium.remote.HttpCommandExecutor.execute(HttpCommandExecutor.java:191)
at org.openqa.selenium.remote.service.DriverCommandExecutor.invokeExecute(DriverCommandExecutor.java:200)
at org.openqa.selenium.remote.service.DriverCommandExecutor.execute(DriverCommandExecutor.java:175)
at org.openqa.selenium.remote.RemoteWebDriver.execute(RemoteWebDriver.java:602)
at org.openqa.selenium.remote.ElementLocation$ElementFinder$2.findElement(ElementLocation.java:165)
at org.openqa.selenium.remote.ElementLocation.findElement(ElementLocation.java:59)
at org.openqa.selenium.remote.RemoteWebDriver.findElement(RemoteWebDriver.java:359)
at org.openqa.selenium.remote.RemoteWebDriver.findElement(RemoteWebDriver.java:353)
at visionETL.Test.ETL_Category.ETL_CT_023(ETL_Category.java:1080)
at java.base/jdk.internal.reflect.DirectMethodHandleAccessor.invoke(DirectMethodHandleAccessor.java:103)
at java.base/java.lang.reflect.Method.invoke(Method.java:580)
at org.testng.internal.MethodInvocationHelper.invokeMethod(MethodInvocationHelper.java:133)
at org.testng.internal.TestInvoker.invokeMethod(TestInvoker.java:598)
at org.testng.internal.TestInvoker.invokeTestMethod(TestInvoker.java:173)
at org.testng.internal.MethodRunner.runInSequence(MethodRunner.java:46)
at org.testng.internal.TestInvoker$MethodInvocationAgent.invoke(TestInvoker.java:824)
at org.testng.internal.TestInvoker.invokeTestMethods(TestInvoker.java:146)
at org.testng.internal.TestMethodWorker.invokeTestMethods(TestMethodWorker.java:146)
at org.testng.internal.TestMethodWorker.run(TestMethodWorker.java:128)
at java.base/java.util.concurrent.ThreadPoolExecutor.runWorker(ThreadPoolExecutor.java:1144)
at java.base/java.util.concurrent.ThreadPoolExecutor$Worker.run(ThreadPoolExecutor.java:642)
at java.base/java.lang.Thread.run(Thread.java:1583)
]]>
    </error>
  </testcase> <!-- ETL_CT_023 -->
  <system-out/>
  <testcase classname="visionETL.Test.ETL_Category" name="ETL_CT_024" time="44.342"/>
  <system-out/>
  <testcase classname="visionETL.Test.ETL_Category" name="ETL_CT_007">
    <skipped/>
  </testcase> <!-- ETL_CT_007 -->
  <system-out/>
  <testcase classname="visionETL.Test.ETL_Category" name="ETL_CT_001">
    <skipped/>
  </testcase> <!-- ETL_CT_001 -->
  <system-out/>
</testsuite> <!-- visionETL.Test.ETL_Category -->
