<?xml version="1.0" encoding="UTF-8"?>
<!-- Generated by org.testng.reporters.JUnitReportReporter -->
<testsuite hostname="DESKTOP-4JORBA0" failures="0" tests="3" name="visionRA.Test.RA_General" time="49.146" errors="0" timestamp="2024-02-02T11:40:26 IST" skipped="0">
  <testcase classname="visionRA.Test.RA_General" name="RA_Login" time="16.607"/>
  <testcase classname="visionRA.Test.RA_General" name="RA_Login" time="18.200"/>
  <testcase classname="visionRA.Test.RA_General" name="RA_Login" time="14.339"/>
</testsuite> <!-- visionRA.Test.RA_General -->
