<?xml version="1.0" encoding="UTF-8"?>
<!-- Generated by org.testng.reporters.JUnitReportReporter -->
<testsuite hostname="DESKTOP-4JORBA0" failures="0" tests="1" name="visionETLGP.ETLTest.ETLLandingPage" time="14.499" errors="0" timestamp="2024-02-19T16:50:35 IST" skipped="0">
  <testcase classname="visionETLGP.ETLTest.ETLLandingPage" name="ETL_LP_050" time="14.499"/>
</testsuite> <!-- visionETLGP.ETLTest.ETLLandingPage -->
