<?xml version="1.0" encoding="UTF-8"?>
<!-- Generated by org.testng.reporters.JUnitReportReporter -->
<testsuite hostname="DESKTOP-4JORBA0" failures="0" tests="1" name="visionRA.Test.Sample" time="109.199" errors="0" timestamp="2024-02-02T13:26:06 IST" skipped="0">
  <testcase classname="visionRA.Test.Sample" name="TAS_DC_017" time="109.199"/>
</testsuite> <!-- visionRA.Test.Sample -->
