<?xml version="1.0" encoding="UTF-8"?>
<!-- Generated by org.testng.reporters.JUnitReportReporter -->
<testsuite hostname="DESKTOP-4JORBA0" failures="0" tests="1" name="visionRA.Test.RA_TranslineConfig" time="29.056" errors="0" timestamp="2024-04-18T13:11:12 IST" skipped="0">
  <testcase classname="visionRA.Test.RA_TranslineConfig" name="VAT_TAS_DC_028" time="29.056"/>
</testsuite> <!-- visionRA.Test.RA_TranslineConfig -->
