<?xml version="1.0" encoding="UTF-8"?>
<!-- Generated by org.testng.reporters.JUnitReportReporter -->
<testsuite hostname="DESKTOP-4JORBA0" failures="0" tests="21" name="Vision_RA.Test.RA_BusinessLineConfig" time="1497.723" errors="0" timestamp="2024-12-03T16:48:25 IST" skipped="0">
  <testcase classname="Vision_RA.Test.RA_BusinessLineConfig" name="BUS_DC_001" time="40.289"/>
  <system-out/>
  <testcase classname="Vision_RA.Test.RA_BusinessLineConfig" name="BUS_DC_002" time="45.152"/>
  <system-out/>
  <testcase classname="Vision_RA.Test.RA_BusinessLineConfig" name="BUS_DC_003" time="64.495"/>
  <system-out/>
  <testcase classname="Vision_RA.Test.RA_BusinessLineConfig" name="BUS_DC_004" time="78.065"/>
  <system-out/>
  <testcase classname="Vision_RA.Test.RA_BusinessLineConfig" name="BUS_DC_005" time="90.918"/>
  <system-out/>
  <testcase classname="Vision_RA.Test.RA_BusinessLineConfig" name="BUS_DC_006" time="124.661"/>
  <system-out/>
  <testcase classname="Vision_RA.Test.RA_BusinessLineConfig" name="BUS_DC_009" time="145.768"/>
  <system-out/>
  <testcase classname="Vision_RA.Test.RA_BusinessLineConfig" name="BUS_DC_008" time="195.389"/>
  <system-out/>
  <testcase classname="Vision_RA.Test.RA_BusinessLineConfig" name="BUS_DC_010" time="44.612"/>
  <system-out/>
  <testcase classname="Vision_RA.Test.RA_BusinessLineConfig" name="BUS_DC_013" time="50.430"/>
  <system-out/>
  <testcase classname="Vision_RA.Test.RA_BusinessLineConfig" name="BUS_DC_014" time="51.024"/>
  <system-out/>
  <testcase classname="Vision_RA.Test.RA_BusinessLineConfig" name="BUS_DC_012" time="106.190"/>
  <system-out/>
  <testcase classname="Vision_RA.Test.RA_BusinessLineConfig" name="BUS_DC_015" time="37.112"/>
  <system-out/>
  <testcase classname="Vision_RA.Test.RA_BusinessLineConfig" name="BUS_DC_016" time="49.054"/>
  <system-out/>
  <testcase classname="Vision_RA.Test.RA_BusinessLineConfig" name="BUS_DC_017" time="92.986"/>
  <system-out/>
  <testcase classname="Vision_RA.Test.RA_BusinessLineConfig" name="BUS_DC_020" time="66.976"/>
  <system-out/>
  <testcase classname="Vision_RA.Test.RA_BusinessLineConfig" name="BUS_DC_021" time="36.580"/>
  <system-out/>
  <testcase classname="Vision_RA.Test.RA_BusinessLineConfig" name="BUS_DC_019" time="40.183"/>
  <system-out/>
  <testcase classname="Vision_RA.Test.RA_BusinessLineConfig" name="BUS_DC_007" time="48.277"/>
  <system-out/>
  <testcase classname="Vision_RA.Test.RA_BusinessLineConfig" name="BUS_DC_023" time="47.696"/>
  <system-out/>
  <testcase classname="Vision_RA.Test.RA_BusinessLineConfig" name="BUS_DC_024" time="41.866"/>
  <system-out/>
</testsuite> <!-- Vision_RA.Test.RA_BusinessLineConfig -->
