<?xml version="1.0" encoding="UTF-8"?>
<!-- Generated by org.testng.reporters.JUnitReportReporter -->
<testsuite hostname="DESKTOP-4JORBA0" failures="0" tests="1" name="visionETL.Test.ETLConnector" time="14.058" errors="0" timestamp="2024-08-08T17:17:21 IST" skipped="0">
  <testcase classname="visionETL.Test.ETLConnector" name="ETL_CC_001" time="14.058"/>
  <system-out/>
</testsuite> <!-- visionETL.Test.ETLConnector -->
