<?xml version="1.0" encoding="UTF-8"?>
<!-- Generated by org.testng.reporters.JUnitReportReporter -->
<testsuite hostname="DESKTOP-4JORBA0" failures="0" tests="1" name="visionDQ.Test.DQCleanser" time="23.586" errors="0" timestamp="2024-05-02T16:38:31 IST" skipped="0">
  <testcase classname="visionDQ.Test.DQCleanser" name="DQ_CR_012" time="23.586"/>
</testsuite> <!-- visionDQ.Test.DQCleanser -->
