<?xml version="1.0" encoding="UTF-8"?>
<!-- Generated by org.testng.reporters.JUnitReportReporter -->
<testsuite hostname="DESKTOP-4JORBA0" failures="0" tests="4" name="visionRA.Test.RA_MasterConfiguration" time="117.522" errors="0" timestamp="2024-07-25T12:47:56 IST" skipped="0">
  <testcase classname="visionRA.Test.RA_MasterConfiguration" name="RA_MC_001" time="28.358"/>
  <testcase classname="visionRA.Test.RA_MasterConfiguration" name="RA_MC_002" time="26.995"/>
  <testcase classname="visionRA.Test.RA_MasterConfiguration" name="RA_MC_003" time="32.765"/>
  <testcase classname="visionRA.Test.RA_MasterConfiguration" name="RA_MC_004" time="29.404"/>
</testsuite> <!-- visionRA.Test.RA_MasterConfiguration -->
