<?xml version="1.0" encoding="UTF-8"?>
<!-- Generated by org.testng.reporters.JUnitReportReporter -->
<testsuite hostname="DESKTOP-4JORBA0" failures="0" tests="1" name="visionETLGP.ETLTest.ETLLandingPage" time="56.409" errors="0" timestamp="2024-01-24T18:11:54 IST" skipped="0">
  <testcase classname="visionETLGP.ETLTest.ETLLandingPage" name="ETL_LP_044" time="56.409"/>
</testsuite> <!-- visionETLGP.ETLTest.ETLLandingPage -->
