<?xml version="1.0" encoding="UTF-8"?>
<!-- Generated by org.testng.reporters.JUnitReportReporter -->
<testsuite hostname="DESKTOP-4JORBA0" failures="0" tests="3" name="Vision_RA.Test.RA_FeesPriority" time="144.358" errors="0" timestamp="2024-11-26T19:19:50 IST" skipped="0">
  <testcase classname="Vision_RA.Test.RA_FeesPriority" name="FES_PRI_005" time="27.006"/>
  <system-out/>
  <testcase classname="Vision_RA.Test.RA_FeesPriority" name="FES_PRI_006" time="33.827"/>
  <system-out/>
  <testcase classname="Vision_RA.Test.RA_FeesPriority" name="FES_PRI_004" time="83.525"/>
  <system-out/>
</testsuite> <!-- Vision_RA.Test.RA_FeesPriority -->
