<?xml version="1.0" encoding="UTF-8"?>
<!-- Generated by org.testng.reporters.JUnitReportReporter -->
<testsuite hostname="DESKTOP-4JORBA0" failures="0" tests="1" name="Vision_FTP.FTP_Groups" time="97.692" errors="0" timestamp="2025-04-04T17:54:55 IST" skipped="0">
  <testcase classname="Vision_FTP.FTP_Groups" name="FTP_GR_057" time="97.692"/>
  <system-out/>
</testsuite> <!-- Vision_FTP.FTP_Groups -->
