<?xml version="1.0" encoding="UTF-8"?>
<!-- Generated by org.testng.reporters.JUnitReportReporter -->
<testsuite hostname="DESKTOP-4JORBA0" failures="0" tests="12" name="visionRA.Test.RA_BusinessLineConfig" time="644.015" errors="1" timestamp="2024-07-25T12:47:56 IST" skipped="0">
  <testcase classname="visionRA.Test.RA_BusinessLineConfig" name="VAT_BUS_DC_001" time="33.942"/>
  <testcase classname="visionRA.Test.RA_BusinessLineConfig" name="VAT_BUS_DC_002" time="32.382"/>
  <testcase classname="visionRA.Test.RA_BusinessLineConfig" name="VAT_BUS_DC_003" time="42.311"/>
  <testcase classname="visionRA.Test.RA_BusinessLineConfig" name="VAT_BUS_DC_004" time="29.110">
    <error message="element click intercepted: Element &lt;span _ngcontent-qgg-c207=&quot;&quot; title=&quot;...&quot;&gt;Business Line Configuration&lt;/span&gt; is not clickable at point (470, 69). Other element would receive the click: &lt;div _ngcontent-qgg-c150=&quot;&quot; id=&quot;loader_1&quot; class=&quot;loader&quot; style=&quot;display: block;&quot;&gt;...&lt;/div&gt;
  (Session info: chrome=126.0.6478.127)
Build info: version: &#039;4.14.1&#039;, revision: &#039;03f8ede370&#039;
System info: os.name: &#039;Windows 10&#039;, os.arch: &#039;amd64&#039;, os.version: &#039;10.0&#039;, java.version: &#039;17.0.8.1&#039;
Driver info: org.openqa.selenium.chrome.ChromeDriver
Command: [95f89dd3507778e0e675639f01ba1735, clickElement {id=f.14E3C548F66AF7A79FB52848573404BF.d.C81AF00468C36F37923080E663B84417.e.77}]
Capabilities {acceptInsecureCerts: false, browserName: chrome, browserVersion: 126.0.6478.127, chrome: {chromedriverVersion: 126.0.6478.182 (5b5d8292ddf..., userDataDir: C:\Users\Welcome\AppData\Lo...}, fedcm:accounts: true, goog:chromeOptions: {debuggerAddress: localhost:52962}, networkConnectionEnabled: false, pageLoadStrategy: normal, platformName: windows, proxy: Proxy(), se:cdp: ws://localhost:52962/devtoo..., se:cdpVersion: 126.0.6478.127, setWindowRect: true, strictFileInteractability: false, timeouts: {implicit: 0, pageLoad: 300000, script: 30000}, unhandledPromptBehavior: dismiss and notify, webauthn:extension:credBlob: true, webauthn:extension:largeBlob: true, webauthn:extension:minPinLength: true, webauthn:extension:prf: true, webauthn:virtualAuthenticators: true}
Element: [[ChromeDriver: chrome on windows (95f89dd3507778e0e675639f01ba1735)] -&gt; xpath: //span[contains(text(),&#039;Business Line Configuration&#039;)]]
Session ID: 95f89dd3507778e0e675639f01ba1735" type="org.openqa.selenium.ElementClickInterceptedException">
      <![CDATA[org.openqa.selenium.ElementClickInterceptedException: element click intercepted: Element <span _ngcontent-qgg-c207="" title="...">Business Line Configuration</span> is not clickable at point (470, 69). Other element would receive the click: <div _ngcontent-qgg-c150="" id="loader_1" class="loader" style="display: block;">...</div>
  (Session info: chrome=126.0.6478.127)
Build info: version: '4.14.1', revision: '03f8ede370'
System info: os.name: 'Windows 10', os.arch: 'amd64', os.version: '10.0', java.version: '17.0.8.1'
Driver info: org.openqa.selenium.chrome.ChromeDriver
Command: [95f89dd3507778e0e675639f01ba1735, clickElement {id=f.14E3C548F66AF7A79FB52848573404BF.d.C81AF00468C36F37923080E663B84417.e.77}]
Capabilities {acceptInsecureCerts: false, browserName: chrome, browserVersion: 126.0.6478.127, chrome: {chromedriverVersion: 126.0.6478.182 (5b5d8292ddf..., userDataDir: C:\Users\Welcome\AppData\Lo...}, fedcm:accounts: true, goog:chromeOptions: {debuggerAddress: localhost:52962}, networkConnectionEnabled: false, pageLoadStrategy: normal, platformName: windows, proxy: Proxy(), se:cdp: ws://localhost:52962/devtoo..., se:cdpVersion: 126.0.6478.127, setWindowRect: true, strictFileInteractability: false, timeouts: {implicit: 0, pageLoad: 300000, script: 30000}, unhandledPromptBehavior: dismiss and notify, webauthn:extension:credBlob: true, webauthn:extension:largeBlob: true, webauthn:extension:minPinLength: true, webauthn:extension:prf: true, webauthn:virtualAuthenticators: true}
Element: [[ChromeDriver: chrome on windows (95f89dd3507778e0e675639f01ba1735)] -> xpath: //span[contains(text(),'Business Line Configuration')]]
Session ID: 95f89dd3507778e0e675639f01ba1735
at java.base/jdk.internal.reflect.NativeConstructorAccessorImpl.newInstance0(Native Method)
at java.base/jdk.internal.reflect.NativeConstructorAccessorImpl.newInstance(NativeConstructorAccessorImpl.java:77)
at java.base/jdk.internal.reflect.DelegatingConstructorAccessorImpl.newInstance(DelegatingConstructorAccessorImpl.java:45)
at java.base/java.lang.reflect.Constructor.newInstanceWithCaller(Constructor.java:499)
at java.base/java.lang.reflect.Constructor.newInstance(Constructor.java:480)
at org.openqa.selenium.remote.codec.w3c.W3CHttpResponseCodec.createException(W3CHttpResponseCodec.java:200)
at org.openqa.selenium.remote.codec.w3c.W3CHttpResponseCodec.decode(W3CHttpResponseCodec.java:133)
at org.openqa.selenium.remote.codec.w3c.W3CHttpResponseCodec.decode(W3CHttpResponseCodec.java:52)
at org.openqa.selenium.remote.HttpCommandExecutor.execute(HttpCommandExecutor.java:191)
at org.openqa.selenium.remote.service.DriverCommandExecutor.invokeExecute(DriverCommandExecutor.java:200)
at org.openqa.selenium.remote.service.DriverCommandExecutor.execute(DriverCommandExecutor.java:175)
at org.openqa.selenium.remote.RemoteWebDriver.execute(RemoteWebDriver.java:602)
at org.openqa.selenium.remote.RemoteWebElement.execute(RemoteWebElement.java:224)
at org.openqa.selenium.remote.RemoteWebElement.click(RemoteWebElement.java:77)
at visionRA.Test.RA_BusinessLineConfig.VAT_BUS_DC_004(RA_BusinessLineConfig.java:299)
at java.base/jdk.internal.reflect.NativeMethodAccessorImpl.invoke0(Native Method)
at java.base/jdk.internal.reflect.NativeMethodAccessorImpl.invoke(NativeMethodAccessorImpl.java:77)
at java.base/jdk.internal.reflect.DelegatingMethodAccessorImpl.invoke(DelegatingMethodAccessorImpl.java:43)
at java.base/java.lang.reflect.Method.invoke(Method.java:568)
at org.testng.internal.invokers.MethodInvocationHelper.invokeMethod(MethodInvocationHelper.java:139)
at org.testng.internal.invokers.TestInvoker.invokeMethod(TestInvoker.java:664)
at org.testng.internal.invokers.TestInvoker.invokeTestMethod(TestInvoker.java:227)
at org.testng.internal.invokers.MethodRunner.runInSequence(MethodRunner.java:50)
at org.testng.internal.invokers.TestInvoker$MethodInvocationAgent.invoke(TestInvoker.java:957)
at org.testng.internal.invokers.TestInvoker.invokeTestMethods(TestInvoker.java:200)
at org.testng.internal.invokers.TestMethodWorker.invokeTestMethods(TestMethodWorker.java:148)
at org.testng.internal.invokers.TestMethodWorker.run(TestMethodWorker.java:128)
at java.base/java.util.ArrayList.forEach(ArrayList.java:1511)
at org.testng.TestRunner.privateRun(TestRunner.java:848)
at org.testng.TestRunner.run(TestRunner.java:621)
at org.testng.SuiteRunner.runTest(SuiteRunner.java:443)
at org.testng.SuiteRunner.runSequentially(SuiteRunner.java:437)
at org.testng.SuiteRunner.privateRun(SuiteRunner.java:397)
at org.testng.SuiteRunner.run(SuiteRunner.java:336)
at org.testng.SuiteRunnerWorker.runSuite(SuiteRunnerWorker.java:52)
at org.testng.SuiteRunnerWorker.run(SuiteRunnerWorker.java:95)
at org.testng.TestNG.runSuitesSequentially(TestNG.java:1280)
at org.testng.TestNG.runSuitesLocally(TestNG.java:1200)
at org.testng.TestNG.runSuites(TestNG.java:1114)
at org.testng.TestNG.run(TestNG.java:1082)
at org.testng.remote.AbstractRemoteTestNG.run(AbstractRemoteTestNG.java:115)
at org.testng.remote.RemoteTestNG.initAndRun(RemoteTestNG.java:251)
at org.testng.remote.RemoteTestNG.main(RemoteTestNG.java:77)
]]>
    </error>
  </testcase> <!-- VAT_BUS_DC_004 -->
  <testcase classname="visionRA.Test.RA_BusinessLineConfig" name="VAT_BUS_DC_005" time="63.175"/>
  <testcase classname="visionRA.Test.RA_BusinessLineConfig" name="VAT_BUS_DC_006" time="80.098"/>
  <testcase classname="visionRA.Test.RA_BusinessLineConfig" name="VAT_BUS_DC_009" time="96.110"/>
  <testcase classname="visionRA.Test.RA_BusinessLineConfig" name="VAT_BUS_DC_008" time="116.714"/>
  <testcase classname="visionRA.Test.RA_BusinessLineConfig" name="VAT_BUS_DC_010" time="35.496"/>
  <testcase classname="visionRA.Test.RA_BusinessLineConfig" name="VAT_BUS_DC_013" time="40.224"/>
  <testcase classname="visionRA.Test.RA_BusinessLineConfig" name="VAT_BUS_DC_014" time="40.757"/>
  <testcase classname="visionRA.Test.RA_BusinessLineConfig" name="VAT_BUS_DC_012" time="33.696"/>
</testsuite> <!-- visionRA.Test.RA_BusinessLineConfig -->
