<?xml version="1.0" encoding="UTF-8"?>
<!-- Generated by org.testng.reporters.JUnitReportReporter -->
<testsuite hostname="DESKTOP-4JORBA0" failures="0" tests="1" name="visionETLGP.ETLTest.Full_ETL_FLOW" time="37.018" errors="0" timestamp="2024-04-16T19:39:43 IST" skipped="0">
  <testcase classname="visionETLGP.ETLTest.Full_ETL_FLOW" name="FullETL011" time="37.018"/>
</testsuite> <!-- visionETLGP.ETLTest.Full_ETL_FLOW -->
