<?xml version="1.0" encoding="UTF-8"?>
<!-- Generated by org.testng.reporters.JUnitReportReporter -->
<testsuite hostname="DESKTOP-4JORBA0" failures="0" tests="16" name="Vision_RA.Test.RA_AlphaNumTab" time="861.863" errors="0" timestamp="2025-03-14T16:56:16 IST" skipped="0">
  <testcase classname="Vision_RA.Test.RA_AlphaNumTab" name="ALP_TAB_002" time="36.223"/>
  <system-out/>
  <testcase classname="Vision_RA.Test.RA_AlphaNumTab" name="ALP_TAB_004_ALP_TAB_003" time="43.874"/>
  <system-out/>
  <testcase classname="Vision_RA.Test.RA_AlphaNumTab" name="ALP_TAB_006" time="30.670"/>
  <system-out/>
  <testcase classname="Vision_RA.Test.RA_AlphaNumTab" name="ALP_TAB_007" time="24.368"/>
  <system-out/>
  <testcase classname="Vision_RA.Test.RA_AlphaNumTab" name="ALP_TAB_008" time="37.205"/>
  <system-out/>
  <testcase classname="Vision_RA.Test.RA_AlphaNumTab" name="ALP_TAB_009" time="34.155"/>
  <system-out/>
  <testcase classname="Vision_RA.Test.RA_AlphaNumTab" name="ALP_TAB_010" time="33.358"/>
  <system-out/>
  <testcase classname="Vision_RA.Test.RA_AlphaNumTab" name="ALP_TAB_014" time="33.022"/>
  <system-out/>
  <testcase classname="Vision_RA.Test.RA_AlphaNumTab" name="ALP_NUM_015" time="36.058"/>
  <system-out/>
  <testcase classname="Vision_RA.Test.RA_AlphaNumTab" name="ALP_NUM_016" time="34.996"/>
  <system-out/>
  <testcase classname="Vision_RA.Test.RA_AlphaNumTab" name="ALP_NUM_020" time="34.972"/>
  <system-out/>
  <testcase classname="Vision_RA.Test.RA_AlphaNumTab" name="ALP_NUM_023" time="42.339"/>
  <system-out/>
  <testcase classname="Vision_RA.Test.RA_AlphaNumTab" name="ALP_NUM_024" time="69.996"/>
  <system-out/>
  <testcase classname="Vision_RA.Test.RA_AlphaNumTab" name="ALP_NUM_025" time="37.206"/>
  <system-out/>
  <testcase classname="Vision_RA.Test.RA_AlphaNumTab" name="ALP_NUM_026" time="163.791"/>
  <system-out/>
  <testcase classname="Vision_RA.Test.RA_AlphaNumTab" name="ALP_NUM_027" time="169.630"/>
  <system-out/>
</testsuite> <!-- Vision_RA.Test.RA_AlphaNumTab -->
