<?xml version="1.0" encoding="UTF-8"?>
<!-- Generated by org.testng.reporters.JUnitReportReporter -->
<testsuite hostname="DESKTOP-4JORBA0" failures="0" tests="1" name="visionRA.Test.ConcessionConfig" time="45.039" errors="0" timestamp="2024-02-16T18:52:56 IST" skipped="0">
  <testcase classname="visionRA.Test.ConcessionConfig" name="CON_DC_011" time="45.039"/>
</testsuite> <!-- visionRA.Test.ConcessionConfig -->
