<?xml version="1.0" encoding="UTF-8"?>
<!-- Generated by org.testng.reporters.JUnitReportReporter -->
<testsuite hostname="DESKTOP-4JORBA0" failures="0" tests="1" name="visionETLGP.ETLTest.ETLConnector" time="66.549" errors="0" timestamp="2024-02-01T12:56:39 IST" skipped="0">
  <testcase classname="visionETLGP.ETLTest.ETLConnector" name="ETL_CC_016" time="66.549"/>
</testsuite> <!-- visionETLGP.ETLTest.ETLConnector -->
