<?xml version="1.0" encoding="UTF-8"?>
<!-- Generated by org.testng.reporters.JUnitReportReporter -->
<testsuite hostname="DESKTOP-4JORBA0" failures="0" tests="1" name="visionETLGP.ETLTest.ETL_Category" time="64.320" errors="0" timestamp="2024-02-19T12:23:43 IST" skipped="0">
  <testcase classname="visionETLGP.ETLTest.ETL_Category" name="ETL_CT_010" time="64.320"/>
</testsuite> <!-- visionETLGP.ETLTest.ETL_Category -->
