<?xml version="1.0" encoding="UTF-8"?>
<!-- Generated by org.testng.reporters.JUnitReportReporter -->
<testsuite hostname="DESKTOP-4JORBA0" failures="0" tests="1" name="visionRA.Test.RA_TranslineConfig" time="37.777" errors="0" timestamp="2024-06-12T14:04:50 IST" skipped="0">
  <testcase classname="visionRA.Test.RA_TranslineConfig" name="VAT_TAS_DC_031" time="37.777"/>
</testsuite> <!-- visionRA.Test.RA_TranslineConfig -->
