<?xml version="1.0" encoding="UTF-8"?>
<!-- Generated by org.testng.reporters.JUnitReportReporter -->
<testsuite hostname="DESKTOP-4JORBA0" failures="0" tests="1" name="visionETLGP.ETLTest.ETLFeedConfiguration" time="29.486" errors="0" timestamp="2024-07-04T14:54:58 IST" skipped="0">
  <testcase classname="visionETLGP.ETLTest.ETLFeedConfiguration" name="ETL_FC_050" time="29.486"/>
</testsuite> <!-- visionETLGP.ETLTest.ETLFeedConfiguration -->
