<?xml version="1.0" encoding="UTF-8"?>
<!-- Generated by org.testng.reporters.JUnitReportReporter -->
<testsuite hostname="DESKTOP-4JORBA0" failures="0" tests="39" name="visionETLGP.ETLTest.ETLConnector" time="4.731" errors="1" timestamp="2024-07-02T17:06:10 IST" skipped="38">
  <testcase classname="visionETLGP.ETLTest.ETLConnector" name="BrowserOpening" time="4.727">
    <error message="no such window: target window already closed
from unknown error: web view not found
  (Session info: chrome=126.0.6478.56)
Build info: version: &#039;4.14.1&#039;, revision: &#039;03f8ede370&#039;
System info: os.name: &#039;Windows 10&#039;, os.arch: &#039;amd64&#039;, os.version: &#039;10.0&#039;, java.version: &#039;17.0.8.1&#039;
Driver info: org.openqa.selenium.chrome.ChromeDriver
Command: [1987ce9d37bf18a301ff5de6cacb2c17, get {url=http://202.83.25.244:9010/}]
Capabilities {acceptInsecureCerts: false, browserName: chrome, browserVersion: 126.0.6478.56, chrome: {chromedriverVersion: 126.0.6478.126 (d36ace6122e..., userDataDir: C:\Users\Welcome\AppData\Lo...}, fedcm:accounts: true, goog:chromeOptions: {debuggerAddress: localhost:59067}, networkConnectionEnabled: false, pageLoadStrategy: normal, platformName: windows, proxy: Proxy(), se:cdp: ws://localhost:59067/devtoo..., se:cdpVersion: 126.0.6478.56, setWindowRect: true, strictFileInteractability: false, timeouts: {implicit: 0, pageLoad: 300000, script: 30000}, unhandledPromptBehavior: dismiss and notify, webauthn:extension:credBlob: true, webauthn:extension:largeBlob: true, webauthn:extension:minPinLength: true, webauthn:extension:prf: true, webauthn:virtualAuthenticators: true}
Session ID: 1987ce9d37bf18a301ff5de6cacb2c17" type="org.openqa.selenium.NoSuchWindowException">
      <![CDATA[org.openqa.selenium.NoSuchWindowException: no such window: target window already closed
from unknown error: web view not found
  (Session info: chrome=126.0.6478.56)
Build info: version: '4.14.1', revision: '03f8ede370'
System info: os.name: 'Windows 10', os.arch: 'amd64', os.version: '10.0', java.version: '17.0.8.1'
Driver info: org.openqa.selenium.chrome.ChromeDriver
Command: [1987ce9d37bf18a301ff5de6cacb2c17, get {url=http://202.83.25.244:9010/}]
Capabilities {acceptInsecureCerts: false, browserName: chrome, browserVersion: 126.0.6478.56, chrome: {chromedriverVersion: 126.0.6478.126 (d36ace6122e..., userDataDir: C:\Users\Welcome\AppData\Lo...}, fedcm:accounts: true, goog:chromeOptions: {debuggerAddress: localhost:59067}, networkConnectionEnabled: false, pageLoadStrategy: normal, platformName: windows, proxy: Proxy(), se:cdp: ws://localhost:59067/devtoo..., se:cdpVersion: 126.0.6478.56, setWindowRect: true, strictFileInteractability: false, timeouts: {implicit: 0, pageLoad: 300000, script: 30000}, unhandledPromptBehavior: dismiss and notify, webauthn:extension:credBlob: true, webauthn:extension:largeBlob: true, webauthn:extension:minPinLength: true, webauthn:extension:prf: true, webauthn:virtualAuthenticators: true}
Session ID: 1987ce9d37bf18a301ff5de6cacb2c17
at java.base/jdk.internal.reflect.NativeConstructorAccessorImpl.newInstance0(Native Method)
at java.base/jdk.internal.reflect.NativeConstructorAccessorImpl.newInstance(NativeConstructorAccessorImpl.java:77)
at java.base/jdk.internal.reflect.DelegatingConstructorAccessorImpl.newInstance(DelegatingConstructorAccessorImpl.java:45)
at java.base/java.lang.reflect.Constructor.newInstanceWithCaller(Constructor.java:499)
at java.base/java.lang.reflect.Constructor.newInstance(Constructor.java:480)
at org.openqa.selenium.remote.codec.w3c.W3CHttpResponseCodec.createException(W3CHttpResponseCodec.java:200)
at org.openqa.selenium.remote.codec.w3c.W3CHttpResponseCodec.decode(W3CHttpResponseCodec.java:133)
at org.openqa.selenium.remote.codec.w3c.W3CHttpResponseCodec.decode(W3CHttpResponseCodec.java:52)
at org.openqa.selenium.remote.HttpCommandExecutor.execute(HttpCommandExecutor.java:191)
at org.openqa.selenium.remote.service.DriverCommandExecutor.invokeExecute(DriverCommandExecutor.java:200)
at org.openqa.selenium.remote.service.DriverCommandExecutor.execute(DriverCommandExecutor.java:175)
at org.openqa.selenium.remote.RemoteWebDriver.execute(RemoteWebDriver.java:602)
at org.openqa.selenium.remote.RemoteWebDriver.get(RemoteWebDriver.java:304)
at visionETLGP.ETLTest.ETLConnector.BrowserOpening(ETLConnector.java:41)
at java.base/jdk.internal.reflect.NativeMethodAccessorImpl.invoke0(Native Method)
at java.base/jdk.internal.reflect.NativeMethodAccessorImpl.invoke(NativeMethodAccessorImpl.java:77)
at java.base/jdk.internal.reflect.DelegatingMethodAccessorImpl.invoke(DelegatingMethodAccessorImpl.java:43)
at java.base/java.lang.reflect.Method.invoke(Method.java:568)
at org.testng.internal.invokers.MethodInvocationHelper.invokeMethod(MethodInvocationHelper.java:139)
at org.testng.internal.invokers.MethodInvocationHelper.invokeMethodConsideringTimeout(MethodInvocationHelper.java:69)
at org.testng.internal.invokers.ConfigInvoker.invokeConfigurationMethod(ConfigInvoker.java:390)
at org.testng.internal.invokers.ConfigInvoker.invokeConfigurations(ConfigInvoker.java:325)
at org.testng.internal.invokers.TestInvoker.runConfigMethods(TestInvoker.java:810)
at org.testng.internal.invokers.TestInvoker.invokeMethod(TestInvoker.java:577)
at org.testng.internal.invokers.TestInvoker.invokeTestMethod(TestInvoker.java:227)
at org.testng.internal.invokers.MethodRunner.runInSequence(MethodRunner.java:50)
at org.testng.internal.invokers.TestInvoker$MethodInvocationAgent.invoke(TestInvoker.java:957)
at org.testng.internal.invokers.TestInvoker.invokeTestMethods(TestInvoker.java:200)
at org.testng.internal.invokers.TestMethodWorker.invokeTestMethods(TestMethodWorker.java:148)
at org.testng.internal.invokers.TestMethodWorker.run(TestMethodWorker.java:128)
at java.base/java.util.ArrayList.forEach(ArrayList.java:1511)
at org.testng.TestRunner.privateRun(TestRunner.java:848)
at org.testng.TestRunner.run(TestRunner.java:621)
at org.testng.SuiteRunner.runTest(SuiteRunner.java:443)
at org.testng.SuiteRunner.runSequentially(SuiteRunner.java:437)
at org.testng.SuiteRunner.privateRun(SuiteRunner.java:397)
at org.testng.SuiteRunner.run(SuiteRunner.java:336)
at org.testng.SuiteRunnerWorker.runSuite(SuiteRunnerWorker.java:52)
at org.testng.SuiteRunnerWorker.run(SuiteRunnerWorker.java:95)
at org.testng.TestNG.runSuitesSequentially(TestNG.java:1280)
at org.testng.TestNG.runSuitesLocally(TestNG.java:1200)
at org.testng.TestNG.runSuites(TestNG.java:1114)
at org.testng.TestNG.run(TestNG.java:1082)
at org.testng.remote.AbstractRemoteTestNG.run(AbstractRemoteTestNG.java:115)
at org.testng.remote.RemoteTestNG.initAndRun(RemoteTestNG.java:251)
at org.testng.remote.RemoteTestNG.main(RemoteTestNG.java:77)
]]>
    </error>
  </testcase> <!-- BrowserOpening -->
  <testcase classname="visionETLGP.ETLTest.ETLConnector" name="ETL_CC_001" time="0.000">
    <skipped/>
  </testcase> <!-- ETL_CC_001 -->
  <testcase classname="visionETLGP.ETLTest.ETLConnector" name="ETL_CC_005" time="0.000">
    <skipped/>
  </testcase> <!-- ETL_CC_005 -->
  <testcase classname="visionETLGP.ETLTest.ETLConnector" name="ETL_CC_009" time="0.000">
    <skipped/>
  </testcase> <!-- ETL_CC_009 -->
  <testcase classname="visionETLGP.ETLTest.ETLConnector" name="ETL_CC_011" time="0.000">
    <skipped/>
  </testcase> <!-- ETL_CC_011 -->
  <testcase classname="visionETLGP.ETLTest.ETLConnector" name="ETL_CC_012" time="0.000">
    <skipped/>
  </testcase> <!-- ETL_CC_012 -->
  <testcase classname="visionETLGP.ETLTest.ETLConnector" name="ETL_CC_013" time="0.000">
    <skipped/>
  </testcase> <!-- ETL_CC_013 -->
  <testcase classname="visionETLGP.ETLTest.ETLConnector" name="ETL_CC_014" time="0.000">
    <skipped/>
  </testcase> <!-- ETL_CC_014 -->
  <testcase classname="visionETLGP.ETLTest.ETLConnector" name="ETL_CC_015" time="0.000">
    <skipped/>
  </testcase> <!-- ETL_CC_015 -->
  <testcase classname="visionETLGP.ETLTest.ETLConnector" name="ETL_CC_016" time="0.000">
    <skipped/>
  </testcase> <!-- ETL_CC_016 -->
  <testcase classname="visionETLGP.ETLTest.ETLConnector" name="ETL_CC_017" time="0.001">
    <skipped/>
  </testcase> <!-- ETL_CC_017 -->
  <testcase classname="visionETLGP.ETLTest.ETLConnector" name="ETL_CC_018" time="0.000">
    <skipped/>
  </testcase> <!-- ETL_CC_018 -->
  <testcase classname="visionETLGP.ETLTest.ETLConnector" name="ETL_CC_019" time="0.000">
    <skipped/>
  </testcase> <!-- ETL_CC_019 -->
  <testcase classname="visionETLGP.ETLTest.ETLConnector" name="ETL_CC_020" time="0.000">
    <skipped/>
  </testcase> <!-- ETL_CC_020 -->
  <testcase classname="visionETLGP.ETLTest.ETLConnector" name="ETL_CC_021" time="0.000">
    <skipped/>
  </testcase> <!-- ETL_CC_021 -->
  <testcase classname="visionETLGP.ETLTest.ETLConnector" name="ETL_CC_022" time="0.000">
    <skipped/>
  </testcase> <!-- ETL_CC_022 -->
  <testcase classname="visionETLGP.ETLTest.ETLConnector" name="ETL_CC_026" time="0.000">
    <skipped/>
  </testcase> <!-- ETL_CC_026 -->
  <testcase classname="visionETLGP.ETLTest.ETLConnector" name="ETL_CC_027" time="0.000">
    <skipped/>
  </testcase> <!-- ETL_CC_027 -->
  <testcase classname="visionETLGP.ETLTest.ETLConnector" name="ETL_CC_028" time="0.000">
    <skipped/>
  </testcase> <!-- ETL_CC_028 -->
  <testcase classname="visionETLGP.ETLTest.ETLConnector" name="ETL_CC_029" time="0.000">
    <skipped/>
  </testcase> <!-- ETL_CC_029 -->
  <testcase classname="visionETLGP.ETLTest.ETLConnector" name="ETL_CC_030" time="0.000">
    <skipped/>
  </testcase> <!-- ETL_CC_030 -->
  <testcase classname="visionETLGP.ETLTest.ETLConnector" name="ETL_CC_034" time="0.002">
    <skipped/>
  </testcase> <!-- ETL_CC_034 -->
  <testcase classname="visionETLGP.ETLTest.ETLConnector" name="ETL_CC_031" time="0.001">
    <skipped/>
  </testcase> <!-- ETL_CC_031 -->
  <testcase classname="visionETLGP.ETLTest.ETLConnector" name="ETL_CC_032" time="0.000">
    <skipped/>
  </testcase> <!-- ETL_CC_032 -->
  <testcase classname="visionETLGP.ETLTest.ETLConnector" name="ETL_CC_023" time="0.000">
    <skipped/>
  </testcase> <!-- ETL_CC_023 -->
  <testcase classname="visionETLGP.ETLTest.ETLConnector" name="ETL_CC_024" time="0.000">
    <skipped/>
  </testcase> <!-- ETL_CC_024 -->
  <testcase classname="visionETLGP.ETLTest.ETLConnector" name="ETL_CC_025" time="0.000">
    <skipped/>
  </testcase> <!-- ETL_CC_025 -->
  <testcase classname="visionETLGP.ETLTest.ETLConnector" name="ETL_CC_033" time="0.000">
    <skipped/>
  </testcase> <!-- ETL_CC_033 -->
  <testcase classname="visionETLGP.ETLTest.ETLConnector" name="ETL_CC_035" time="0.000">
    <skipped/>
  </testcase> <!-- ETL_CC_035 -->
  <testcase classname="visionETLGP.ETLTest.ETLConnector" name="ETL_CC_036" time="0.000">
    <skipped/>
  </testcase> <!-- ETL_CC_036 -->
  <testcase classname="visionETLGP.ETLTest.ETLConnector" name="ETL_CC_037" time="0.000">
    <skipped/>
  </testcase> <!-- ETL_CC_037 -->
  <testcase classname="visionETLGP.ETLTest.ETLConnector" name="ETL_CC_038" time="0.000">
    <skipped/>
  </testcase> <!-- ETL_CC_038 -->
  <testcase classname="visionETLGP.ETLTest.ETLConnector" name="ETL_CC_007">
    <skipped/>
  </testcase> <!-- ETL_CC_007 -->
  <testcase classname="visionETLGP.ETLTest.ETLConnector" name="ETL_CC_008">
    <skipped/>
  </testcase> <!-- ETL_CC_008 -->
  <testcase classname="visionETLGP.ETLTest.ETLConnector" name="ETL_CC_010">
    <skipped/>
  </testcase> <!-- ETL_CC_010 -->
  <testcase classname="visionETLGP.ETLTest.ETLConnector" name="ETL_CC_002">
    <skipped/>
  </testcase> <!-- ETL_CC_002 -->
  <testcase classname="visionETLGP.ETLTest.ETLConnector" name="ETL_CC_003">
    <skipped/>
  </testcase> <!-- ETL_CC_003 -->
  <testcase classname="visionETLGP.ETLTest.ETLConnector" name="ETL_CC_004">
    <skipped/>
  </testcase> <!-- ETL_CC_004 -->
  <testcase classname="visionETLGP.ETLTest.ETLConnector" name="ETL_CC_006">
    <skipped/>
  </testcase> <!-- ETL_CC_006 -->
</testsuite> <!-- visionETLGP.ETLTest.ETLConnector -->
