<?xml version="1.0" encoding="UTF-8"?>
<!-- Generated by org.testng.reporters.JUnitReportReporter -->
<testsuite hostname="DESKTOP-4JORBA0" failures="0" tests="18" name="visionETL.Test.ETL_General" time="10.800" errors="1" timestamp="2024-09-02T18:33:13 IST" skipped="17">
  <testcase classname="visionETL.Test.ETL_General" name="ETL_DC_001" time="0.000">
    <skipped/>
  </testcase> <!-- ETL_DC_001 -->
  <system-out/>
  <testcase classname="visionETL.Test.ETL_General" name="ETL_DC_001" time="0.000">
    <skipped/>
  </testcase> <!-- ETL_DC_001 -->
  <system-out/>
  <testcase classname="visionETL.Test.ETL_General" name="ETL_DC_001" time="0.000">
    <skipped/>
  </testcase> <!-- ETL_DC_001 -->
  <system-out/>
  <testcase classname="visionETL.Test.ETL_General" name="setUp" time="10.800">
    <error message="no such window: target window already closed
from unknown error: web view not found
  (Session info: chrome=128.0.6613.85)
Build info: version: &#039;4.14.1&#039;, revision: &#039;03f8ede370&#039;
System info: os.name: &#039;Windows 10&#039;, os.arch: &#039;amd64&#039;, os.version: &#039;10.0&#039;, java.version: &#039;21.0.2&#039;
Driver info: org.openqa.selenium.chrome.ChromeDriver
Command: [6f0afba17e060852cd94e4fae748df77, maximizeCurrentWindow {}]
Capabilities {acceptInsecureCerts: false, browserName: chrome, browserVersion: 128.0.6613.85, chrome: {chromedriverVersion: 128.0.6613.86 (3045ed680fda..., userDataDir: C:\Users\Welcome\AppData\Lo...}, fedcm:accounts: true, goog:chromeOptions: {debuggerAddress: localhost:57206}, networkConnectionEnabled: false, pageLoadStrategy: normal, platformName: windows, proxy: Proxy(), setWindowRect: true, strictFileInteractability: false, timeouts: {implicit: 0, pageLoad: 300000, script: 30000}, unhandledPromptBehavior: dismiss and notify, webauthn:extension:credBlob: true, webauthn:extension:largeBlob: true, webauthn:extension:minPinLength: true, webauthn:extension:prf: true, webauthn:virtualAuthenticators: true}
Session ID: 6f0afba17e060852cd94e4fae748df77" type="org.openqa.selenium.NoSuchWindowException">
      <![CDATA[org.openqa.selenium.NoSuchWindowException: no such window: target window already closed
from unknown error: web view not found
  (Session info: chrome=128.0.6613.85)
Build info: version: '4.14.1', revision: '03f8ede370'
System info: os.name: 'Windows 10', os.arch: 'amd64', os.version: '10.0', java.version: '21.0.2'
Driver info: org.openqa.selenium.chrome.ChromeDriver
Command: [6f0afba17e060852cd94e4fae748df77, maximizeCurrentWindow {}]
Capabilities {acceptInsecureCerts: false, browserName: chrome, browserVersion: 128.0.6613.85, chrome: {chromedriverVersion: 128.0.6613.86 (3045ed680fda..., userDataDir: C:\Users\Welcome\AppData\Lo...}, fedcm:accounts: true, goog:chromeOptions: {debuggerAddress: localhost:57206}, networkConnectionEnabled: false, pageLoadStrategy: normal, platformName: windows, proxy: Proxy(), setWindowRect: true, strictFileInteractability: false, timeouts: {implicit: 0, pageLoad: 300000, script: 30000}, unhandledPromptBehavior: dismiss and notify, webauthn:extension:credBlob: true, webauthn:extension:largeBlob: true, webauthn:extension:minPinLength: true, webauthn:extension:prf: true, webauthn:virtualAuthenticators: true}
Session ID: 6f0afba17e060852cd94e4fae748df77
at java.base/jdk.internal.reflect.DirectConstructorHandleAccessor.newInstance(DirectConstructorHandleAccessor.java:62)
at java.base/java.lang.reflect.Constructor.newInstanceWithCaller(Constructor.java:502)
at java.base/java.lang.reflect.Constructor.newInstance(Constructor.java:486)
at org.openqa.selenium.remote.codec.w3c.W3CHttpResponseCodec.createException(W3CHttpResponseCodec.java:200)
at org.openqa.selenium.remote.codec.w3c.W3CHttpResponseCodec.decode(W3CHttpResponseCodec.java:133)
at org.openqa.selenium.remote.codec.w3c.W3CHttpResponseCodec.decode(W3CHttpResponseCodec.java:52)
at org.openqa.selenium.remote.HttpCommandExecutor.execute(HttpCommandExecutor.java:191)
at org.openqa.selenium.remote.service.DriverCommandExecutor.invokeExecute(DriverCommandExecutor.java:200)
at org.openqa.selenium.remote.service.DriverCommandExecutor.execute(DriverCommandExecutor.java:175)
at org.openqa.selenium.remote.RemoteWebDriver.execute(RemoteWebDriver.java:602)
at org.openqa.selenium.remote.RemoteWebDriver.execute(RemoteWebDriver.java:675)
at org.openqa.selenium.remote.RemoteWebDriver.execute(RemoteWebDriver.java:679)
at org.openqa.selenium.remote.RemoteWebDriver$RemoteWebDriverOptions$RemoteWindow.maximize(RemoteWebDriver.java:1073)
at visionETL.Test.BaseClass.setUp(BaseClass.java:18)
at java.base/jdk.internal.reflect.DirectMethodHandleAccessor.invoke(DirectMethodHandleAccessor.java:103)
at java.base/java.lang.reflect.Method.invoke(Method.java:580)
at org.testng.internal.MethodInvocationHelper.invokeMethod(MethodInvocationHelper.java:133)
at org.testng.internal.MethodInvocationHelper.invokeMethodConsideringTimeout(MethodInvocationHelper.java:62)
at org.testng.internal.ConfigInvoker.invokeConfigurationMethod(ConfigInvoker.java:385)
at org.testng.internal.ConfigInvoker.invokeConfigurations(ConfigInvoker.java:321)
at org.testng.internal.TestInvoker.runConfigMethods(TestInvoker.java:700)
at org.testng.internal.TestInvoker.invokeMethod(TestInvoker.java:527)
at org.testng.internal.TestInvoker.invokeTestMethod(TestInvoker.java:173)
at org.testng.internal.MethodRunner.runInSequence(MethodRunner.java:46)
at org.testng.internal.TestInvoker$MethodInvocationAgent.invoke(TestInvoker.java:824)
at org.testng.internal.TestInvoker.invokeTestMethods(TestInvoker.java:146)
at org.testng.internal.TestMethodWorker.invokeTestMethods(TestMethodWorker.java:146)
at org.testng.internal.TestMethodWorker.run(TestMethodWorker.java:128)
at java.base/java.util.concurrent.ThreadPoolExecutor.runWorker(ThreadPoolExecutor.java:1144)
at java.base/java.util.concurrent.ThreadPoolExecutor$Worker.run(ThreadPoolExecutor.java:642)
at java.base/java.lang.Thread.run(Thread.java:1583)
]]>
    </error>
  </testcase> <!-- setUp -->
  <system-out/>
  <testcase classname="visionETL.Test.ETL_General" name="ETL_DC_010" time="0.000">
    <skipped/>
  </testcase> <!-- ETL_DC_010 -->
  <system-out/>
  <testcase classname="visionETL.Test.ETL_General" name="ETL_DC_015" time="0.000">
    <skipped/>
  </testcase> <!-- ETL_DC_015 -->
  <system-out/>
  <testcase classname="visionETL.Test.ETL_General" name="ETL_DC_016" time="0.000">
    <skipped/>
  </testcase> <!-- ETL_DC_016 -->
  <system-out/>
  <testcase classname="visionETL.Test.ETL_General" name="ETL_DC_017" time="0.000">
    <skipped/>
  </testcase> <!-- ETL_DC_017 -->
  <system-out/>
  <testcase classname="visionETL.Test.ETL_General" name="ETL_DC_018" time="0.000">
    <skipped/>
  </testcase> <!-- ETL_DC_018 -->
  <system-out/>
  <testcase classname="visionETL.Test.ETL_General" name="ETL_DC_019" time="0.000">
    <skipped/>
  </testcase> <!-- ETL_DC_019 -->
  <system-out/>
  <testcase classname="visionETL.Test.ETL_General" name="ETL_DC_009" time="0.000">
    <skipped/>
  </testcase> <!-- ETL_DC_009 -->
  <system-out/>
  <testcase classname="visionETL.Test.ETL_General" name="ETL_DC_013" time="0.000">
    <skipped/>
  </testcase> <!-- ETL_DC_013 -->
  <system-out/>
  <testcase classname="visionETL.Test.ETL_General" name="ETL_DC_014" time="0.000">
    <skipped/>
  </testcase> <!-- ETL_DC_014 -->
  <system-out/>
  <testcase classname="visionETL.Test.ETL_General" name="ETL_DC_005" time="0.000">
    <skipped/>
  </testcase> <!-- ETL_DC_005 -->
  <system-out/>
  <testcase classname="visionETL.Test.ETL_General" name="ETL_DC_029" time="0.000">
    <skipped/>
  </testcase> <!-- ETL_DC_029 -->
  <system-out/>
  <testcase classname="visionETL.Test.ETL_General" name="ETL_DC_032" time="0.000">
    <skipped/>
  </testcase> <!-- ETL_DC_032 -->
  <system-out/>
  <testcase classname="visionETL.Test.ETL_General" name="ETL_DC_020" time="0.000">
    <skipped/>
  </testcase> <!-- ETL_DC_020 -->
  <system-out/>
  <testcase classname="visionETL.Test.ETL_General" name="ETL_DC_022" time="0.000">
    <skipped/>
  </testcase> <!-- ETL_DC_022 -->
  <system-out/>
</testsuite> <!-- visionETL.Test.ETL_General -->
