<?xml version="1.0" encoding="UTF-8"?>
<!-- Generated by org.testng.reporters.JUnitReportReporter -->
<testsuite hostname="DESKTOP-4JORBA0" failures="0" tests="1" name="visionSTUDIO.ReportSuite" time="35.146" errors="0" timestamp="2024-05-20T18:17:05 IST" skipped="0">
  <testcase classname="visionSTUDIO.ReportSuite" name="REP_DC_008" time="35.146"/>
</testsuite> <!-- visionSTUDIO.ReportSuite -->
