<?xml version="1.0" encoding="UTF-8"?>
<!-- Generated by org.testng.reporters.JUnitReportReporter -->
<testsuite hostname="DESKTOP-4JORBA0" failures="0" tests="16" name="Vision_RA.Test.RA_AlphaNumTab" time="872.248" errors="0" timestamp="2024-12-03T16:48:25 IST" skipped="0">
  <testcase classname="Vision_RA.Test.RA_AlphaNumTab" name="ALP_TAB_002" time="37.049"/>
  <system-out/>
  <testcase classname="Vision_RA.Test.RA_AlphaNumTab" name="ALP_TAB_004_ALP_TAB_003" time="41.868"/>
  <system-out/>
  <testcase classname="Vision_RA.Test.RA_AlphaNumTab" name="ALP_TAB_006" time="28.177"/>
  <system-out/>
  <testcase classname="Vision_RA.Test.RA_AlphaNumTab" name="ALP_TAB_007" time="35.028"/>
  <system-out/>
  <testcase classname="Vision_RA.Test.RA_AlphaNumTab" name="ALP_TAB_008" time="37.924"/>
  <system-out/>
  <testcase classname="Vision_RA.Test.RA_AlphaNumTab" name="ALP_TAB_009" time="33.281"/>
  <system-out/>
  <testcase classname="Vision_RA.Test.RA_AlphaNumTab" name="ALP_TAB_010" time="35.054"/>
  <system-out/>
  <testcase classname="Vision_RA.Test.RA_AlphaNumTab" name="ALP_TAB_014" time="35.412"/>
  <system-out/>
  <testcase classname="Vision_RA.Test.RA_AlphaNumTab" name="ALP_NUM_015" time="40.050"/>
  <system-out/>
  <testcase classname="Vision_RA.Test.RA_AlphaNumTab" name="ALP_NUM_016" time="35.398"/>
  <system-out/>
  <testcase classname="Vision_RA.Test.RA_AlphaNumTab" name="ALP_NUM_020" time="37.654"/>
  <system-out/>
  <testcase classname="Vision_RA.Test.RA_AlphaNumTab" name="ALP_NUM_023" time="42.952"/>
  <system-out/>
  <testcase classname="Vision_RA.Test.RA_AlphaNumTab" name="ALP_NUM_024" time="69.559"/>
  <system-out/>
  <testcase classname="Vision_RA.Test.RA_AlphaNumTab" name="ALP_NUM_025" time="33.421"/>
  <system-out/>
  <testcase classname="Vision_RA.Test.RA_AlphaNumTab" name="ALP_NUM_026" time="172.804"/>
  <system-out/>
  <testcase classname="Vision_RA.Test.RA_AlphaNumTab" name="ALP_NUM_027" time="156.617"/>
  <system-out/>
</testsuite> <!-- Vision_RA.Test.RA_AlphaNumTab -->
