<?xml version="1.0" encoding="UTF-8"?>
<!-- Generated by org.testng.reporters.JUnitReportReporter -->
<testsuite hostname="DESKTOP-4JORBA0" failures="0" tests="5" name="visionRA.Test.RA_General" time="105.995" errors="0" timestamp="2024-07-25T12:47:56 IST" skipped="0">
  <testcase classname="visionRA.Test.RA_General" name="VAT_RA_Login" time="17.697"/>
  <testcase classname="visionRA.Test.RA_General" name="VAT_RA_Login" time="15.637"/>
  <testcase classname="visionRA.Test.RA_General" name="VAT_RA_Login" time="16.318"/>
  <testcase classname="visionRA.Test.RA_General" name="RA_GL_006" time="34.901"/>
  <testcase classname="visionRA.Test.RA_General" name="RA_GL_009" time="21.442"/>
</testsuite> <!-- visionRA.Test.RA_General -->
