<?xml version="1.0" encoding="UTF-8"?>
<!-- Generated by org.testng.reporters.JUnitReportReporter -->
<testsuite hostname="DESKTOP-4JORBA0" failures="0" tests="9" name="visionETLGP.ETLTest.Full_ETL_FLOW" time="419.226" errors="0" timestamp="2024-02-23T18:03:08 IST" skipped="0">
  <testcase classname="visionETLGP.ETLTest.Full_ETL_FLOW" name="FullETL1" time="62.869"/>
  <testcase classname="visionETLGP.ETLTest.Full_ETL_FLOW" name="FullETL2" time="22.633"/>
  <testcase classname="visionETLGP.ETLTest.Full_ETL_FLOW" name="FullETL3" time="56.714"/>
  <testcase classname="visionETLGP.ETLTest.Full_ETL_FLOW" name="FullETL4" time="21.599"/>
  <testcase classname="visionETLGP.ETLTest.Full_ETL_FLOW" name="FullETL5" time="56.558"/>
  <testcase classname="visionETLGP.ETLTest.Full_ETL_FLOW" name="FullETL6" time="22.381"/>
  <testcase classname="visionETLGP.ETLTest.Full_ETL_FLOW" name="FullETL7" time="33.969"/>
  <testcase classname="visionETLGP.ETLTest.Full_ETL_FLOW" name="FullETL8" time="22.839"/>
  <testcase classname="visionETLGP.ETLTest.Full_ETL_FLOW" name="FullETL9" time="119.664"/>
</testsuite> <!-- visionETLGP.ETLTest.Full_ETL_FLOW -->
