<?xml version="1.0" encoding="UTF-8"?>
<!-- Generated by org.testng.reporters.JUnitReportReporter -->
<testsuite hostname="DESKTOP-4JORBA0" failures="0" tests="1" name="visionETLGP.ETLTest.ETLConnector" time="31.715" errors="0" timestamp="2024-04-22T15:29:15 IST" skipped="0">
  <testcase classname="visionETLGP.ETLTest.ETLConnector" name="ETL_CC_024" time="31.715"/>
</testsuite> <!-- visionETLGP.ETLTest.ETLConnector -->
