<?xml version="1.0" encoding="UTF-8"?>
<!-- Generated by org.testng.reporters.JUnitReportReporter -->
<testsuite hostname="DESKTOP-4JORBA0" failures="0" tests="8" name="visionRA.Test.RA_MasterConfiguration" time="279.139" errors="0" timestamp="2024-11-01T15:11:41 IST" skipped="0">
  <testcase classname="visionRA.Test.RA_MasterConfiguration" name="RA_MC_001" time="31.434"/>
  <system-out/>
  <testcase classname="visionRA.Test.RA_MasterConfiguration" name="RA_MC_002" time="24.279"/>
  <system-out/>
  <testcase classname="visionRA.Test.RA_MasterConfiguration" name="RA_MC_003" time="32.435"/>
  <system-out/>
  <testcase classname="visionRA.Test.RA_MasterConfiguration" name="RA_MC_004" time="29.983"/>
  <system-out/>
  <testcase classname="visionRA.Test.RA_MasterConfiguration" name="RA_MC_013" time="53.045"/>
  <system-out/>
  <testcase classname="visionRA.Test.RA_MasterConfiguration" name="RA_MC_012" time="48.830"/>
  <system-out/>
  <testcase classname="visionRA.Test.RA_MasterConfiguration" name="RA_MC_005" time="29.901"/>
  <system-out/>
  <testcase classname="visionRA.Test.RA_MasterConfiguration" name="RA_MC_007" time="29.232"/>
  <system-out/>
</testsuite> <!-- visionRA.Test.RA_MasterConfiguration -->
