<?xml version="1.0" encoding="UTF-8"?>
<!-- Generated by org.testng.reporters.JUnitReportReporter -->
<testsuite hostname="DESKTOP-4JORBA0" failures="0" tests="19" name="visionRA.Test.RA_BusinessLineConfig" time="1564.904" errors="0" timestamp="2024-10-18T15:28:44 IST" skipped="0">
  <testcase classname="visionRA.Test.RA_BusinessLineConfig" name="VAT_BUS_DC_001" time="48.536"/>
  <system-out/>
  <testcase classname="visionRA.Test.RA_BusinessLineConfig" name="VAT_BUS_DC_002" time="56.818"/>
  <system-out/>
  <testcase classname="visionRA.Test.RA_BusinessLineConfig" name="VAT_BUS_DC_003" time="72.695"/>
  <system-out/>
  <testcase classname="visionRA.Test.RA_BusinessLineConfig" name="VAT_BUS_DC_004" time="86.627"/>
  <system-out/>
  <testcase classname="visionRA.Test.RA_BusinessLineConfig" name="VAT_BUS_DC_005" time="98.562"/>
  <system-out/>
  <testcase classname="visionRA.Test.RA_BusinessLineConfig" name="VAT_BUS_DC_006" time="134.884"/>
  <system-out/>
  <testcase classname="visionRA.Test.RA_BusinessLineConfig" name="VAT_BUS_DC_009" time="154.755"/>
  <system-out/>
  <testcase classname="visionRA.Test.RA_BusinessLineConfig" name="VAT_BUS_DC_008" time="207.304"/>
  <system-out/>
  <testcase classname="visionRA.Test.RA_BusinessLineConfig" name="VAT_BUS_DC_010" time="49.942"/>
  <system-out/>
  <testcase classname="visionRA.Test.RA_BusinessLineConfig" name="VAT_BUS_DC_013" time="61.503"/>
  <system-out/>
  <testcase classname="visionRA.Test.RA_BusinessLineConfig" name="VAT_BUS_DC_014" time="56.667"/>
  <system-out/>
  <testcase classname="visionRA.Test.RA_BusinessLineConfig" name="VAT_BUS_DC_012" time="113.597"/>
  <system-out/>
  <testcase classname="visionRA.Test.RA_BusinessLineConfig" name="VAT_BUS_DC_015" time="44.344"/>
  <system-out/>
  <testcase classname="visionRA.Test.RA_BusinessLineConfig" name="VAT_BUS_DC_016" time="64.259"/>
  <system-out/>
  <testcase classname="visionRA.Test.RA_BusinessLineConfig" name="VAT_BUS_DC_017" time="98.724"/>
  <system-out/>
  <testcase classname="visionRA.Test.RA_BusinessLineConfig" name="VAT_BUS_DC_020" time="70.846"/>
  <system-out/>
  <testcase classname="visionRA.Test.RA_BusinessLineConfig" name="VAT_BUS_DC_021" time="48.216"/>
  <system-out/>
  <testcase classname="visionRA.Test.RA_BusinessLineConfig" name="VAT_BUS_DC_019" time="45.287"/>
  <system-out/>
  <testcase classname="visionRA.Test.RA_BusinessLineConfig" name="VAT_BUS_DC_007" time="51.338"/>
  <system-out/>
</testsuite> <!-- visionRA.Test.RA_BusinessLineConfig -->
