<?xml version="1.0" encoding="UTF-8"?>
<!-- Generated by org.testng.reporters.JUnitReportReporter -->
<testsuite hostname="DESKTOP-4JORBA0" failures="0" tests="29" name="Vision_RA.Test.RA_TranslineConfig" time="1407.217" errors="0" timestamp="2024-12-03T16:48:25 IST" skipped="0">
  <testcase classname="Vision_RA.Test.RA_TranslineConfig" name="TAS_DC_001" time="15.946"/>
  <system-out/>
  <testcase classname="Vision_RA.Test.RA_TranslineConfig" name="TAS_DC_002" time="58.469"/>
  <system-out/>
  <testcase classname="Vision_RA.Test.RA_TranslineConfig" name="TAS_DC_003" time="25.375"/>
  <system-out/>
  <testcase classname="Vision_RA.Test.RA_TranslineConfig" name="TAS_DC_004" time="24.972"/>
  <system-out/>
  <testcase classname="Vision_RA.Test.RA_TranslineConfig" name="TAS_DC_005" time="24.844"/>
  <system-out/>
  <testcase classname="Vision_RA.Test.RA_TranslineConfig" name="TAS_DC_006" time="31.185"/>
  <system-out/>
  <testcase classname="Vision_RA.Test.RA_TranslineConfig" name="TAS_DC_008" time="28.629"/>
  <system-out/>
  <testcase classname="Vision_RA.Test.RA_TranslineConfig" name="TAS_DC_009" time="30.154"/>
  <system-out/>
  <testcase classname="Vision_RA.Test.RA_TranslineConfig" name="TAS_DC_010" time="40.880"/>
  <system-out/>
  <testcase classname="Vision_RA.Test.RA_TranslineConfig" name="TAS_DC_011" time="49.292"/>
  <system-out/>
  <testcase classname="Vision_RA.Test.RA_TranslineConfig" name="TAS_DC_012" time="35.929"/>
  <system-out/>
  <testcase classname="Vision_RA.Test.RA_TranslineConfig" name="TAS_DC_013" time="40.084"/>
  <system-out/>
  <testcase classname="Vision_RA.Test.RA_TranslineConfig" name="TAS_DC_015" time="70.893"/>
  <system-out/>
  <testcase classname="Vision_RA.Test.RA_TranslineConfig" name="TAS_DC_016" time="79.462"/>
  <system-out/>
  <testcase classname="Vision_RA.Test.RA_TranslineConfig" name="TAS_DC_017" time="87.585"/>
  <system-out/>
  <testcase classname="Vision_RA.Test.RA_TranslineConfig" name="TAS_DC_019" time="57.190"/>
  <system-out/>
  <testcase classname="Vision_RA.Test.RA_TranslineConfig" name="TAS_DC_023" time="41.290"/>
  <system-out/>
  <testcase classname="Vision_RA.Test.RA_TranslineConfig" name="TAS_DC_026" time="94.212"/>
  <system-out/>
  <testcase classname="Vision_RA.Test.RA_TranslineConfig" name="TAS_DC_007" time="37.114"/>
  <system-out/>
  <testcase classname="Vision_RA.Test.RA_TranslineConfig" name="TAS_DC_024" time="70.366"/>
  <system-out/>
  <testcase classname="Vision_RA.Test.RA_TranslineConfig" name="TAS_DC_025" time="67.728"/>
  <system-out/>
  <testcase classname="Vision_RA.Test.RA_TranslineConfig" name="TAS_DC_028" time="38.106"/>
  <system-out/>
  <testcase classname="Vision_RA.Test.RA_TranslineConfig" name="TAS_DC_029" time="104.535"/>
  <system-out/>
  <testcase classname="Vision_RA.Test.RA_TranslineConfig" name="TAS_DC_031" time="35.399"/>
  <system-out/>
  <testcase classname="Vision_RA.Test.RA_TranslineConfig" name="TAS_DC_021" time="104.310"/>
  <system-out/>
  <testcase classname="Vision_RA.Test.RA_TranslineConfig" name="TAS_DC_035" time="32.446"/>
  <system-out/>
  <testcase classname="Vision_RA.Test.RA_TranslineConfig" name="TAS_DC_036" time="35.740"/>
  <system-out/>
  <testcase classname="Vision_RA.Test.RA_TranslineConfig" name="TAS_DC_037" time="20.959"/>
  <system-out/>
  <testcase classname="Vision_RA.Test.RA_TranslineConfig" name="TAS_DC_038" time="24.123"/>
  <system-out/>
</testsuite> <!-- Vision_RA.Test.RA_TranslineConfig -->
