<?xml version="1.0" encoding="UTF-8"?>
<!-- Generated by org.testng.reporters.JUnitReportReporter -->
<testsuite hostname="DESKTOP-4JORBA0" failures="0" tests="1" name="visionETLGP.ETLTest.ETLFeedConfiguration" time="25.282" errors="0" timestamp="2024-02-23T18:35:17 IST" skipped="0">
  <testcase classname="visionETLGP.ETLTest.ETLFeedConfiguration" name="ETL_FC_018" time="25.282"/>
</testsuite> <!-- visionETLGP.ETLTest.ETLFeedConfiguration -->
