<?xml version="1.0" encoding="UTF-8"?>
<!-- Generated by org.testng.reporters.JUnitReportReporter -->
<testsuite hostname="DESKTOP-4JORBA0" failures="0" tests="27" name="Vision_RA.Test.RA_TranslineConfig" time="1295.597" errors="0" timestamp="2025-05-05T14:53:30 IST" skipped="0">
  <testcase classname="Vision_RA.Test.RA_TranslineConfig" name="TAS_DC_001" time="18.018"/>
  <system-out/>
  <testcase classname="Vision_RA.Test.RA_TranslineConfig" name="TAS_DC_002" time="62.333"/>
  <system-out/>
  <testcase classname="Vision_RA.Test.RA_TranslineConfig" name="TAS_DC_003" time="26.432"/>
  <system-out/>
  <testcase classname="Vision_RA.Test.RA_TranslineConfig" name="TAS_DC_004" time="27.951"/>
  <system-out/>
  <testcase classname="Vision_RA.Test.RA_TranslineConfig" name="TAS_DC_005" time="26.038"/>
  <system-out/>
  <testcase classname="Vision_RA.Test.RA_TranslineConfig" name="TAS_DC_006" time="30.357"/>
  <system-out/>
  <testcase classname="Vision_RA.Test.RA_TranslineConfig" name="TAS_DC_008" time="32.561"/>
  <system-out/>
  <testcase classname="Vision_RA.Test.RA_TranslineConfig" name="TAS_DC_009" time="34.253"/>
  <system-out/>
  <testcase classname="Vision_RA.Test.RA_TranslineConfig" name="TAS_DC_010" time="42.802"/>
  <system-out/>
  <testcase classname="Vision_RA.Test.RA_TranslineConfig" name="TAS_DC_011" time="54.413"/>
  <system-out/>
  <testcase classname="Vision_RA.Test.RA_TranslineConfig" name="TAS_DC_012" time="39.337"/>
  <system-out/>
  <testcase classname="Vision_RA.Test.RA_TranslineConfig" name="TAS_DC_013" time="40.081"/>
  <system-out/>
  <testcase classname="Vision_RA.Test.RA_TranslineConfig" name="TAS_DC_015" time="74.678"/>
  <system-out/>
  <testcase classname="Vision_RA.Test.RA_TranslineConfig" name="TAS_DC_016" time="80.775"/>
  <system-out/>
  <testcase classname="Vision_RA.Test.RA_TranslineConfig" name="TAS_DC_017" time="83.962"/>
  <system-out/>
  <testcase classname="Vision_RA.Test.RA_TranslineConfig" name="TAS_DC_019" time="56.192"/>
  <system-out/>
  <testcase classname="Vision_RA.Test.RA_TranslineConfig" name="TAS_DC_023" time="45.699"/>
  <system-out/>
  <testcase classname="Vision_RA.Test.RA_TranslineConfig" name="TAS_DC_026" time="93.169"/>
  <system-out/>
  <testcase classname="Vision_RA.Test.RA_TranslineConfig" name="TAS_DC_007" time="40.940"/>
  <system-out/>
  <testcase classname="Vision_RA.Test.RA_TranslineConfig" name="TAS_DC_025" time="70.826"/>
  <system-out/>
  <testcase classname="Vision_RA.Test.RA_TranslineConfig" name="TAS_DC_028" time="44.356"/>
  <system-out/>
  <testcase classname="Vision_RA.Test.RA_TranslineConfig" name="TAS_DC_029" time="108.568"/>
  <system-out/>
  <testcase classname="Vision_RA.Test.RA_TranslineConfig" name="TAS_DC_031" time="35.596"/>
  <system-out/>
  <testcase classname="Vision_RA.Test.RA_TranslineConfig" name="TAS_DC_035" time="34.081"/>
  <system-out/>
  <testcase classname="Vision_RA.Test.RA_TranslineConfig" name="TAS_DC_036" time="36.757"/>
  <system-out/>
  <testcase classname="Vision_RA.Test.RA_TranslineConfig" name="TAS_DC_037" time="27.104"/>
  <system-out/>
  <testcase classname="Vision_RA.Test.RA_TranslineConfig" name="TAS_DC_038" time="28.318"/>
  <system-out/>
</testsuite> <!-- Vision_RA.Test.RA_TranslineConfig -->
