<?xml version="1.0" encoding="UTF-8"?>
<!-- Generated by org.testng.reporters.JUnitReportReporter -->
<testsuite hostname="DESKTOP-4JORBA0" failures="0" tests="1" name="visionRA.Test.RA_General" time="19.912" errors="0" timestamp="2024-04-09T13:31:21 IST" skipped="0">
  <testcase classname="visionRA.Test.RA_General" name="RA_GL_007" time="19.912"/>
</testsuite> <!-- visionRA.Test.RA_General -->
