<?xml version="1.0" encoding="UTF-8"?>
<!-- Generated by org.testng.reporters.JUnitReportReporter -->
<testsuite hostname="DESKTOP-4JORBA0" failures="0" tests="16" name="visionRA.Test.RA_AlphaNumTab" time="1169.429" errors="1" timestamp="2024-09-27T11:34:45 IST" skipped="0">
  <testcase classname="visionRA.Test.RA_AlphaNumTab" name="ALP_TAB_002" time="64.523"/>
  <system-out/>
  <testcase classname="visionRA.Test.RA_AlphaNumTab" name="ALP_TAB_004_ALP_TAB_003" time="66.524"/>
  <system-out/>
  <testcase classname="visionRA.Test.RA_AlphaNumTab" name="ALP_TAB_006" time="49.160"/>
  <system-out/>
  <testcase classname="visionRA.Test.RA_AlphaNumTab" name="ALP_TAB_007" time="39.031"/>
  <system-out/>
  <testcase classname="visionRA.Test.RA_AlphaNumTab" name="ALP_TAB_008" time="50.057"/>
  <system-out/>
  <testcase classname="visionRA.Test.RA_AlphaNumTab" name="ALP_TAB_009" time="50.622"/>
  <system-out/>
  <testcase classname="visionRA.Test.RA_AlphaNumTab" name="ALP_TAB_010" time="47.436"/>
  <system-out/>
  <testcase classname="visionRA.Test.RA_AlphaNumTab" name="ALP_TAB_014" time="45.684"/>
  <system-out/>
  <testcase classname="visionRA.Test.RA_AlphaNumTab" name="ALP_NUM_015" time="60.143"/>
  <system-out/>
  <testcase classname="visionRA.Test.RA_AlphaNumTab" name="ALP_NUM_016" time="60.183"/>
  <system-out/>
  <testcase classname="visionRA.Test.RA_AlphaNumTab" name="ALP_NUM_020" time="55.397"/>
  <system-out/>
  <testcase classname="visionRA.Test.RA_AlphaNumTab" name="ALP_NUM_023" time="54.080"/>
  <system-out/>
  <testcase classname="visionRA.Test.RA_AlphaNumTab" name="ALP_NUM_024" time="89.045"/>
  <system-out/>
  <testcase classname="visionRA.Test.RA_AlphaNumTab" name="ALP_NUM_025" time="48.717"/>
  <system-out/>
  <testcase classname="visionRA.Test.RA_AlphaNumTab" name="ALP_NUM_026" time="206.796"/>
  <system-out/>
  <testcase classname="visionRA.Test.RA_AlphaNumTab" name="ALP_NUM_027" time="182.031">
    <error message="no such element: Unable to locate element: {&quot;method&quot;:&quot;xpath&quot;,&quot;selector&quot;:&quot;//button[contains(text(),&#039;Yes&#039;)]&quot;}
  (Session info: chrome=128.0.6613.138)
For documentation on this error, please visit: https://www.selenium.dev/documentation/webdriver/troubleshooting/errors#no-such-element-exception
Build info: version: &#039;4.14.1&#039;, revision: &#039;03f8ede370&#039;
System info: os.name: &#039;Windows 10&#039;, os.arch: &#039;amd64&#039;, os.version: &#039;10.0&#039;, java.version: &#039;21.0.2&#039;
Driver info: org.openqa.selenium.chrome.ChromeDriver
Command: [edd25e1c033d7b3c0c7e649aa0c8481a, findElement {using=xpath, value=//button[contains(text(),&#039;Yes&#039;)]}]
Capabilities {acceptInsecureCerts: false, browserName: chrome, browserVersion: 128.0.6613.138, chrome: {chromedriverVersion: 128.0.6613.137 (fe621c5aa2d..., userDataDir: C:\Users\Welcome\AppData\Lo...}, fedcm:accounts: true, goog:chromeOptions: {debuggerAddress: localhost:62216}, networkConnectionEnabled: false, pageLoadStrategy: normal, platformName: windows, proxy: Proxy(), se:cdp: ws://localhost:62216/devtoo..., se:cdpVersion: 128.0.6613.138, setWindowRect: true, strictFileInteractability: false, timeouts: {implicit: 0, pageLoad: 300000, script: 30000}, unhandledPromptBehavior: dismiss and notify, webauthn:extension:credBlob: true, webauthn:extension:largeBlob: true, webauthn:extension:minPinLength: true, webauthn:extension:prf: true, webauthn:virtualAuthenticators: true}
Session ID: edd25e1c033d7b3c0c7e649aa0c8481a" type="org.openqa.selenium.NoSuchElementException">
      <![CDATA[org.openqa.selenium.NoSuchElementException: no such element: Unable to locate element: {"method":"xpath","selector":"//button[contains(text(),'Yes')]"}
  (Session info: chrome=128.0.6613.138)
For documentation on this error, please visit: https://www.selenium.dev/documentation/webdriver/troubleshooting/errors#no-such-element-exception
Build info: version: '4.14.1', revision: '03f8ede370'
System info: os.name: 'Windows 10', os.arch: 'amd64', os.version: '10.0', java.version: '21.0.2'
Driver info: org.openqa.selenium.chrome.ChromeDriver
Command: [edd25e1c033d7b3c0c7e649aa0c8481a, findElement {using=xpath, value=//button[contains(text(),'Yes')]}]
Capabilities {acceptInsecureCerts: false, browserName: chrome, browserVersion: 128.0.6613.138, chrome: {chromedriverVersion: 128.0.6613.137 (fe621c5aa2d..., userDataDir: C:\Users\Welcome\AppData\Lo...}, fedcm:accounts: true, goog:chromeOptions: {debuggerAddress: localhost:62216}, networkConnectionEnabled: false, pageLoadStrategy: normal, platformName: windows, proxy: Proxy(), se:cdp: ws://localhost:62216/devtoo..., se:cdpVersion: 128.0.6613.138, setWindowRect: true, strictFileInteractability: false, timeouts: {implicit: 0, pageLoad: 300000, script: 30000}, unhandledPromptBehavior: dismiss and notify, webauthn:extension:credBlob: true, webauthn:extension:largeBlob: true, webauthn:extension:minPinLength: true, webauthn:extension:prf: true, webauthn:virtualAuthenticators: true}
Session ID: edd25e1c033d7b3c0c7e649aa0c8481a
at java.base/jdk.internal.reflect.DirectConstructorHandleAccessor.newInstance(DirectConstructorHandleAccessor.java:62)
at java.base/java.lang.reflect.Constructor.newInstanceWithCaller(Constructor.java:502)
at java.base/java.lang.reflect.Constructor.newInstance(Constructor.java:486)
at org.openqa.selenium.remote.codec.w3c.W3CHttpResponseCodec.createException(W3CHttpResponseCodec.java:200)
at org.openqa.selenium.remote.codec.w3c.W3CHttpResponseCodec.decode(W3CHttpResponseCodec.java:133)
at org.openqa.selenium.remote.codec.w3c.W3CHttpResponseCodec.decode(W3CHttpResponseCodec.java:52)
at org.openqa.selenium.remote.HttpCommandExecutor.execute(HttpCommandExecutor.java:191)
at org.openqa.selenium.remote.service.DriverCommandExecutor.invokeExecute(DriverCommandExecutor.java:200)
at org.openqa.selenium.remote.service.DriverCommandExecutor.execute(DriverCommandExecutor.java:175)
at org.openqa.selenium.remote.RemoteWebDriver.execute(RemoteWebDriver.java:602)
at org.openqa.selenium.remote.ElementLocation$ElementFinder$2.findElement(ElementLocation.java:165)
at org.openqa.selenium.remote.ElementLocation.findElement(ElementLocation.java:59)
at org.openqa.selenium.remote.RemoteWebDriver.findElement(RemoteWebDriver.java:359)
at org.openqa.selenium.remote.RemoteWebDriver.findElement(RemoteWebDriver.java:353)
at visionRA.Test.RA_AlphaNumTab.ALP_NUM_027(RA_AlphaNumTab.java:1180)
at java.base/jdk.internal.reflect.DirectMethodHandleAccessor.invoke(DirectMethodHandleAccessor.java:103)
at java.base/java.lang.reflect.Method.invoke(Method.java:580)
at org.testng.internal.MethodInvocationHelper.invokeMethod(MethodInvocationHelper.java:133)
at org.testng.internal.TestInvoker.invokeMethod(TestInvoker.java:598)
at org.testng.internal.TestInvoker.invokeTestMethod(TestInvoker.java:173)
at org.testng.internal.MethodRunner.runInSequence(MethodRunner.java:46)
at org.testng.internal.TestInvoker$MethodInvocationAgent.invoke(TestInvoker.java:824)
at org.testng.internal.TestInvoker.invokeTestMethods(TestInvoker.java:146)
at org.testng.internal.TestMethodWorker.invokeTestMethods(TestMethodWorker.java:146)
at org.testng.internal.TestMethodWorker.run(TestMethodWorker.java:128)
at java.base/java.util.concurrent.ThreadPoolExecutor.runWorker(ThreadPoolExecutor.java:1144)
at java.base/java.util.concurrent.ThreadPoolExecutor$Worker.run(ThreadPoolExecutor.java:642)
at java.base/java.lang.Thread.run(Thread.java:1583)
]]>
    </error>
  </testcase> <!-- ALP_NUM_027 -->
  <system-out/>
</testsuite> <!-- visionRA.Test.RA_AlphaNumTab -->
