<?xml version="1.0" encoding="UTF-8"?>
<!-- Generated by org.testng.reporters.JUnitReportReporter -->
<testsuite hostname="DESKTOP-4JORBA0" failures="0" tests="5" name="Vision_ETL_v2.ETL_Connector_v1" time="76.456" errors="0" timestamp="2024-11-04T13:35:25 IST" skipped="3">
  <testcase classname="Vision_ETL_v2.ETL_Connector_v1" name="ETL_CC_001" time="29.298"/>
  <system-out/>
  <testcase classname="Vision_ETL_v2.ETL_Connector_v1" name="ETL_CC_005" time="47.158"/>
  <system-out/>
  <testcase classname="Vision_ETL_v2.ETL_Connector_v1" name="ETL_CC_002">
    <skipped/>
  </testcase> <!-- ETL_CC_002 -->
  <system-out/>
  <testcase classname="Vision_ETL_v2.ETL_Connector_v1" name="ETL_CC_003">
    <skipped/>
  </testcase> <!-- ETL_CC_003 -->
  <system-out/>
  <testcase classname="Vision_ETL_v2.ETL_Connector_v1" name="ETL_CC_004">
    <skipped/>
  </testcase> <!-- ETL_CC_004 -->
  <system-out/>
</testsuite> <!-- Vision_ETL_v2.ETL_Connector_v1 -->
