<?xml version="1.0" encoding="UTF-8"?>
<!-- Generated by org.testng.reporters.JUnitReportReporter -->
<testsuite hostname="DESKTOP-4JORBA0" failures="0" tests="1" name="visionETLGP.ETLTest.ETLFeedConfiguration" time="23.249" errors="0" timestamp="2024-04-09T13:00:04 IST" skipped="0">
  <testcase classname="visionETLGP.ETLTest.ETLFeedConfiguration" name="ETL_FC_037" time="23.249"/>
</testsuite> <!-- visionETLGP.ETLTest.ETLFeedConfiguration -->
