<?xml version="1.0" encoding="UTF-8"?>
<!-- Generated by org.testng.reporters.JUnitReportReporter -->
<testsuite hostname="DESKTOP-4JORBA0" failures="0" tests="1" name="visionDQ.Test.DQProfiler" time="16.209" errors="0" timestamp="2024-04-09T14:34:47 IST" skipped="0">
  <testcase classname="visionDQ.Test.DQProfiler" name="DQ_DE_011" time="16.209"/>
</testsuite> <!-- visionDQ.Test.DQProfiler -->
