<?xml version="1.0" encoding="UTF-8"?>
<!-- Generated by org.testng.reporters.JUnitReportReporter -->
<testsuite hostname="DESKTOP-4JORBA0" failures="0" tests="1" name="Vision_RA.Test.RA_TranslineConfig" time="65.172" errors="0" timestamp="2024-11-29T10:19:26 IST" skipped="0">
  <testcase classname="Vision_RA.Test.RA_TranslineConfig" name="VAT_TAS_DC_019" time="65.172"/>
  <system-out/>
</testsuite> <!-- Vision_RA.Test.RA_TranslineConfig -->
