<?xml version="1.0" encoding="UTF-8"?>
<!-- Generated by org.testng.reporters.JUnitReportReporter -->
<testsuite hostname="DESKTOP-4JORBA0" failures="0" tests="1" name="Vision_RA.Test.RA_FullTransLineConfigCreation" time="50.467" errors="0" timestamp="2025-01-15T19:03:25 IST" skipped="0">
  <testcase classname="Vision_RA.Test.RA_FullTransLineConfigCreation" name="VAT_TBF01" time="50.467"/>
  <system-out/>
</testsuite> <!-- Vision_RA.Test.RA_FullTransLineConfigCreation -->
