<?xml version="1.0" encoding="UTF-8"?>
<!-- Generated by org.testng.reporters.JUnitReportReporter -->
<testsuite hostname="DESKTOP-4JORBA0" failures="0" tests="2" name="visionRA.Test.Sample" time="107.505" errors="0" timestamp="2024-07-24T14:22:16 IST" skipped="0">
  <testcase classname="visionRA.Test.Sample" name="VAT_TAS_DC_024" time="59.405"/>
  <testcase classname="visionRA.Test.Sample" name="VAT_TAS_DC_025" time="48.100"/>
</testsuite> <!-- visionRA.Test.Sample -->
