<?xml version="1.0" encoding="UTF-8"?>
<!-- Generated by org.testng.reporters.JUnitReportReporter -->
<testsuite hostname="DESKTOP-4JORBA0" failures="0" tests="1" name="visionRA.Test.RA_TranslineConfig" time="37.742" errors="0" timestamp="2024-08-12T11:20:05 IST" skipped="0">
  <testcase classname="visionRA.Test.RA_TranslineConfig" name="VAT_TAS_DC_001" time="37.742"/>
  <system-out/>
</testsuite> <!-- visionRA.Test.RA_TranslineConfig -->
