<?xml version="1.0" encoding="UTF-8"?>
<!-- Generated by org.testng.reporters.JUnitReportReporter -->
<testsuite hostname="DESKTOP-4JORBA0" failures="0" tests="8" name="Vision_RA.Test.RA_MasterConfiguration" time="273.802" errors="1" timestamp="2024-11-26T19:19:50 IST" skipped="0">
  <testcase classname="Vision_RA.Test.RA_MasterConfiguration" name="RA_MC_001" time="29.688"/>
  <system-out/>
  <testcase classname="Vision_RA.Test.RA_MasterConfiguration" name="RA_MC_002" time="29.680"/>
  <system-out/>
  <testcase classname="Vision_RA.Test.RA_MasterConfiguration" name="RA_MC_003" time="32.729"/>
  <system-out/>
  <testcase classname="Vision_RA.Test.RA_MasterConfiguration" name="RA_MC_004" time="34.187"/>
  <system-out/>
  <testcase classname="Vision_RA.Test.RA_MasterConfiguration" name="RA_MC_013" time="30.000">
    <error message="element not interactable
  (Session info: chrome=130.0.6723.117)
Build info: version: &#039;4.14.1&#039;, revision: &#039;03f8ede370&#039;
System info: os.name: &#039;Windows 10&#039;, os.arch: &#039;amd64&#039;, os.version: &#039;10.0&#039;, java.version: &#039;21.0.2&#039;
Driver info: org.openqa.selenium.chrome.ChromeDriver
Command: [43226580f2069cd51c3743f7ec7f096c, clickElement {id=f.08AE381AAF8D8C86FE5AFEF41D6F9009.d.108C56EB77590AB16243E2201C9584A2.e.71}]
Capabilities {acceptInsecureCerts: false, browserName: chrome, browserVersion: 130.0.6723.117, chrome: {chromedriverVersion: 130.0.6723.116 (6ac35f94ae3..., userDataDir: C:\Users\Welcome\AppData\Lo...}, fedcm:accounts: true, goog:chromeOptions: {debuggerAddress: localhost:49681}, networkConnectionEnabled: false, pageLoadStrategy: normal, platformName: windows, proxy: Proxy(), se:cdp: ws://localhost:49681/devtoo..., se:cdpVersion: 130.0.6723.117, setWindowRect: true, strictFileInteractability: false, timeouts: {implicit: 0, pageLoad: 300000, script: 30000}, unhandledPromptBehavior: dismiss and notify, webauthn:extension:credBlob: true, webauthn:extension:largeBlob: true, webauthn:extension:minPinLength: true, webauthn:extension:prf: true, webauthn:virtualAuthenticators: true}
Element: [[ChromeDriver: chrome on windows (43226580f2069cd51c3743f7ec7f096c)] -&gt; xpath: //body/app-root[1]/app-main-container[1]/div[1]/div[2]/div[1]/app-transaction-line-module[1]/div[1]/div[1]/div[1]/div[1]/div[1]/div[2]/perfect-scrollbar[1]/div[1]/div[1]/div[2]/div[1]/div[6]/a[2]/i[1]]
Session ID: 43226580f2069cd51c3743f7ec7f096c" type="org.openqa.selenium.ElementNotInteractableException">
      <![CDATA[org.openqa.selenium.ElementNotInteractableException: element not interactable
  (Session info: chrome=130.0.6723.117)
Build info: version: '4.14.1', revision: '03f8ede370'
System info: os.name: 'Windows 10', os.arch: 'amd64', os.version: '10.0', java.version: '21.0.2'
Driver info: org.openqa.selenium.chrome.ChromeDriver
Command: [43226580f2069cd51c3743f7ec7f096c, clickElement {id=f.08AE381AAF8D8C86FE5AFEF41D6F9009.d.108C56EB77590AB16243E2201C9584A2.e.71}]
Capabilities {acceptInsecureCerts: false, browserName: chrome, browserVersion: 130.0.6723.117, chrome: {chromedriverVersion: 130.0.6723.116 (6ac35f94ae3..., userDataDir: C:\Users\Welcome\AppData\Lo...}, fedcm:accounts: true, goog:chromeOptions: {debuggerAddress: localhost:49681}, networkConnectionEnabled: false, pageLoadStrategy: normal, platformName: windows, proxy: Proxy(), se:cdp: ws://localhost:49681/devtoo..., se:cdpVersion: 130.0.6723.117, setWindowRect: true, strictFileInteractability: false, timeouts: {implicit: 0, pageLoad: 300000, script: 30000}, unhandledPromptBehavior: dismiss and notify, webauthn:extension:credBlob: true, webauthn:extension:largeBlob: true, webauthn:extension:minPinLength: true, webauthn:extension:prf: true, webauthn:virtualAuthenticators: true}
Element: [[ChromeDriver: chrome on windows (43226580f2069cd51c3743f7ec7f096c)] -> xpath: //body/app-root[1]/app-main-container[1]/div[1]/div[2]/div[1]/app-transaction-line-module[1]/div[1]/div[1]/div[1]/div[1]/div[1]/div[2]/perfect-scrollbar[1]/div[1]/div[1]/div[2]/div[1]/div[6]/a[2]/i[1]]
Session ID: 43226580f2069cd51c3743f7ec7f096c
at java.base/jdk.internal.reflect.DirectConstructorHandleAccessor.newInstance(DirectConstructorHandleAccessor.java:62)
at java.base/java.lang.reflect.Constructor.newInstanceWithCaller(Constructor.java:502)
at java.base/java.lang.reflect.Constructor.newInstance(Constructor.java:486)
at org.openqa.selenium.remote.codec.w3c.W3CHttpResponseCodec.createException(W3CHttpResponseCodec.java:200)
at org.openqa.selenium.remote.codec.w3c.W3CHttpResponseCodec.decode(W3CHttpResponseCodec.java:133)
at org.openqa.selenium.remote.codec.w3c.W3CHttpResponseCodec.decode(W3CHttpResponseCodec.java:52)
at org.openqa.selenium.remote.HttpCommandExecutor.execute(HttpCommandExecutor.java:191)
at org.openqa.selenium.remote.service.DriverCommandExecutor.invokeExecute(DriverCommandExecutor.java:200)
at org.openqa.selenium.remote.service.DriverCommandExecutor.execute(DriverCommandExecutor.java:175)
at org.openqa.selenium.remote.RemoteWebDriver.execute(RemoteWebDriver.java:602)
at org.openqa.selenium.remote.RemoteWebElement.execute(RemoteWebElement.java:224)
at org.openqa.selenium.remote.RemoteWebElement.click(RemoteWebElement.java:77)
at Vision_RA.Test.RA_MasterConfiguration.RA_MC_013(RA_MasterConfiguration.java:286)
at java.base/jdk.internal.reflect.DirectMethodHandleAccessor.invoke(DirectMethodHandleAccessor.java:103)
at java.base/java.lang.reflect.Method.invoke(Method.java:580)
at org.testng.internal.MethodInvocationHelper.invokeMethod(MethodInvocationHelper.java:133)
at org.testng.internal.TestInvoker.invokeMethod(TestInvoker.java:598)
at org.testng.internal.TestInvoker.invokeTestMethod(TestInvoker.java:173)
at org.testng.internal.MethodRunner.runInSequence(MethodRunner.java:46)
at org.testng.internal.TestInvoker$MethodInvocationAgent.invoke(TestInvoker.java:824)
at org.testng.internal.TestInvoker.invokeTestMethods(TestInvoker.java:146)
at org.testng.internal.TestMethodWorker.invokeTestMethods(TestMethodWorker.java:146)
at org.testng.internal.TestMethodWorker.run(TestMethodWorker.java:128)
at java.base/java.util.ArrayList.forEach(ArrayList.java:1596)
at org.testng.TestRunner.privateRun(TestRunner.java:794)
at org.testng.TestRunner.run(TestRunner.java:596)
at org.testng.SuiteRunner.runTest(SuiteRunner.java:377)
at org.testng.SuiteRunner.runSequentially(SuiteRunner.java:371)
at org.testng.SuiteRunner.privateRun(SuiteRunner.java:332)
at org.testng.SuiteRunner.run(SuiteRunner.java:276)
at org.testng.SuiteRunnerWorker.runSuite(SuiteRunnerWorker.java:53)
at org.testng.SuiteRunnerWorker.run(SuiteRunnerWorker.java:96)
at org.testng.TestNG.runSuitesSequentially(TestNG.java:1212)
at org.testng.TestNG.runSuitesLocally(TestNG.java:1134)
at org.testng.TestNG.runSuites(TestNG.java:1063)
at org.testng.TestNG.run(TestNG.java:1031)
at org.testng.remote.AbstractRemoteTestNG.run(AbstractRemoteTestNG.java:115)
at org.testng.remote.RemoteTestNG.initAndRun(RemoteTestNG.java:251)
at org.testng.remote.RemoteTestNG.main(RemoteTestNG.java:77)
]]>
    </error>
  </testcase> <!-- RA_MC_013 -->
  <system-out/>
  <testcase classname="Vision_RA.Test.RA_MasterConfiguration" name="RA_MC_012" time="46.659"/>
  <system-out/>
  <testcase classname="Vision_RA.Test.RA_MasterConfiguration" name="RA_MC_005" time="40.310"/>
  <system-out/>
  <testcase classname="Vision_RA.Test.RA_MasterConfiguration" name="RA_MC_007" time="30.549"/>
  <system-out/>
</testsuite> <!-- Vision_RA.Test.RA_MasterConfiguration -->
