<?xml version="1.0" encoding="UTF-8"?>
<!-- Generated by org.testng.reporters.JUnitReportReporter -->
<testsuite hostname="DESKTOP-4JORBA0" failures="0" tests="1" name="visionRA.Test.RA_BusinessLineConfig" time="52.441" errors="0" timestamp="2024-08-12T17:57:00 IST" skipped="0">
  <testcase classname="visionRA.Test.RA_BusinessLineConfig" name="VAT_BUS_DC_021" time="52.441"/>
  <system-out/>
</testsuite> <!-- visionRA.Test.RA_BusinessLineConfig -->
