<?xml version="1.0" encoding="UTF-8"?>
<!-- Generated by org.testng.reporters.JUnitReportReporter -->
<testsuite hostname="DESKTOP-4JORBA0" failures="0" tests="1" name="Vision_FTP.FTP_Groups" time="17.441" errors="0" timestamp="2025-04-08T14:12:25 IST" skipped="0">
  <testcase classname="Vision_FTP.FTP_Groups" name="FTP_GR_001" time="17.441"/>
  <system-out/>
</testsuite> <!-- Vision_FTP.FTP_Groups -->
