<?xml version="1.0" encoding="UTF-8"?>
<!-- Generated by org.testng.reporters.JUnitReportReporter -->
<testsuite hostname="DESKTOP-4JORBA0" failures="0" tests="1" name="visionETL.Test.ETLLandingPage" time="30.405" errors="0" timestamp="2024-10-07T14:04:57 IST" skipped="0">
  <testcase classname="visionETL.Test.ETLLandingPage" name="ETL_LP_035" time="30.405"/>
  <system-out/>
</testsuite> <!-- visionETL.Test.ETLLandingPage -->
