<?xml version="1.0" encoding="UTF-8"?>
<!-- Generated by org.testng.reporters.JUnitReportReporter -->
<testsuite hostname="DESKTOP-4JORBA0" failures="0" tests="1" name="visionRA.Test.RA_ConcessionActivityConfig" time="36.843" errors="0" timestamp="2024-02-28T12:21:30 IST" skipped="0">
  <testcase classname="visionRA.Test.RA_ConcessionActivityConfig" name="CON_AC_008" time="36.843"/>
</testsuite> <!-- visionRA.Test.RA_ConcessionActivityConfig -->
