<?xml version="1.0" encoding="UTF-8"?>
<!-- Generated by org.testng.reporters.JUnitReportReporter -->
<testsuite hostname="DESKTOP-4JORBA0" failures="0" tests="1" name="visionRA.Test.Sample" time="9.225" errors="0" timestamp="2024-02-16T18:06:39 IST" skipped="0">
  <testcase classname="visionRA.Test.Sample" name="CON_DC_011" time="9.225"/>
</testsuite> <!-- visionRA.Test.Sample -->
