<?xml version="1.0" encoding="UTF-8"?>
<!-- Generated by org.testng.reporters.JUnitReportReporter -->
<testsuite hostname="DESKTOP-4JORBA0" failures="0" tests="1" name="visionRA.Test.FullTransLineConfigCreation" time="294.295" errors="0" timestamp="2024-02-07T16:13:37 IST" skipped="0">
  <testcase classname="visionRA.Test.FullTransLineConfigCreation" name="VAT_TTBF01" time="294.295"/>
</testsuite> <!-- visionRA.Test.FullTransLineConfigCreation -->
