<?xml version="1.0" encoding="UTF-8"?>
<!-- Generated by org.testng.reporters.JUnitReportReporter -->
<testsuite hostname="DESKTOP-4JORBA0" failures="0" tests="1" name="visionRA.Test.RA_ConcessionConfig" time="28.696" errors="0" timestamp="2024-03-04T12:10:57 IST" skipped="0">
  <testcase classname="visionRA.Test.RA_ConcessionConfig" name="CON_DC_005" time="28.696"/>
</testsuite> <!-- visionRA.Test.RA_ConcessionConfig -->
