<?xml version="1.0" encoding="UTF-8"?>
<!-- Generated by org.testng.reporters.JUnitReportReporter -->
<testsuite hostname="DESKTOP-4JORBA0" failures="0" tests="17" name="Vision_RA.Test.RA_ReconConfiguration" time="926.287" errors="0" timestamp="2024-12-03T16:48:25 IST" skipped="0">
  <testcase classname="Vision_RA.Test.RA_ReconConfiguration" name="RA_RC_001" time="29.706"/>
  <system-out/>
  <testcase classname="Vision_RA.Test.RA_ReconConfiguration" name="RA_RC_002" time="32.370"/>
  <system-out/>
  <testcase classname="Vision_RA.Test.RA_ReconConfiguration" name="RA_RC_003" time="34.808"/>
  <system-out/>
  <testcase classname="Vision_RA.Test.RA_ReconConfiguration" name="RA_RC_006" time="33.519"/>
  <system-out/>
  <testcase classname="Vision_RA.Test.RA_ReconConfiguration" name="RA_RC_007" time="35.101"/>
  <system-out/>
  <testcase classname="Vision_RA.Test.RA_ReconConfiguration" name="RA_RC_008" time="35.091"/>
  <system-out/>
  <testcase classname="Vision_RA.Test.RA_ReconConfiguration" name="RA_RC_009" time="37.250"/>
  <system-out/>
  <testcase classname="Vision_RA.Test.RA_ReconConfiguration" name="RA_RC_010" time="48.237"/>
  <system-out/>
  <testcase classname="Vision_RA.Test.RA_ReconConfiguration" name="RA_RC_011" time="38.708"/>
  <system-out/>
  <testcase classname="Vision_RA.Test.RA_ReconConfiguration" name="RA_RC_012" time="41.815"/>
  <system-out/>
  <testcase classname="Vision_RA.Test.RA_ReconConfiguration" name="RA_RC_013" time="31.620"/>
  <system-out/>
  <testcase classname="Vision_RA.Test.RA_ReconConfiguration" name="RA_RC_014" time="33.444"/>
  <system-out/>
  <testcase classname="Vision_RA.Test.RA_ReconConfiguration" name="RA_RC_015" time="332.824"/>
  <system-out/>
  <testcase classname="Vision_RA.Test.RA_ReconConfiguration" name="RA_RC_018" time="35.613"/>
  <system-out/>
  <testcase classname="Vision_RA.Test.RA_ReconConfiguration" name="RA_RC_019" time="44.151"/>
  <system-out/>
  <testcase classname="Vision_RA.Test.RA_ReconConfiguration" name="RA_RC_022" time="45.616"/>
  <system-out/>
  <testcase classname="Vision_RA.Test.RA_ReconConfiguration" name="RA_RC_023" time="36.414"/>
  <system-out/>
</testsuite> <!-- Vision_RA.Test.RA_ReconConfiguration -->
