<?xml version="1.0" encoding="UTF-8"?>
<!-- Generated by org.testng.reporters.JUnitReportReporter -->
<testsuite hostname="DESKTOP-4JORBA0" failures="0" tests="19" name="Vision_RA.Test.RA_BusinessLineConfig" time="1446.906" errors="0" timestamp="2024-11-26T19:19:50 IST" skipped="0">
  <testcase classname="Vision_RA.Test.RA_BusinessLineConfig" name="VAT_BUS_DC_001" time="46.005"/>
  <system-out/>
  <testcase classname="Vision_RA.Test.RA_BusinessLineConfig" name="VAT_BUS_DC_002" time="45.604"/>
  <system-out/>
  <testcase classname="Vision_RA.Test.RA_BusinessLineConfig" name="VAT_BUS_DC_003" time="62.776"/>
  <system-out/>
  <testcase classname="Vision_RA.Test.RA_BusinessLineConfig" name="VAT_BUS_DC_004" time="80.356"/>
  <system-out/>
  <testcase classname="Vision_RA.Test.RA_BusinessLineConfig" name="VAT_BUS_DC_005" time="97.102"/>
  <system-out/>
  <testcase classname="Vision_RA.Test.RA_BusinessLineConfig" name="VAT_BUS_DC_006" time="129.894"/>
  <system-out/>
  <testcase classname="Vision_RA.Test.RA_BusinessLineConfig" name="VAT_BUS_DC_009" time="149.003"/>
  <system-out/>
  <testcase classname="Vision_RA.Test.RA_BusinessLineConfig" name="VAT_BUS_DC_008" time="196.780"/>
  <system-out/>
  <testcase classname="Vision_RA.Test.RA_BusinessLineConfig" name="VAT_BUS_DC_010" time="43.883"/>
  <system-out/>
  <testcase classname="Vision_RA.Test.RA_BusinessLineConfig" name="VAT_BUS_DC_013" time="56.609"/>
  <system-out/>
  <testcase classname="Vision_RA.Test.RA_BusinessLineConfig" name="VAT_BUS_DC_014" time="48.692"/>
  <system-out/>
  <testcase classname="Vision_RA.Test.RA_BusinessLineConfig" name="VAT_BUS_DC_012" time="101.561"/>
  <system-out/>
  <testcase classname="Vision_RA.Test.RA_BusinessLineConfig" name="VAT_BUS_DC_015" time="37.211"/>
  <system-out/>
  <testcase classname="Vision_RA.Test.RA_BusinessLineConfig" name="VAT_BUS_DC_016" time="51.739"/>
  <system-out/>
  <testcase classname="Vision_RA.Test.RA_BusinessLineConfig" name="VAT_BUS_DC_017" time="95.667"/>
  <system-out/>
  <testcase classname="Vision_RA.Test.RA_BusinessLineConfig" name="VAT_BUS_DC_020" time="68.683"/>
  <system-out/>
  <testcase classname="Vision_RA.Test.RA_BusinessLineConfig" name="VAT_BUS_DC_021" time="40.669"/>
  <system-out/>
  <testcase classname="Vision_RA.Test.RA_BusinessLineConfig" name="VAT_BUS_DC_019" time="45.971"/>
  <system-out/>
  <testcase classname="Vision_RA.Test.RA_BusinessLineConfig" name="VAT_BUS_DC_007" time="48.701"/>
  <system-out/>
</testsuite> <!-- Vision_RA.Test.RA_BusinessLineConfig -->
