<?xml version="1.0" encoding="UTF-8"?>
<!-- Generated by org.testng.reporters.JUnitReportReporter -->
<testsuite hostname="DESKTOP-4JORBA0" failures="0" tests="2" name="visionETL.Test.ETL_Category" time="28.973" errors="0" timestamp="2024-08-12T11:06:08 IST" skipped="1">
  <testcase classname="visionETL.Test.ETL_Category" name="ETL_CT_002" time="28.973"/>
  <system-out/>
  <testcase classname="visionETL.Test.ETL_Category" name="ETL_CT_001">
    <skipped/>
  </testcase> <!-- ETL_CT_001 -->
  <system-out/>
</testsuite> <!-- visionETL.Test.ETL_Category -->
