<?xml version="1.0" encoding="UTF-8"?>
<!-- Generated by org.testng.reporters.JUnitReportReporter -->
<testsuite hostname="DESKTOP-4JORBA0" failures="0" tests="1" name="Vision_RA.Test.RA_ReconConfiguration" time="21.618" errors="0" timestamp="2024-12-12T14:45:17 IST" skipped="0">
  <testcase classname="Vision_RA.Test.RA_ReconConfiguration" name="RA_RC_001" time="21.618"/>
  <system-out/>
</testsuite> <!-- Vision_RA.Test.RA_ReconConfiguration -->
