<?xml version="1.0" encoding="UTF-8"?>
<!-- Generated by org.testng.reporters.JUnitReportReporter -->
<testsuite hostname="DESKTOP-4JORBA0" failures="0" tests="1" name="Vision_RA.Test.RA_AlphaNumTab" time="73.600" errors="0" timestamp="2024-12-05T10:57:34 IST" skipped="0">
  <testcase classname="Vision_RA.Test.RA_AlphaNumTab" name="ALP_NUM_024" time="73.600"/>
  <system-out/>
</testsuite> <!-- Vision_RA.Test.RA_AlphaNumTab -->
