<?xml version="1.0" encoding="UTF-8"?>
<!-- Generated by org.testng.reporters.JUnitReportReporter -->
<testsuite hostname="DESKTOP-4JORBA0" failures="0" tests="1" name="visionRA.Test.RA_VarianceFlagging" time="55.983" errors="0" timestamp="2024-06-04T11:15:55 IST" skipped="0">
  <testcase classname="visionRA.Test.RA_VarianceFlagging" name="FG_CF_002" time="55.983"/>
</testsuite> <!-- visionRA.Test.RA_VarianceFlagging -->
