<?xml version="1.0" encoding="UTF-8"?>
<!-- Generated by org.testng.reporters.JUnitReportReporter -->
<testsuite hostname="DESKTOP-4JORBA0" failures="0" tests="13" name="Vision_RA.Test.RA_MasterConfiguration" time="721.315" errors="0" timestamp="2024-12-03T16:48:25 IST" skipped="0">
  <testcase classname="Vision_RA.Test.RA_MasterConfiguration" name="RA_MC_001" time="26.731"/>
  <system-out/>
  <testcase classname="Vision_RA.Test.RA_MasterConfiguration" name="RA_MC_002" time="26.706"/>
  <system-out/>
  <testcase classname="Vision_RA.Test.RA_MasterConfiguration" name="RA_MC_003" time="34.863"/>
  <system-out/>
  <testcase classname="Vision_RA.Test.RA_MasterConfiguration" name="RA_MC_004" time="31.505"/>
  <system-out/>
  <testcase classname="Vision_RA.Test.RA_MasterConfiguration" name="RA_MC_013" time="50.304"/>
  <system-out/>
  <testcase classname="Vision_RA.Test.RA_MasterConfiguration" name="RA_MC_012" time="45.074"/>
  <system-out/>
  <testcase classname="Vision_RA.Test.RA_MasterConfiguration" name="RA_MC_005" time="28.137"/>
  <system-out/>
  <testcase classname="Vision_RA.Test.RA_MasterConfiguration" name="RA_MC_007" time="34.412"/>
  <system-out/>
  <testcase classname="Vision_RA.Test.RA_MasterConfiguration" name="RA_MC_015" time="167.004"/>
  <system-out/>
  <testcase classname="Vision_RA.Test.RA_MasterConfiguration" name="RA_MC_014" time="158.337"/>
  <system-out/>
  <testcase classname="Vision_RA.Test.RA_MasterConfiguration" name="RA_MC_016" time="47.351"/>
  <system-out/>
  <testcase classname="Vision_RA.Test.RA_MasterConfiguration" name="RA_MC_017" time="49.472"/>
  <system-out/>
  <testcase classname="Vision_RA.Test.RA_MasterConfiguration" name="RA_MC_020" time="21.419"/>
  <system-out/>
</testsuite> <!-- Vision_RA.Test.RA_MasterConfiguration -->
